				;
				;	Disassembled by:
				;		DASMx object code disassembler
				;		(c) Copyright 1996-2003   Conquest Consultants
				;		Version 1.40 (Oct 18 2003)
				;
				;	File:		flex10-1.bin
				;
				;	Size:		3840 bytes
				;	Checksum:	E593
				;	CRC-32:		C48AA345
				;
				;	Date:		Fri Mar 11 20:54:01 2022
				;
				;	CPU:		Motorola 6800 (6800/6802/6808 family)
				;
				;
				;
70B5 : 46 4C 45				fcb	"FLEX 1.0",$04
70BE : 2B 2B 2B		"++"		fcb	"+++",$04
70C2 : 3F 3F 3F		"?"		fcb	"???",$04
				;
70C6				L70C6:
70C6 : 57		"W"		fcb	"WHAT?",$04
70CC : 4E		" N"		fcb	"NO LINK",$04
70D4 : 4E				fcb	"NOT THERE",$04				;
70DE : 44		"D"		fcb	"DISK ERROR #",$04
				;
70EB				L70EB:
70EB : 47		"G"		fcb	"GET",$00
					fdb	$754E

70F1 : 4D		"M"		fcb	"MON",$00
70F5 : E0 D0				fdb	$E0D0

					fcb	$00,$27,$10,$03,$e8,$00,$64,$00,$0A

					org	$7100
				;
7100 : 7E 71 45		"~qE"		jmp	L7145
7103				L7103:
7103 : 7E 71 5D		"~q]"		jmp	L715D
7106 : 7E 71 94		"~q "		jmp	L7194
7109				L7109:
7109 : 7E E1 AC		"~  "		jmp	LE1AC		;inCh
710C				L710C:
710C : 7E E1 D1		"~  "		jmp	LE1D1		;outCh
710F : 7E 72 B9		"~r "		jmp	L72B9
7112 : 7E 72 C4		"~r "		jmp	L72C4
7115 : 7E 72 1A		"~r "		jmp	L721A
7118 : 7E 72 51		"~rQ"		jmp	L7251
711B : 7E 73 70		"~sp"		jmp	L7370
711E : 7E 72 78		"~rx"		jmp	L7278
7121 : 7E 73 8F		"~s "		jmp	L738F
7124 : 7E 71 CD		"~q "		jmp	L71CD
7127 : 7E 73 AC		"~s "		jmp	L73AC
712A : 7E 74 E0		"~t "		jmp	L74E0
712D : 7E 74 4B		"~tK"		jmp	L744B
7130 : 7E 74 CE		"~t "		jmp	L74CE
7133 : 7E 73 06		"~s "		jmp	L7306
7136				L7136:
7136 : 7E E1 D1		"~  "		jmp	LE1D1		;outCh
7139 : 7E 73 57		"~sW"		jmp	L7357
713C : 7E 75 BC		"~u "		jmp	L75BC
713F : 7E 74 89		"~t "		jmp	L7489
7142 : 7E 75 DD		"~u "		jmp	L75DD
				;
7145				L7145:
7145 : 8E A0 7F		"   "		lds	#$A07F
7148 : CE 70 B5		" p "		ldx	#$70B5
714B : BD 72 51		" rQ"		jsr	L7251
714E : BD 72 78		" rx"		jsr	L7278
7151				L7151:
7151 : 7F 70 91		" p "		clr	X7091
7154 : BD 78 00		" x "		jsr	L7800
7157 : 7F 70 A5		" p "		clr	X70A5
715A : BD 75 FF		" u "		jsr	L75FF
715D				L715D:
715D : 8E A0 7F		"   "		lds	#$A07F
7160 : CE 71 03		" q "		ldx	#$7103
7163 : FF A0 48		"  H"		stx	XA048
7166 : FF 70 96		" p "		stx	X7096
7169 : FF A0 0C		"   "		stx	XA00C
716C : 7F 70 B3		" p "		clr	X70B3
716F : 8D 5C		" \"		bsr	L71CD
7171 : B6 70 91		" p "		ldaa	X7091
7174 : B1 70 82		" p "		cmpa	X7082
7177 : 26 05		"& "		bne	L717E
7179 : 7C 70 95		"|p "		inc	X7095
717C : 20 16		"  "		bra	L7194
				;
717E				L717E:
717E : 7D 70 A5		"}p "		tst	X70A5
7181 : 27 03		"' "		beq	L7186
7183 : 7E 75 F1		"~u "		jmp	L75F1
				;
7186				L7186:
7186 : BD 78 03		" x "		jsr	L7803
7189 : 26 C6		"& "		bne	L7151
718B : CE 70 BE		" p "		ldx	#$70BE
718E : BD 72 51		" rQ"		jsr	L7251
7191 : BD 72 1A		" r "		jsr	L721A
7194				L7194:
7194 : BD 74 35		" t5"		jsr	L7435
7197 : 81 0D		"  "		cmpa	#$0D
7199 : 27 E3		"' "		beq	L717E
719B				L719B:
719B : CE 77 40		" w@"		ldx	#$7740
719E : 7C 70 8D		"|p "		inc	X708D
71A1 : BD 73 AC		" s "		jsr	L73AC
71A4 : 25 17		"% "		bcs	L71BD
71A6 : CE 70 EB		" p "		ldx	#$70EB
71A9 : 8D 2C		" ,"		bsr	L71D7
71AB : 27 09		"' "		beq	L71B6
71AD : FE 70 92		" p "		ldx	X7092
71B0 : 27 08		"' "		beq	L71BA
71B2 : 8D 23		" #"		bsr	L71D7
71B4 : 26 04		"& "		bne	L71BA
71B6				L71B6:
71B6 : EE 01		"  "		ldx	$01,x
71B8 : 6E 00		"n "		jmp	$00,x						;INFO: index jump
				;
71BA				L71BA:
71BA : BD 75 6F		" uo"		jsr	L756F
71BD				L71BD:
71BD : CE 70 C6		" p "		ldx	#$70C6
71C0 : 86 15		"  "		ldaa	#$15
71C2				L71C2:
71C2 : B7 70 A2		" p "		staa	X70A2
71C5				L71C5:
71C5 : BD 72 51		" rQ"		jsr	L7251
71C8				L71C8:
71C8 : 7F 70 91		" p "		clr	X7091
71CB : 20 90		"  "		bra	L715D
				;
71CD				L71CD:
71CD : FE 71 37		" q7"		ldx	X7137
71D0 : FF 71 0D		" q "		stx	X710D
71D3 : 7F 70 A3		" p "		clr	X70A3
71D6 : 39		"9"		rts
				;
71D7				L71D7:
71D7 : FF 70 A7		" p "		stx	X70A7
71DA : CE 77 44		" wD"		ldx	#$7744
71DD				L71DD:
71DD : A6 00		"  "		ldaa	$00,x
71DF : 81 5F		" _"		cmpa	#$5F
71E1 : 23 02		"# "		bls	L71E5
71E3 : 80 20		"  "		suba	#$20
71E5				L71E5:
71E5 : FF 70 AB		" p "		stx	X70AB
71E8 : FE 70 A7		" p "		ldx	X70A7
71EB : A1 00		"  "		cmpa	$00,x
71ED : 26 1B		"& "		bne	L720A
71EF : 08		" "		inx
71F0 : FF 70 A7		" p "		stx	X70A7
71F3 : 6D 00		"m "		tst	$00,x
71F5 : 26 0D		"& "		bne	L7204
71F7 : FE 70 AB		" p "		ldx	X70AB
71FA : A6 01		"  "		ldaa	$01,x
71FC : FE 70 A7		" p "		ldx	X70A7
71FF : 4D		"M"		tsta
7200 : 27 17		"' "		beq	L7219
7202 : 20 06		"  "		bra	L720A
				;
7204				L7204:
7204 : FE 70 AB		" p "		ldx	X70AB
7207 : 08		" "		inx
7208 : 20 D3		"  "		bra	L71DD
				;
720A				L720A:
720A : 08		" "		inx
720B : 6D 00		"m "		tst	$00,x
720D : 26 FB		"& "		bne	L720A
720F : 08		" "		inx
7210 : 08		" "		inx
7211 : 08		" "		inx
7212 : 6D 00		"m "		tst	$00,x
7214 : 26 C1		"& "		bne	L71D7
7216 : 8C 00 00		"   "		cpx	#$0000
7219				L7219:
7219 : 39		"9"		rts
				;
721A				L721A:
721A : CE 70 00		" p "		ldx	#$7000
721D : FF 70 94		" p "		stx	X7094
7220				L7220:
7220 : BD 72 B9		" r "		jsr	L72B9
7223 : B1 70 81		" p "		cmpa	X7081
7226 : 27 1A		"' "		beq	L7242
7228 : B1 70 80		" p "		cmpa	X7080
722B : 27 1C		"' "		beq	L7249
722D : 81 0D		"  "		cmpa	#$0D
722F : 27 09		"' "		beq	L723A
7231 : 81 1F		"  "		cmpa	#$1F
7233 : 23 EB		"# "		bls	L7220
7235 : 8C 70 7F		" p "		cpx	#$707F
7238 : 27 E6		"' "		beq	L7220
723A				L723A:
723A : A7 00		"  "		staa	$00,x
723C : 08		" "		inx
723D : 81 0D		"  "		cmpa	#$0D
723F : 26 DF		"& "		bne	L7220
7241 : 39		"9"		rts
				;
7242				L7242:
7242 : CE 70 C2		" p "		ldx	#$70C2
7245 : 8D 0A		"  "		bsr	L7251
7247 : 20 D1		"  "		bra	L721A
				;
7249				L7249:
7249 : 8C 70 00		" p "		cpx	#$7000
724C : 27 F4		"' "		beq	L7242
724E : 09		" "		dex
724F : 20 CF		"  "		bra	L7220
				;
7251				L7251:
7251 : 8D 25		" %"		bsr	L7278
7253				L7253:
7253 : A6 00		"  "		ldaa	$00,x
7255 : 81 04		"  "		cmpa	#$04
7257 : 27 5E		"'^"		beq	L72B7
7259 : 8D 69		" i"		bsr	L72C4
725B : 08		" "		inx
725C : 20 F5		"  "		bra	L7253
				;
725E				L725E:
725E : 7F 70 9B		" p "		clr	X709B
7261 : 7F 70 A4		" p "		clr	X70A4
7264				L7264:
7264 : BD 71 09		" q "		jsr	L7109
7267 : B1 70 8A		" p "		cmpa	X708A
726A : 27 4B		"'K"		beq	L72B7
726C : 81 0D		"  "		cmpa	#$0D
726E : 26 F4		"& "		bne	L7264
7270 : 7F 70 91		" p "		clr	X7091
7273 : FE 70 96		" p "		ldx	X7096
7276 : 6E 00		"n "		jmp	$00,x						;INFO: index jump
				;
7278				L7278:
7278 : 7D 70 A4		"}p "		tst	X70A4
727B : 27 02		"' "		beq	L727F
727D : 8D DF		"  "		bsr	L725E
727F				L727F:
727F : B6 70 83		" p "		ldaa	X7083
7282 : 27 1E		"' "		beq	L72A2
7284 : B1 70 9B		" p "		cmpa	X709B
7287 : 22 16		"" "		bhi	L729F
7289 : 7F 70 9B		" p "		clr	X709B
728C : 7D 70 89		"}p "		tst	X7089
728F : 27 02		"' "		beq	L7293
7291 : 8D CB		"  "		bsr	L725E
7293				L7293:
7293 : 37		"7"		pshb
7294 : F6 70 88		" p "		ldab	X7088
7297 : 27 05		"' "		beq	L729E
7299				L7299:
7299 : 8D 07		"  "		bsr	L72A2
729B : 5A		"Z"		decb
729C : 26 FB		"& "		bne	L7299
729E				L729E:
729E : 33		"3"		pulb
729F				L729F:
729F : 7C 70 9B		"|p "		inc	X709B
72A2				L72A2:
72A2 : 86 0D		"  "		ldaa	#$0D
72A4 : 8D 1E		"  "		bsr	L72C4
72A6 : 86 0A		"  "		ldaa	#$0A
72A8 : 8D 1A		"  "		bsr	L72C4
72AA : 37		"7"		pshb
72AB : F6 70 85		" p "		ldab	X7085
72AE : 27 06		"' "		beq	L72B6
72B0				L72B0:
72B0 : 4F		"O"		clra
72B1 : 8D 11		"  "		bsr	L72C4
72B3 : 5A		"Z"		decb
72B4 : 26 FA		"& "		bne	L72B0
72B6				L72B6:
72B6 : 33		"3"		pulb
72B7				L72B7:
72B7 : 0C		" "		clc
72B8 : 39		"9"		rts
				;
72B9				L72B9:
72B9 : BD 71 09		" q "		jsr	L7109
72BC : 7F 70 9B		" p "		clr	X709B
72BF : 7D 70 87		"}p "		tst	X7087
72C2 : 26 41		"&A"		bne	L7305
72C4				L72C4:
72C4 : 81 1F		"  "		cmpa	#$1F
72C6 : 22 05		"" "		bhi	L72CD
72C8 : 7F 70 A6		" p "		clr	X70A6
72CB : 20 14		"  "		bra	L72E1
				;
72CD				L72CD:
72CD : 7C 70 A6		"|p "		inc	X70A6
72D0 : 36		"6"		psha
72D1 : B6 70 84		" p "		ldaa	X7084
72D4 : 27 0A		"' "		beq	L72E0
72D6 : B1 70 A6		" p "		cmpa	X70A6
72D9 : 24 05		"$ "		bcc	L72E0
72DB : 8D 9B		"  "		bsr	L7278
72DD : 7C 70 A6		"|p "		inc	X70A6
72E0				L72E0:
72E0 : 32		"2"		pula
72E1				L72E1:
72E1 : 36		"6"		psha
72E2 : B6 80 04		"   "		ldaa	SIOCSR		;character received?
72E5 : 44		"D"		lsra		
72E6				X72E6:
72E6 : 24 0D		"$ "		bcc	L72F5		;no	
72E8 : B6 80 05		"   "		ldaa	SIODR		;else, load it
72EB : 84 7F		"  "		anda	#$7F
72ED : B1 70 8A		" p "		cmpa	X708A
72F0 : 26 03		"& "		bne	L72F5
72F2 : 7C 70 A4		"|p "		inc	X70A4
72F5				L72F5:
72F5 : 32		"2"		pula
72F6 : 36		"6"		psha
72F7 : 7D 70 A3		"}p "		tst	X70A3
72FA : 26 05		"& "		bne	L7301
72FC : BD 71 0C		" q "		jsr	L710C
72FF : 20 03		"  "		bra	L7304
				;
7301				L7301:
7301 : BD 71 36		" q6"		jsr	L7136
7304				L7304:
7304 : 32		"2"		pula
7305				L7305:
7305 : 39		"9"		rts
				;
7306				L7306:
7306 : 7F 70 B1		" p "		clr	X70B1
7309 : F7 70 9E		" p "		stab	X709E
730C : 86 04		"  "		ldaa	#$04
730E : B7 70 B4		" p "		staa	X70B4
7311 : A6 00		"  "		ldaa	$00,x
7313 : E6 01		"  "		ldab	$01,x
7315 : CE 70 F8		" p "		ldx	#$70F8
7318				L7318:
7318 : 8D 0A		"  "		bsr	L7324
731A : 08		" "		inx
731B : 08		" "		inx
731C : 7A 70 B4		"zp "		dec	X70B4
731F : 26 F7		"& "		bne	L7318
7321 : 17		" "		tba
7322 : 20 3F		" ?"		bra	L7363
				;
7324				L7324:
7324 : 7F 70 B2		" p "		clr	X70B2
7327				L7327:
7327 : A1 00		"  "		cmpa	$00,x
7329 : 25 0F		"% "		bcs	L733A
732B : 22 04		"" "		bhi	L7331
732D : E1 01		"  "		cmpb	$01,x
732F : 25 09		"% "		bcs	L733A
7331				L7331:
7331 : E0 01		"  "		subb	$01,x
7333 : A2 00		"  "		sbca	$00,x
7335 : 7C 70 B2		"|p "		inc	X70B2
7338 : 20 ED		"  "		bra	L7327
				;
733A				L733A:
733A : 36		"6"		psha
733B : B6 70 B2		" p "		ldaa	X70B2
733E : 26 10		"& "		bne	L7350
7340 : 7D 70 B1		"}p "		tst	X70B1
7343 : 26 0B		"& "		bne	L7350
7345 : 7D 70 9E		"}p "		tst	X709E
7348 : 27 0B		"' "		beq	L7355
734A : 86 20		"  "		ldaa	#$20
734C : 8D 1F		"  "		bsr	L736D
734E : 20 05		"  "		bra	L7355
				;
7350				L7350:
7350 : 7C 70 B1		"|p "		inc	X70B1
7353 : 8D 0E		"  "		bsr	L7363
7355				L7355:
7355 : 32		"2"		pula
7356 : 39		"9"		rts
				;
7357				L7357:
7357 : A6 00		"  "		ldaa	$00,x
7359 : 8D 04		"  "		bsr	L735F
735B : A6 00		"  "		ldaa	$00,x
735D : 20 04		"  "		bra	L7363
				;
735F				L735F:
735F : 44		"D"		lsra
7360 : 44		"D"		lsra
7361 : 44		"D"		lsra
7362 : 44		"D"		lsra
7363				L7363:
7363 : 84 0F		"  "		anda	#$0F
7365 : 8B 30		" 0"		adda	#$30
7367 : 81 39		" 9"		cmpa	#$39
7369 : 23 02		"# "		bls	L736D
736B : 8B 07		"  "		adda	#$07
736D				L736D:
736D : 7E 72 C4		"~r "		jmp	L72C4
				;
7370				L7370:
7370 : 81 30		" 0"		cmpa	#$30
7372 : 25 14		"% "		bcs	L7388
7374 : 81 39		" 9"		cmpa	#$39
7376 : 23 15		"# "		bls	L738D
7378 : 81 41		" A"		cmpa	#$41
737A : 25 0C		"% "		bcs	L7388
737C : 81 5A		" Z"		cmpa	#$5A
737E : 23 0D		"# "		bls	L738D
7380 : 81 61		" a"		cmpa	#$61
7382 : 25 04		"% "		bcs	L7388
7384 : 81 7A		" z"		cmpa	#$7A
7386 : 23 05		"# "		bls	L738D
7388				L7388:
7388 : 0D		" "		sec
7389 : B7 70 91		" p "		staa	X7091
738C : 39		"9"		rts
				;
738D				L738D:
738D : 0C		" "		clc
738E : 39		"9"		rts
				;
738F				L738F:
738F : FF 70 A7		" p "		stx	X70A7
7392 : FE 70 94		" p "		ldx	X7094
7395 : A6 00		"  "		ldaa	$00,x
7397 : B7 70 9A		" p "		staa	X709A
739A : 81 0D		"  "		cmpa	#$0D
739C : 27 09		"' "		beq	L73A7
739E : B1 70 82		" p "		cmpa	X7082
73A1 : 27 04		"' "		beq	L73A7
73A3 : 08		" "		inx
73A4 : FF 70 94		" p "		stx	X7094
73A7				L73A7:
73A7 : FE 70 A7		" p "		ldx	X70A7
73AA : 20 C4		"  "		bra	L7370
				;
73AC				L73AC:
73AC : 86 FF		"  "		ldaa	#$FF
73AE : A7 03		"  "		staa	$03,x
73B0 : 6F 04		"o "		clr	$04,x
73B2 : 6F 0C		"o "		clr	$0C,x
73B4 : 8D 7F		"  "		bsr	L7435
73B6 : 86 08		"  "		ldaa	#$08
73B8 : B7 70 B2		" p "		staa	X70B2
73BB : 8D 32		" 2"		bsr	L73EF
73BD : 25 2F		"%/"		bcs	L73EE
73BF : 26 0F		"& "		bne	L73D0
73C1 : 8D 2C		" ,"		bsr	L73EF
73C3 : 25 29		"%)"		bcs	L73EE
73C5 : 26 09		"& "		bne	L73D0
73C7 : BC 70 A9		" p "		cpx	X70A9
73CA : 27 5E		"'^"		beq	L742A
73CC : 8D 21		" !"		bsr	L73EF
73CE : 23 5A		"#Z"		bls	L742A
73D0				L73D0:
73D0 : FE 70 A9		" p "		ldx	X70A9
73D3 : 6D 04		"m "		tst	$04,x
73D5 : 27 53		"'S"		beq	L742A
73D7 : 6D 03		"m "		tst	$03,x
73D9 : 2A 12		"* "		bpl	L73ED
73DB : 7D 70 8D		"}p "		tst	X708D
73DE : 27 08		"' "		beq	L73E8
73E0 : 7F 70 8D		" p "		clr	X708D
73E3 : B6 70 8B		" p "		ldaa	X708B
73E6 : 20 03		"  "		bra	L73EB
				;
73E8				L73E8:
73E8 : B6 70 8C		" p "		ldaa	X708C
73EB				L73EB:
73EB : A7 03		"  "		staa	$03,x
73ED				L73ED:
73ED : 0C		" "		clc
73EE				L73EE:
73EE : 39		"9"		rts
				;
73EF				L73EF:
73EF : 8D 9E		"  "		bsr	L738F
73F1 : 25 37		"%7"		bcs	L742A
73F3 : 81 39		" 9"		cmpa	#$39
73F5 : 22 13		"" "		bhi	L740A
73F7 : FE 70 A9		" p "		ldx	X70A9
73FA : 6D 03		"m "		tst	$03,x
73FC : 2A 2C		"*,"		bpl	L742A
73FE : 84 03		"  "		anda	#$03
7400 : A7 03		"  "		staa	$03,x
7402 : 8D 8B		"  "		bsr	L738F
7404 : 24 24		"$$"		bcc	L742A
7406				L7406:
7406 : 81 2E		" ."		cmpa	#$2E
7408 : 0C		" "		clc
7409 : 39		"9"		rts
				;
740A				L740A:
740A : F6 70 B2		" p "		ldab	X70B2
740D : 2B 1B		"+ "		bmi	L742A
740F : 37		"7"		pshb
7410 : C0 05		"  "		subb	#$05
7412 : F7 70 B2		" p "		stab	X70B2
7415 : 33		"3"		pulb
7416				L7416:
7416 : A7 04		"  "		staa	$04,x
7418 : 08		" "		inx
7419 : 5A		"Z"		decb
741A : BD 73 8F		" s "		jsr	L738F
741D : 24 08		"$ "		bcc	L7427
741F : 81 2D		" -"		cmpa	#$2D
7421 : 27 04		"' "		beq	L7427
7423 : 81 5F		" _"		cmpa	#$5F
7425 : 26 05		"& "		bne	L742C
7427				L7427:
7427 : 5D		"]"		tstb
7428 : 26 EC		"& "		bne	L7416
742A				L742A:
742A : 0D		" "		sec
742B : 39		"9"		rts
				;
742C				L742C:
742C : 5D		"]"		tstb
742D : 27 D7		"' "		beq	L7406
742F : 6F 04		"o "		clr	$04,x
7431 : 08		" "		inx
7432 : 5A		"Z"		decb
7433 : 20 F7		"  "		bra	L742C
				;
7435				L7435:
7435 : FF 70 A9		" p "		stx	X70A9
7438 : FE 70 94		" p "		ldx	X7094
743B				L743B:
743B : A6 00		"  "		ldaa	$00,x
743D : 81 20		"  "		cmpa	#$20
743F : 26 03		"& "		bne	L7444
7441 : 08		" "		inx
7442 : 20 F7		"  "		bra	L743B
				;
7444				L7444:
7444 : FF 70 94		" p "		stx	X7094
7447 : FE 70 A9		" p "		ldx	X70A9
744A : 39		"9"		rts
				;
744B				L744B:
744B : E6 0C		"  "		ldab	$0C,x
744D : 26 27		"&'"		bne	L7476
744F : FF 70 A7		" p "		stx	X70A7
7452 : CE 74 77		" tw"		ldx	#$7477
7455 : 81 05		"  "		cmpa	#$05
7457 : 22 1D		"" "		bhi	L7476
7459 : 16		" "		tab
745A : 58		"X"		aslb
745B : 1B		" "		aba
745C : 16		" "		tab
745D : 8D 6F		" o"		bsr	L74CE
745F : C6 03		"  "		ldab	#$03
7461				L7461:
7461 : A6 00		"  "		ldaa	$00,x
7463 : 08		" "		inx
7464 : FF 70 AB		" p "		stx	X70AB
7467 : FE 70 A7		" p "		ldx	X70A7
746A : A7 0C		"  "		staa	$0C,x
746C : 08		" "		inx
746D : FF 70 A7		" p "		stx	X70A7
7470 : FE 70 AB		" p "		ldx	X70AB
7473 : 5A		"Z"		decb
7474 : 26 EB		"& "		bne	L7461
7476				L7476:
7476 : 39		"9"		rts
				;
7477 : 42		"B"		db	$42
				;
7478 : 49		"I"		rola
				;
7479 : 4E		"N"		db	$4E
				;
747A : 54		"T"		lsrb
747B : 58		"X"		aslb
747C : 54		"T"		lsrb
747D : 43		"C"		coma
747E : 4D		"M"		tsta
747F : 44		"D"		lsra
				;
7480 : 42 41		"BA"		db	$42, $41
				;
7482 : 53		"S"		comb
7483 : 53		"S"		comb
7484 : 59		"Y"		rolb
7485 : 53		"S"		comb
				;
7486 : 42 41 4B		"BAK"		db	$42, $41, $4B
				;
7489				L7489:
7489 : 5F		"_"		clrb
748A : F7 70 9C		" p "		stab	X709C
748D : F7 70 9D		" p "		stab	X709D
7490				L7490:
7490 : BD 73 8F		" s "		jsr	L738F
7493 : 25 20		"% "		bcs	L74B5
7495 : 8D 23		" #"		bsr	L74BA
7497 : 25 16		"% "		bcs	L74AF
7499 : 37		"7"		pshb
749A : C6 04		"  "		ldab	#$04
749C				L749C:
749C : 78 70 9D		"xp "		asl	X709D
749F : 79 70 9C		"yp "		rol	X709C
74A2 : 5A		"Z"		decb
74A3 : 26 F7		"& "		bne	L749C
74A5 : 33		"3"		pulb
74A6 : BB 70 9D		" p "		adda	X709D
74A9 : B7 70 9D		" p "		staa	X709D
74AC : 5C		"\"		incb
74AD : 20 E1		"  "		bra	L7490
				;
74AF				L74AF:
74AF : BD 73 8F		" s "		jsr	L738F
74B2 : 24 FB		"$ "		bcc	L74AF
74B4 : 39		"9"		rts
				;
74B5				L74B5:
74B5 : FE 70 9C		" p "		ldx	X709C
74B8 : 0C		" "		clc
74B9 : 39		"9"		rts
				;
74BA				L74BA:
74BA : 80 47		" G"		suba	#$47
74BC : 2A 0E		"* "		bpl	L74CC
74BE : 8B 06		"  "		adda	#$06
74C0 : 2A 04		"* "		bpl	L74C6
74C2 : 8B 07		"  "		adda	#$07
74C4 : 2A 06		"* "		bpl	L74CC
74C6				L74C6:
74C6 : 8B 0A		"  "		adda	#$0A
74C8 : 2B 02		"+ "		bmi	L74CC
74CA : 0C		" "		clc
74CB : 39		"9"		rts
				;
74CC				L74CC:
74CC : 0D		" "		sec
74CD : 39		"9"		rts
				;
74CE				L74CE:
74CE : FF 70 A9		" p "		stx	X70A9
74D1 : FB 70 AA		" p "		addb	X70AA
74D4 : F7 70 AA		" p "		stab	X70AA
74D7 : 24 03		"$ "		bcc	L74DC
74D9 : 7C 70 A9		"|p "		inc	X70A9
74DC				L74DC:
74DC : FE 70 A9		" p "		ldx	X70A9
74DF : 39		"9"		rts
				;
74E0				L74E0:
74E0 : 7F 70 9E		" p "		clr	X709E
74E3				L74E3:
74E3 : 8D 40		" @"		bsr	L7525
74E5 : 81 02		"  "		cmpa	#$02
74E7 : 27 15		"' "		beq	L74FE
74E9 : 81 16		"  "		cmpa	#$16
74EB : 26 F6		"& "		bne	L74E3
74ED : 8D 36		" 6"		bsr	L7525
74EF : B7 70 9F		" p "		staa	X709F
74F2 : 8D 31		" 1"		bsr	L7525
74F4 : B7 70 A0		" p "		staa	X70A0
74F7 : 86 01		"  "		ldaa	#$01
74F9 : B7 70 9E		" p "		staa	X709E
74FC : 20 E5		"  "		bra	L74E3
				;
74FE				L74FE:
74FE : 8D 25		" %"		bsr	L7525
7500 : 36		"6"		psha
7501 : 8D 22		" ""		bsr	L7525
7503 : 33		"3"		pulb
7504 : BB 70 9D		" p "		adda	X709D
7507 : F9 70 9C		" p "		adcb	X709C
750A : B7 70 A8		" p "		staa	X70A8
750D : F7 70 A7		" p "		stab	X70A7
7510 : 8D 13		"  "		bsr	L7525
7512 : 16		" "		tab
7513 : 27 CE		"' "		beq	L74E3
7515				L7515:
7515 : 8D 0E		"  "		bsr	L7525
7517 : FE 70 A7		" p "		ldx	X70A7
751A : A7 00		"  "		staa	$00,x
751C : 08		" "		inx
751D : FF 70 A7		" p "		stx	X70A7
7520 : 5A		"Z"		decb
7521 : 26 F2		"& "		bne	L7515
7523 : 20 BE		"  "		bra	L74E3
				;
7525				L7525:
7525 : CE 77 40		" w@"		ldx	#$7740
7528 : BD 78 06		" x "		jsr	L7806
752B : 27 11		"' "		beq	L753E
752D : A6 01		"  "		ldaa	$01,x
752F : 81 08		"  "		cmpa	#$08
7531 : 26 0D		"& "		bne	L7540
7533 : 32		"2"		pula
7534 : 32		"2"		pula
7535				L7535:
7535 : 86 04		"  "		ldaa	#$04
7537 : A7 00		"  "		staa	$00,x
7539 : BD 78 06		" x "		jsr	L7806
753C : 26 0B		"& "		bne	L7549
753E				L753E:
753E : 0C		" "		clc
753F : 39		"9"		rts
				;
7540				L7540:
7540 : B7 70 A2		" p "		staa	X70A2
7543 : 81 04		"  "		cmpa	#$04
7545 : 26 02		"& "		bne	L7549
7547 : 0D		" "		sec
7548 : 39		"9"		rts
				;
7549				L7549:
7549 : 8D 71		" q"		bsr	L75BC
754B : 7E 71 C8		"~q "		jmp	L71C8
				;
754E				L754E:
754E : 86 00		"  "		ldaa	#$00
7550 : 8D 38		" 8"		bsr	L758A
7552 : 25 10		"% "		bcs	L7564
7554 : 8D 07		"  "		bsr	L755D
7556 : 7C 70 B3		"|p "		inc	X70B3
7559 : 8D 85		"  "		bsr	L74E0
755B : 20 F1		"  "		bra	L754E
				;
755D				L755D:
755D : 7F 70 9C		" p "		clr	X709C
7560 : 7F 70 9D		" p "		clr	X709D
7563 : 39		"9"		rts
				;
7564				L7564:
7564 : F6 70 B3		" p "		ldab	X70B3
7567 : 27 03		"' "		beq	L756C
7569 : 7E 71 03		"~q "		jmp	L7103
756C				L756C:
756C : 7E 71 BD		"~q "		jmp	L71BD
				;
756F				L756F:
756F : 86 02		"  "		ldaa	#$02
7571 : 8D 21		" !"		bsr	L7594
7573 : 8D E8		"  "		bsr	L755D
7575 : BD 74 E0		" t "		jsr	L74E0
7578 : F6 70 9E		" p "		ldab	X709E
757B : 27 05		"' "		beq	L7582
757D : FE 70 9F		" p "		ldx	X709F
7580 : 6E 00		"n "		jmp	$00,x						;INFO: index jump
				;
7582				L7582:
7582 : CE 70 CC		" p "		ldx	#$70CC
7585 : 86 81		"  "		ldaa	#$81
7587 : 7E 71 C2		"~q "		jmp	L71C2
				;
758A				L758A:
758A : 36		"6"		psha
758B : CE 77 40		" w@"		ldx	#$7740
758E : BD 73 AC		" s "		jsr	L73AC
7591 : 32		"2"		pula
7592 : 25 17		"% "		bcs	L75AB
7594				L7594:
7594 : CE 77 40		" w@"		ldx	#$7740
7597 : BD 74 4B		" tK"		jsr	L744B
759A : CE 77 40		" w@"		ldx	#$7740
759D : 86 01		"  "		ldaa	#$01
759F : A7 00		"  "		staa	$00,x
75A1 : BD 75 25		" u%"		jsr	L7525
75A4 : 25 31		"%1"		bcs	L75D7
75A6 : 86 FF		"  "		ldaa	#$FF
75A8 : A7 3B		" ;"		staa	$3B,x
75AA : 39		"9"		rts
				;
75AB				L75AB:
75AB : B6 70 91		" p "		ldaa	X7091
75AE : 81 0D		"  "		cmpa	#$0D
75B0 : 27 08		"' "		beq	L75BA
75B2 : B1 70 82		" p "		cmpa	X7082
75B5 : 27 03		"' "		beq	L75BA
75B7 : 7E 71 BD		"~q "		jmp	L71BD
				;
75BA				L75BA:
75BA : 0D		" "		sec
75BB : 39		"9"		rts
				;
75BC				L75BC:
75BC : FF 70 A7		" p "		stx	X70A7
75BF : CE 70 DE		" p "		ldx	#$70DE
75C2 : BD 72 51		" rQ"		jsr	L7251
75C5 : FE 70 A7		" p "		ldx	X70A7
75C8 : A6 01		"  "		ldaa	$01,x
75CA : B7 70 A2		" p "		staa	X70A2
75CD : 6F 00		"o "		clr	$00,x
75CF : 5F		"_"		clrb
75D0 : BD 73 06		" s "		jsr	L7306
75D3 : FE 70 A7		" p "		ldx	X70A7
75D6				L75D6:
75D6 : 39		"9"		rts
				;
75D7				L75D7:
75D7 : CE 70 D4		" p "		ldx	#$70D4
75DA : 7E 71 C5		"~q "		jmp	L71C5
				;
75DD				L75DD:
75DD : 32		"2"		pula
75DE : 33		"3"		pulb
75DF : B7 70 AD		" p "		staa	X70AD
75E2 : F7 70 AE		" p "		stab	X70AE
75E5				L75E5:
75E5 : BF 70 AF		" p "		sts	X70AF
75E8 : 7F 70 A2		" p "		clr	X70A2
75EB : 7C 70 A5		"|p "		inc	X70A5
75EE : 7E 71 9B		"~q "		jmp	L719B
				;
75F1				L75F1:
75F1 : 7F 70 A5		" p "		clr	X70A5
75F4 : FE 70 AD		" p "		ldx	X70AD
75F7 : BE 70 AF		" p "		lds	X70AF
75FA : F6 70 A2		" p "		ldab	X70A2
75FD : 6E 00		"n "		jmp	$00,x						;INFO: index jump
				;
75FF				L75FF:
75FF				X75FF:
75FF : 01		" "		nop
7600 : 86 39		" 9"		ldaa	#$39
7602 : B7 75 FF		" u "		staa	X75FF
7605 : B7 70 A1		" p "		staa	X70A1
7608 : B6 80 04		"   "		ldaa	SIOCSR
760B : B1 80 06		"   "		cmpa	SIOCSR+2	;MP-S board present?
760E : 27 08		"' "		beq	L7618		;yes
7610 : 7F 70 A1		" p "		clr	X70A1		;else, set ACIA flag false
7613 : 86 20		"  "		ldaa	#$20
7615 : B7 72 E6		" r "		staa	X72E6
7618				L7618:
7618 : CE 77 40		" w@"		ldx	#$7740
761B : 86 01		"  "		ldaa	#$01
761D : A7 00		"  "		staa	$00,x
761F : BD 78 06		" x "		jsr	L7806
7622 : 27 08		"' "		beq	L762C
7624 : A6 01		"  "		ldaa	$01,x
7626 : BD 75 40		" u@"		jsr	L7540
7629 : 7E 71 5D		"~q]"		jmp	L715D
				;
762C				L762C:
762C : CE 70 00		" p "		ldx	#$7000
762F				L762F:
762F : FF 70 94		" p "		stx	X7094
7632 : CE 77 40		" w@"		ldx	#$7740
7635 : BD 78 06		" x "		jsr	L7806
7638				L7638:
7638 : 27 03		"' "		beq	L763D
763A : 7E 75 D6		"~u "		jmp	L75D6
				;
763D				L763D:
763D : FE 70 94		" p "		ldx	X7094
7640 : A7 00		"  "		staa	$00,x
7642 : 08		" "		inx
7643 : 81 0D		"  "		cmpa	#$0D
7645 : 26 E8		"& "		bne	L762F
7647 : CE 77 40		" w@"		ldx	#$7740
764A : BD 75 35		" u5"		jsr	L7535
764D : CE 70 00		" p "		ldx	#$7000
7650 : FF 70 94		" p "		stx	X7094
7653 : CE 71 5D		" q]"		ldx	#$715D
7656 : FF 70 AD		" p "		stx	X70AD
7659 : 7E 75 E5		"~u "		jmp	L75E5
				;
765C : 00		" "		db	$00
				;
765D : 08		" "		inx
				;
765E : 00		" "		db	$00
				;
765F : 48		"H"		asla
7660 : F5 FD 27		"  '"		bitb	XFD27
7663 : FE 4D ED		" M "		ldx	X4DED
7666				L7666:
7666 : BD FD ED		"   "		jsr	LFDED
				;
7669 : 42		"B"		db	$42
				;
766A : 3F		"?"		swi
				;
766B : A3		" "		db	$A3
				;
766C : D7 AF		"  "		stab	X00AF
766E : DF DD		"  "		stx	X00DD
7670 : 80 24		" $"		suba	#$24
7672 : C8 00		"  "		eorb	#$00
				;
7674 : 18		" "		db	$18
				;
7675 : 88 30		" 0"		eora	#$30
7677 : 46		"F"		rora
7678 : C2 92		"  "		sbcb	#$92
				;
767A : 00 00		"  "		db	$00, $00
				;
767C : D9 08		"  "		adcb	X0008
				;
767E : 00 02		"  "		db	$00, $02
				;
7680 : F7 B6 FB		"   "		stab	XB6FB
				;
7683 : FD		" "		db	$FD
				;
7684 : FE DF FE		"   "		ldx	XDFFE
7687 : DF EF		"  "		stx	X00EF
7689 : 6C 07		"l "		inc	$07,x
768B : B4 F6 2F		"  /"		anda	XF62F
768E : 53		"S"		comb
768F : AF 26		" &"		sts	$26,x
7691 : 81 19		"  "		cmpa	#$19
				;
7693 : 3A		":"		db	$3A
				;
7694 : 94 52		" R"		anda	X0052
7696 : 23 0E		"# "		bls	L76A6
7698 : 23 00		"# "		bls	L769A
769A				L769A:
769A : 01		" "		nop
				;
769B : 00 00 00 00	"    "		db	$00, $00, $00, $00
				;
769F : 10		" "		sba
76A0 : AF 83		"  "		sts	$83,x
				;
76A2 : 9D ED		"  "		db	$9D, $ED
				;
76A4 : FB ED E7		"   "		addb	XEDE7
76A7 : B7 DB F2		"   "		staa	XDBF2
76AA : B6 33 B7		" 3 "		ldaa	X33B7
76AD : 6F D5		"o "		clr	$D5,x
				;
76AF : EC 41		" A"		db	$EC, $41
				;
76B1 : 80 C1		"  "		suba	#$C1
76B3 : 30		"0"		tsx
76B4 : 88 00		"  "		eora	#$00
76B6 : 20 80		"  "		bra	L7638
				;
76B8 : 08		" "		inx
76B9 : 08		" "		inx
				;
76BA : 04		" "		db	$04
				;
76BB : 84 80		"  "		anda	#$80
76BD : 20 00		"  "		bra	L76BF
				;
76BF				L76BF:
76BF : 29 F6		") "		bvs	L76B7
76C1 : 7F BF FE		"   "		clr	XBFFE
76C4 : EF FF		"  "		stx	$FF,x
76C6 : F5 BF 3A		"  :"		bitb	XBF3A
76C9 : 9F 9C		"  "		sts	X009C
76CB : 73 67 CE		"sg "		com	X67CE
76CE : 2E 55		".U"		bgt	L7725
				;
76D0 : 00		" "		db	$00
				;
76D1 : 01		" "		nop
76D2 : 90 14		"  "		suba	X0014
76D4 : 10		" "		sba
76D5 : A1 20		"  "		cmpa	$20,x
76D7 : 29 8D		") "		bvs	L7666
				;
76D9 : 13		" "		db	$13
				;
76DA : 09		" "		dex
				;
76DB : 00 02 00		"   "		db	$00, $02, $00
				;
76DE : AA 20		"  "		oraa	$20,x
76E0 : 47		"G"		asra
				;
76E1 : A3		" "		db	$A3
				;
76E2 : FF ED DF		"   "		stx	XEDDF
76E5 : 74 7A E3		"tz "		lsr	X7AE3
				;
76E8 : DD ED		"  "		db	$DD, $ED
				;
76EA : BB FB C7		"   "		adda	XFBC7
				;
76ED : 65		"e"		db	$65
				;
76EE : 4F		"O"		clra
76EF : AD 10		"  "		jsr	$10,x						;INFO: index jump
				;
76F1 : 38		"8"		db	$38
				;
76F2 : 10		" "		sba
				;
76F3 : 00 04 12 04	"    "		db	$00, $04, $12, $04
				;
76F7 : 40		"@"		nega
				;
76F8 : 00		" "		db	$00
				;
76F9 : 20 80		"  "		bra	L767B
				;
76FB : 00		" "		db	$00
				;
76FC : 01		" "		nop
76FD : 11		" "		cba
				;
76FE : 00 00		"  "		db	$00, $00
				;
7700 : FB BF 5F		"  _"		addb	XBF5F
7703 : FF FF F7		"   "		stx	XFFF7
7706 : FF 5D B7		" ] "		stx	X5DB7
				;
7709 : 3A		":"		db	$3A
				;
770A				L770A:
770A : C9 35		" 5"		adcb	#$35
				;
770C : 00		" "		db	$00
				;
770D : 6D 5E		"m^"		tst	$5E,x
770F : 6E 44		"nD"		jmp	$44,x						;INFO: index jump
				;
7711 : 0A		" "		clv
				;
7712 : 21		"!"		db	$21
				;
7713 : 4C		"L"		inca
				;
7714 : 42 41		"BA"		db	$42, $41
				;
7716 : 84 02		"  "		anda	#$02
7718 : 50		"P"		negb
7719 : 08		" "		inx
				;
771A : 00 02 00 00	"    "		db	$00, $02, $00, $00
771E : 00		" "		db	$00
				;
771F : 01		" "		nop
				;
7720 : 3A		":"		db	$3A
				;
7721 : FF E7 FF		"   "		stx	XE7FF
7724 : BF E7 DF		"   "		sts	XE7DF
7727 : FA DA F2		"   "		orab	XDAF2
				;
772A : 3A		":"		db	$3A
				;
772B : E7 C8		"  "		stab	$C8,x
772D : FF 3E 66		" >f"		stx	X3E66
				;
7730 : 18		" "		db	$18
				;
7731 : 60 08		"` "		neg	$08,x
7733 : 50		"P"		negb
7734 : 20 40		" @"		bra	L7776
				;
7736 : 4C		"L"		inca
7737 : A8 04		"  "		eora	$04,x
7739 : 0C		" "		clc
773A : 20 00		"  "		bra	L773C
				;
773C				L773C:
773C : 10		" "		sba
				;
773D : 00		" "		db	$00
				;
773E : 82 00		"  "		sbca	#$00
7740 : FF 00 00		"   "		stx	X0000
				;
7743 : 00		" "		db	$00
				;
7744 : 53		"S"		comb
7745 : 54		"T"		lsrb
				;
7746 : 41 52		"AR"		db	$41, $52
				;
7748 : 54		"T"		lsrb
				;
7749 : 55		"U"		db	$55
				;
774A : 50		"P"		negb
				;
774B : 00		" "		db	$00
				;
774C : 54		"T"		lsrb
774D : 58		"X"		aslb
774E : 54		"T"		lsrb
				;
774F : 00 00 00 00	"    "		db	$00, $00, $00, $00
7753 : 00 00 00 00	"    "		db	$00, $00, $00, $00
7757 : 00 00 00 00	"    "		db	$00, $00, $00, $00
775B : 00 00 00 00	"    "		db	$00, $00, $00, $00
				;
775F : 0A		" "		clv
7760 : F1 CF 80		"   "		cmpb	XCF80
7763 : C8 53		" S"		eorb	#$53
7765 : 54		"T"		lsrb
				;
7766 : 41 52		"AR"		db	$41, $52
				;
7768 : 54		"T"		lsrb
				;
7769 : 55		"U"		db	$55
				;
776A : 50		"P"		negb
				;
776B : 00		" "		db	$00
				;
776C : 54		"T"		lsrb
776D : 58		"X"		aslb
776E : 54		"T"		lsrb
				;
776F : 00		" "		db	$00
				;
7770 : 0A		" "		clv
7771 : 68 C4		"h "		asl	$C4,x
				;
7773 : 02		" "		db	$02
				;
7774 : 20 94		"  "		bra	L770A
				;
7776				L7776:
7776 : 00 02 00		"   "		db	$00, $02, $00
				;
7779 : 80 00		"  "		suba	#$00
				;
777B : 00		" "		db	$00
				;
777C : 90 00		"  "		suba	X0000
				;
777E : 00		" "		db	$00
				;
777F : 54		"T"		lsrb
				;
7780 : 00		" "		db	$00
				;
7781 : 0B		" "		sev
				;
7782 : 00 00 00 00	"    "		db	$00, $00, $00, $00
7786 : 00 00 4E 45	"  NE"		db	$00, $00, $4E, $45
				;
778A : 57		"W"		asrb
778B : 44		"D"		lsra
778C : 49		"I"		rola
778D : 53		"S"		comb
				;
778E : 4B 00		"K "		db	$4B, $00
				;
7790 : 43		"C"		coma
7791 : 4D		"M"		tsta
7792 : 44		"D"		lsra
				;
7793 : 00 00 13 03	"    "		db	$00, $00, $13, $03
7797 : 13		" "		db	$13
				;
7798 : 0B		" "		sev
				;
7799 : 00		" "		db	$00
				;
779A : 09		" "		dex
				;
779B : 00 00 00 00	"    "		db	$00, $00, $00, $00
779F : 00		" "		db	$00
				;
77A0 : 50		"P"		negb
77A1 : 43		"C"		coma
77A2 : 47		"G"		asra
				;
77A3 : 45		"E"		db	$45
				;
77A4 : 54		"T"		lsrb
				;
77A5 : 00 00 00		"   "		db	$00, $00, $00
				;
77A8 : 43		"C"		coma
77A9 : 4D		"M"		tsta
77AA : 44		"D"		lsra
				;
77AB : 00 00 13		"   "		db	$00, $00, $13
				;
77AE : 0C		" "		clc
				;
77AF : 14 02 00		"   "		db	$14, $02, $00
				;
77B2 : 09		" "		dex
				;
77B3 : 00 00 00 00	"    "		db	$00, $00, $00, $00
77B7 : 00		" "		db	$00
				;
77B8 : 50		"P"		negb
77B9 : 43		"C"		coma
77BA : 50		"P"		negb
				;
77BB : 55		"U"		db	$55
				;
77BC : 54		"T"		lsrb
				;
77BD : 00 00 00		"   "		db	$00, $00, $00
				;
77C0 : 43		"C"		coma
77C1 : 4D		"M"		tsta
77C2 : 44		"D"		lsra
				;
77C3 : 00 00 14 03	"    "		db	$00, $00, $14, $03
77C7 : 14		" "		db	$14
				;
77C8 : 0A		" "		clv
				;
77C9 : 00		" "		db	$00
				;
77CA : 08		" "		inx
				;
77CB : 00 00 00 00	"    "		db	$00, $00, $00, $00
77CF : 00		" "		db	$00
				;
77D0 : 44		"D"		lsra
				;
77D1 : 45		"E"		db	$45
				;
77D2 : 4C		"L"		inca
				;
77D3 : 45		"E"		db	$45
				;
77D4 : 54		"T"		lsrb
				;
77D5 : 45 00 00		"E  "		db	$45, $00, $00
				;
77D8 : 43		"C"		coma
77D9 : 4D		"M"		tsta
77DA : 44		"D"		lsra
				;
77DB : 00 00 14		"   "		db	$00, $00, $14
				;
77DE : 0B		" "		sev
				;
77DF : 14		" "		db	$14
				;
77E0 : 0D		" "		sec
				;
77E1 : 00 03 00 00	"    "		db	$00, $03, $00, $00
77E5 : 00 00 00 00	"    "		db	$00, $00, $00, $00
77E9 : 00 00 00 00	"    "		db	$00, $00, $00, $00
77ED : 00 00 00 00	"    "		db	$00, $00, $00, $00
77F1 : 00 00 00 00	"    "		db	$00, $00, $00, $00
77F5 : 00 00 00 00	"    "		db	$00, $00, $00, $00
77F9 : 00 00 00 00	"    "		db	$00, $00, $00, $00
77FD : 00 00 00		"   "		db	$00, $00, $00
				;
7800				L7800:
7800 : 7E 78 2E		"~x."		jmp	L782E
7803				L7803:
7803 : 7E 78 41		"~xA"		jmp	L7841
7806				L7806:
7806 : 7E 78 5C		"~x\"		jmp	L785C
				;
7809				X7809:
7809 : 00 00		"  "		db	$00, $00
780B				X780B:
780B : 00		" "		db	$00
780C				X780C:
780C : 00		" "		db	$00
780D				X780D:
780D : 00		" "		db	$00
780E				X780E:
780E : 00		" "		db	$00
780F				X780F:
780F : 00 00		"  "		db	$00, $00
7811				X7811:
7811 : 00		" "		db	$00
7812				X7812:
7812 : 00		" "		db	$00
7813				X7813:
7813 : 00 00 00 00	"    "		db	$00, $00, $00, $00
7817 : 00 00 00 00	"    "		db	$00, $00, $00, $00
781B : 00 00 00 00	"    "		db	$00, $00, $00, $00
781F : 00 00 00 00	"    "		db	$00, $00, $00, $00
7823 : 00 00 00 00	"    "		db	$00, $00, $00, $00
7827 : 00 00 00 00	"    "		db	$00, $00, $00, $00
782B : 00 00		"  "		db	$00, $00
				;
782D				X782D:
782D : FF CE 7F		"   "		stx	XCE7F
7830 : 0F		" "		sei
7831 : C6 08		"  "		ldab	#$08
7833 : 8D 05		"  "		bsr	L783A
7835				L7835:
7835 : CE 78 09		" x "		ldx	#$7809
7838 : C6 24		" $"		ldab	#$24
783A				L783A:
783A : 6F 00		"o "		clr	$00,x
783C : 08		" "		inx
783D : 5A		"Z"		decb
783E : 26 FA		"& "		bne	L783A
7840 : 39		"9"		rts
				;
7841				L7841:
7841 : FE 78 09		" x "		ldx	X7809
7844 : 27 EF		"' "		beq	L7835
7846 : C6 1C		"  "		ldab	#$1C
7848				L7848:
7848 : 09		" "		dex
7849 : 5A		"Z"		decb
784A : 26 FC		"& "		bne	L7848
784C : FF 78 0B		" x "		stx	X780B
784F : BD 7D 68		" }h"		jsr	L7D68
7852 : 24 ED		"$ "		bcc	L7841
7854 : FE 78 0B		" x "		ldx	X780B
7857 : 6F 02		"o "		clr	$02,x
7859 : C6 FF		"  "		ldab	#$FF
785B : 39		"9"		rts
				;
785C				L785C:
785C : 37		"7"		pshb
785D : FF 78 0B		" x "		stx	X780B
7860 : 6F 01		"o "		clr	$01,x
7862 : E6 00		"  "		ldab	$00,x
7864 : 26 18		"& "		bne	L787E
7866 : E6 02		"  "		ldab	$02,x
7868 : 27 10		"' "		beq	L787A
786A : C1 02		"  "		cmpb	#$02
786C : 27 07		"' "		beq	L7875
786E : 22 0A		"" "		bhi	L787A
7870 : BD 79 A4		" y "		jsr	L79A4
7873 : 20 1D		"  "		bra	L7892
				;
7875				L7875:
7875 : BD 7A 9C		" z "		jsr	L7A9C
7878 : 20 18		"  "		bra	L7892
				;
787A				L787A:
787A : C6 12		"  "		ldab	#$12
787C : 20 19		"  "		bra	L7897
				;
787E				L787E:
787E : C1 13		"  "		cmpb	#$13
7880 : 23 04		"# "		bls	L7886
7882 : C6 01		"  "		ldab	#$01
7884 : 20 11		"  "		bra	L7897
				;
7886				L7886:
7886 : 5A		"Z"		decb
7887 : 58		"X"		aslb
7888 : CE 78 9D		" x "		ldx	#$789D
788B : BD 79 42		" yB"		jsr	L7942
788E : EE 00		"  "		ldx	$00,x
7890 : AD 00		"  "		jsr	$00,x						;INFO: index jump
7892				L7892:
7892 : FE 78 0B		" x "		ldx	X780B
7895 : 24 02		"$ "		bcc	L7899
7897				L7897:
7897 : E7 01		"  "		stab	$01,x
7899				L7899:
7899 : 6D 01		"m "		tst	$01,x
789B : 33		"3"		pulb
789C : 39		"9"		rts
				;
789D : 7C B0 7C		"| |"		inc	XB07C
78A0 : D4 7D		" }"		andb	X007D
78A2 : 90 7D		" }"		suba	X007D
78A4 : 68 79		"hy"		asl	$79,x
78A6 : D0 7B		" {"		subb	X007B
78A8 : 8D 7B		" {"		bsr	L7925
78AA : 9B 7B		" {"		adda	X007B
				;
78AC : CF		" "		db	$CF
				;
78AD : 7A 0F 7A		"z z"		dec	X0F7A
78B0 : 67 79		"gy"		asr	$79,x
				;
78B2 : 61		"a"		db	$61
				;
78B3 : 7E 3D 7D		"~=}"		jmp	L3D7D
				;
78B6 : B8 79 61		" ya"		eora	X7961
78B9 : 7D 30 7B		"}0{"		tst	X307B
78BC : 89 79		" y"		adca	#$79
				;
78BE : 65		"e"		db	$65
				;
78BF : 79 8B 7D		"y }"		rol	X8B7D
78C2 : 9E 8D		"  "		lds	X008D
78C4 : 2C 26		",&"		bge	L78EC
				;
78C6 : 04		" "		db	$04
				;
78C7 : C6 02		"  "		ldab	#$02
78C9 : 0D		" "		sec
78CA : 39		"9"		rts
				;
78CB : A7 00		"  "		staa	$00,x
78CD : E7 01		"  "		stab	$01,x
78CF : EE 00		"  "		ldx	$00,x
78D1 : 6F 00		"o "		clr	$00,x
78D3 : 6F 01		"o "		clr	$01,x
78D5 : 0C		" "		clc
78D6 : 39		"9"		rts
				;
78D7				L78D7:
78D7 : 8D 18		"  "		bsr	L78F1
78D9 : 27 04		"' "		beq	L78DF
78DB : C6 0D		"  "		ldab	#$0D
78DD : 0D		" "		sec
78DE : 39		"9"		rts
				;
78DF				L78DF:
78DF : FF 78 0D		" x "		stx	X780D
78E2 : EE 00		"  "		ldx	$00,x
78E4 : A6 00		"  "		ldaa	$00,x
78E6 : E6 01		"  "		ldab	$01,x
78E8 : FE 78 0D		" x "		ldx	X780D
78EB : A7 00		"  "		staa	$00,x
78ED : E7 01		"  "		stab	$01,x
78EF : 0C		" "		clc
78F0 : 39		"9"		rts
				;
78F1				L78F1:
78F1 : B6 78 0B		" x "		ldaa	X780B
78F4 : F6 78 0C		" x "		ldab	X780C
78F7 : CB 1C		"  "		addb	#$1C
78F9 : 89 00		"  "		adca	#$00
78FB : CE 78 09		" x "		ldx	#$7809
78FE				L78FE:
78FE : 6D 00		"m "		tst	$00,x
7900 : 26 08		"& "		bne	L790A
7902 : 6D 01		"m "		tst	$01,x
7904 : 26 04		"& "		bne	L790A
7906 : 8C FF FF		"   "		cpx	#$FFFF
7909 : 39		"9"		rts
				;
790A				L790A:
790A : A1 00		"  "		cmpa	$00,x
790C : 26 05		"& "		bne	L7913
790E : E1 01		"  "		cmpb	$01,x
7910 : 26 01		"& "		bne	L7913
7912 : 39		"9"		rts
				;
7913				L7913:
7913 : EE 00		"  "		ldx	$00,x
7915 : 20 E7		"  "		bra	L78FE
				;
7917				L7917:
7917 : FE 78 0B		" x "		ldx	X780B
791A : 4F		"O"		clra
791B : C6 AF		"  "		ldab	#$AF
791D				L791D:
791D : A7 11		"  "		staa	$11,x
791F : 08		" "		inx
7920 : 5A		"Z"		decb
7921 : 26 FA		"& "		bne	L791D
7923 : 39		"9"		rts
				;
7924				L7924:
7924 : FE 78 0B		" x "		ldx	X780B
7927 : C6 0B		"  "		ldab	#$0B
7929				L7929:
7929 : A6 04		"  "		ldaa	$04,x
792B : A7 24		" $"		staa	$24,x
792D : 08		" "		inx
792E : 5A		"Z"		decb
792F : 26 F8		"& "		bne	L7929
7931 : 39		"9"		rts
				;
7932				L7932:
7932 : FE 78 0B		" x "		ldx	X780B
7935 : C6 0B		"  "		ldab	#$0B
7937				L7937:
7937 : A6 04		"  "		ldaa	$04,x
7939 : A1 24		" $"		cmpa	$24,x
793B : 26 04		"& "		bne	L7941
793D : 08		" "		inx
793E : 5A		"Z"		decb
793F : 26 F6		"& "		bne	L7937
7941				L7941:
7941 : 39		"9"		rts
				;
7942				L7942:
7942 : FF 78 0D		" x "		stx	X780D
7945 : FB 78 0E		" x "		addb	X780E
7948 : F7 78 0E		" x "		stab	X780E
794B : 24 03		"$ "		bcc	L7950
794D : 7C 78 0D		"|x "		inc	X780D
7950				L7950:
7950 : FE 78 0D		" x "		ldx	X780D
7953 : 39		"9"		rts
				;
7954				L7954:
7954 : FE 78 0B		" x "		ldx	X780B
7957 : E6 22		" ""		ldab	$22,x
7959 : 2B 08		"+ "		bmi	L7963
795B : 6C 22		"l""		inc	$22,x
795D				L795D:
795D : 8D E3		"  "		bsr	L7942
795F : A6 40		" @"		ldaa	$40,x
7961				X7961:
7961 : 0C		" "		clc
7962 : 39		"9"		rts
				;
7963				L7963:
7963 : 0D		" "		sec
7964 : 39		"9"		rts
				;
7965 : FE 78 0B		" x "		ldx	X780B
7968 : E6 02		"  "		ldab	$02,x
796A : 54		"T"		lsrb
796B : 25 04		"% "		bcs	L7971
796D : C6 12		"  "		ldab	#$12
796F : 20 06		"  "		bra	L7977
				;
7971				L7971:
7971 : E6 23		" #"		ldab	$23,x
7973 : 2A E8		"* "		bpl	L795D
7975				L7975:
7975 : C6 13		"  "		ldab	#$13
7977				L7977:
7977 : 0D		" "		sec
7978 : 39		"9"		rts
				;
7979				L7979:
7979 : FE 78 0B		" x "		ldx	X780B
797C : E6 22		" ""		ldab	$22,x
797E : 37		"7"		pshb
797F : 6C 22		"l""		inc	$22,x
7981 : 8D BF		"  "		bsr	L7942
7983 : A7 40		" @"		staa	$40,x
7985 : 33		"3"		pulb
7986 : 5C		"\"		incb
7987 : 2A 19		"* "		bpl	L79A2
7989 : 0D		" "		sec
798A : 39		"9"		rts
				;
798B : FE 78 0B		" x "		ldx	X780B
798E : E6 02		"  "		ldab	$02,x
7990 : C4 03		"  "		andb	#$03
7992 : C1 03		"  "		cmpb	#$03
7994 : 27 04		"' "		beq	L799A
7996 : C6 12		"  "		ldab	#$12
7998 : 0D		" "		sec
7999 : 39		"9"		rts
				;
799A				L799A:
799A : E6 23		" #"		ldab	$23,x
799C : 2B D7		"+ "		bmi	L7975
799E : 8D A2		"  "		bsr	L7942
79A0 : A7 40		" @"		staa	$40,x
79A2				L79A2:
79A2 : 0C		" "		clc
79A3 : 39		"9"		rts
				;
79A4				L79A4:
79A4 : FE 78 0B		" x "		ldx	X780B
79A7 : A6 3B		" ;"		ldaa	$3B,x
79A9 : 2B 37		"+7"		bmi	L79E2
79AB : 27 07		"' "		beq	L79B4
79AD : 4A		"J"		deca
79AE : A7 3B		" ;"		staa	$3B,x
79B0 : 86 20		"  "		ldaa	#$20
79B2 : 20 1A		"  "		bra	L79CE
				;
79B4				L79B4:
79B4 : 8D 2C		" ,"		bsr	L79E2
79B6 : 25 17		"% "		bcs	L79CF
79B8 : 81 09		"  "		cmpa	#$09
79BA : 26 0B		"& "		bne	L79C7
79BC : 8D 24		" $"		bsr	L79E2
79BE : 25 0F		"% "		bcs	L79CF
79C0 : FE 78 0B		" x "		ldx	X780B
79C3 : A7 3B		" ;"		staa	$3B,x
79C5 : 20 DD		"  "		bra	L79A4
				;
79C7				L79C7:
79C7 : 81 18		"  "		cmpa	#$18
79C9 : 27 E9		"' "		beq	L79B4
79CB : 4D		"M"		tsta
79CC : 27 E6		"' "		beq	L79B4
79CE				L79CE:
79CE : 0C		" "		clc
79CF				L79CF:
79CF : 39		"9"		rts
				;
79D0 : BD 7D 55		" }U"		jsr	L7D55
79D3 : 25 09		"% "		bcs	L79DE
79D5 : 16		" "		tab
79D6 : 54		"T"		lsrb
79D7 : 24 05		"$ "		bcc	L79DE
79D9 : A7 00		"  "		staa	$00,x
79DB : 7E 7C BF		"~| "		jmp	L7CBF
				;
79DE				L79DE:
79DE : C6 12		"  "		ldab	#$12
79E0 : 0D		" "		sec
79E1 : 39		"9"		rts
				;
79E2				L79E2:
79E2 : BD 79 54		" yT"		jsr	L7954
79E5 : 24 04		"$ "		bcc	L79EB
79E7 : 8D 03		"  "		bsr	L79EC
79E9 : 24 F7		"$ "		bcc	L79E2
79EB				L79EB:
79EB : 39		"9"		rts
				;
79EC				L79EC:
79EC : FE 78 0B		" x "		ldx	X780B
79EF : A6 40		" @"		ldaa	$40,x
79F1 : E6 41		" A"		ldab	$41,x
79F3 : 4D		"M"		tsta
79F4 : 26 03		"& "		bne	L79F9
79F6 : 5D		"]"		tstb
79F7 : 27 12		"' "		beq	L7A0B
79F9				L79F9:
79F9 : A7 1E		"  "		staa	$1E,x
79FB : E7 1F		"  "		stab	$1F,x
79FD : 36		"6"		psha
79FE : 86 04		"  "		ldaa	#$04
7A00 : A7 22		" ""		staa	$22,x
7A02 : 32		"2"		pula
7A03 : 8D 0A		"  "		bsr	L7A0F
7A05 : 24 07		"$ "		bcc	L7A0E
7A07 : C6 09		"  "		ldab	#$09
7A09 : 20 02		"  "		bra	L7A0D
				;
7A0B				L7A0B:
7A0B : C6 08		"  "		ldab	#$08
7A0D				L7A0D:
7A0D : 0D		" "		sec
7A0E				L7A0E:
7A0E : 39		"9"		rts
				;
7A0F				L7A0F:
7A0F : 8D 29		" )"		bsr	L7A3A
7A11 : FE 78 0B		" x "		ldx	X780B
7A14 : BD 7F 0C		"   "		jsr	L7F0C
7A17				L7A17:
7A17 : 8D 0E		"  "		bsr	L7A27
7A19 : BD 7F 00		"   "		jsr	L7F00
7A1C : 26 02		"& "		bne	L7A20
7A1E : 0C		" "		clc
7A1F : 39		"9"		rts
				;
7A20				L7A20:
7A20 : 37		"7"		pshb
7A21 : 8D 1F		"  "		bsr	L7A42
7A23 : 33		"3"		pulb
7A24 : 24 F1		"$ "		bcc	L7A17
7A26 : 39		"9"		rts
				;
7A27				L7A27:
7A27 : FE 78 0B		" x "		ldx	X780B
7A2A : A6 1E		"  "		ldaa	$1E,x
7A2C : E6 1F		"  "		ldab	$1F,x
7A2E : 84 3F		" ?"		anda	#$3F
7A30 : C4 1F		"  "		andb	#$1F
7A32 : 37		"7"		pshb
7A33 : C6 40		" @"		ldab	#$40
7A35 : BD 79 42		" yB"		jsr	L7942
7A38 : 33		"3"		pulb
7A39 : 39		"9"		rts
				;
7A3A				L7A3A:
7A3A : 4F		"O"		clra
7A3B : B7 78 11		" x "		staa	X7811
7A3E : B7 78 12		" x "		staa	X7812
7A41 : 39		"9"		rts
				;
7A42				L7A42:
7A42 : F6 78 11		" x "		ldab	X7811
7A45 : 5C		"\"		incb
7A46 : C1 0B		"  "		cmpb	#$0B
7A48 : 27 05		"' "		beq	L7A4F
7A4A : F7 78 11		" x "		stab	X7811
7A4D : 20 14		"  "		bra	L7A63
				;
7A4F				L7A4F:
7A4F : 7F 78 11		" x "		clr	X7811
7A52 : F6 78 12		" x "		ldab	X7812
7A55 : 5C		"\"		incb
7A56 : C1 04		"  "		cmpb	#$04
7A58 : 27 0B		"' "		beq	L7A65
7A5A : F7 78 12		" x "		stab	X7812
7A5D : FE 78 0B		" x "		ldx	X780B
7A60 : BD 7F 09		"   "		jsr	L7F09
7A63				L7A63:
7A63 : 0C		" "		clc
7A64 : 39		"9"		rts
				;
7A65				L7A65:
7A65 : 0D		" "		sec
7A66 : 39		"9"		rts
				;
7A67				L7A67:
7A67 : 8D D1		"  "		bsr	L7A3A
7A69 : FE 78 0B		" x "		ldx	X780B
7A6C : BD 7F 0C		"   "		jsr	L7F0C
7A6F				L7A6F:
7A6F : FE 78 0B		" x "		ldx	X780B
7A72 : 8D B3		"  "		bsr	L7A27
7A74 : 81 22		" ""		cmpa	#$22
7A76 : 22 20		"" "		bhi	L7A98
7A78 : C1 12		"  "		cmpb	#$12
7A7A : 22 1C		"" "		bhi	L7A98
7A7C : BD 7F 03		"   "		jsr	L7F03
7A7F : 26 0C		"& "		bne	L7A8D
7A81 : B6 78 2D		" x-"		ldaa	X782D
7A84 : 27 05		"' "		beq	L7A8B
7A86 : BD 7F 06		"   "		jsr	L7F06
7A89 : 26 02		"& "		bne	L7A8D
7A8B				L7A8B:
7A8B : 0C		" "		clc
7A8C : 39		"9"		rts
				;
7A8D				L7A8D:
7A8D : C5 40		" @"		bitb	#$40
7A8F : 26 09		"& "		bne	L7A9A
7A91 : 37		"7"		pshb
7A92 : 8D AE		"  "		bsr	L7A42
7A94 : 33		"3"		pulb
7A95 : 24 D8		"$ "		bcc	L7A6F
7A97 : 39		"9"		rts
				;
7A98				L7A98:
7A98 : C6 20		"  "		ldab	#$20
7A9A				L7A9A:
7A9A : 0D		" "		sec
7A9B : 39		"9"		rts
				;
7A9C				L7A9C:
7A9C : FE 78 0B		" x "		ldx	X780B
7A9F : E6 3B		" ;"		ldab	$3B,x
7AA1 : 2B 33		"+3"		bmi	L7AD6
7AA3 : 81 20		"  "		cmpa	#$20
7AA5 : 26 0C		"& "		bne	L7AB3
7AA7 : 5C		"\"		incb
7AA8 : E7 3B		" ;"		stab	$3B,x
7AAA : C1 7F		"  "		cmpb	#$7F
7AAC : 26 0A		"& "		bne	L7AB8
7AAE				L7AAE:
7AAE : 8D 0A		"  "		bsr	L7ABA
7AB0 : 24 EA		"$ "		bcc	L7A9C
7AB2 : 39		"9"		rts
				;
7AB3				L7AB3:
7AB3 : 5D		"]"		tstb
7AB4 : 27 20		"' "		beq	L7AD6
7AB6 : 20 F6		"  "		bra	L7AAE
				;
7AB8				L7AB8:
7AB8 : 0C		" "		clc
7AB9 : 39		"9"		rts
				;
7ABA				L7ABA:
7ABA : 36		"6"		psha
7ABB : C1 01		"  "		cmpb	#$01
7ABD : 26 04		"& "		bne	L7AC3
7ABF : 86 20		"  "		ldaa	#$20
7AC1 : 20 0D		"  "		bra	L7AD0
				;
7AC3				L7AC3:
7AC3 : 86 09		"  "		ldaa	#$09
7AC5 : 8D 0F		"  "		bsr	L7AD6
7AC7 : 32		"2"		pula
7AC8 : 25 0B		"% "		bcs	L7AD5
7ACA : 36		"6"		psha
7ACB : FE 78 0B		" x "		ldx	X780B
7ACE : A6 3B		" ;"		ldaa	$3B,x
7AD0				L7AD0:
7AD0 : 6F 3B		"o;"		clr	$3B,x
7AD2 : 8D 02		"  "		bsr	L7AD6
7AD4 : 32		"2"		pula
7AD5				L7AD5:
7AD5 : 39		"9"		rts
				;
7AD6				L7AD6:
7AD6 : FE 78 0B		" x "		ldx	X780B
7AD9 : E6 02		"  "		ldab	$02,x
7ADB : 54		"T"		lsrb
7ADC : 25 1D		"% "		bcs	L7AFB
7ADE : 54		"T"		lsrb
7ADF : 24 1A		"$ "		bcc	L7AFB
7AE1 : E6 22		" ""		ldab	$22,x
7AE3				X7AE3:
7AE3 : C1 04		"  "		cmpb	#$04
7AE5 : 26 06		"& "		bne	L7AED
7AE7 : 36		"6"		psha
7AE8 : 8D 15		"  "		bsr	L7AFF
7AEA : 32		"2"		pula
7AEB : 25 0D		"% "		bcs	L7AFA
7AED				L7AED:
7AED : BD 79 79		" yy"		jsr	L7979
7AF0 : 24 08		"$ "		bcc	L7AFA
7AF2 : C6 04		"  "		ldab	#$04
7AF4 : FE 78 0B		" x "		ldx	X780B
7AF7 : E7 22		" ""		stab	$22,x
7AF9 : 0C		" "		clc
7AFA				L7AFA:
7AFA : 39		"9"		rts
				;
7AFB				L7AFB:
7AFB : C6 12		"  "		ldab	#$12
7AFD : 0D		" "		sec
7AFE : 39		"9"		rts
				;
7AFF				L7AFF:
7AFF : E6 12		"  "		ldab	$12,x
7B01 : 27 2F		"'/"		beq	L7B32
7B03 : 8D 0F		"  "		bsr	L7B14
7B05 : FE 78 0B		" x "		ldx	X780B
7B08 : A7 40		" @"		staa	$40,x
7B0A : E7 41		" A"		stab	$41,x
7B0C : BD 7A 67		" zg"		jsr	L7A67
7B0F : 24 21		"$!"		bcc	L7B32
7B11 : 7E 7E 33		"~~3"		jmp	L7E33
				;
7B14				L7B14:
7B14 : 8D 05		"  "		bsr	L7B1B
7B16 : A6 00		"  "		ldaa	$00,x
7B18 : E6 01		"  "		ldab	$01,x
7B1A : 39		"9"		rts
				;
7B1B				L7B1B:
7B1B : FE 78 0B		" x "		ldx	X780B
7B1E : E6 03		"  "		ldab	$03,x
7B20 : 17		" "		tba
7B21 : 48		"H"		asla
7B22 : 48		"H"		asla
7B23 : 58		"X"		aslb
7B24 : 1B		" "		aba
7B25 : 16		" "		tab
7B26 : CE 78 15		" x "		ldx	#$7815
7B29 : BD 79 42		" yB"		jsr	L7942
7B2C : FF 78 13		" x "		stx	X7813
7B2F : 6D 00		"m "		tst	$00,x
7B31 : 39		"9"		rts
				;
7B32				L7B32:
7B32 : 8D E0		"  "		bsr	L7B14
7B34 : 26 04		"& "		bne	L7B3A
7B36 : C6 07		"  "		ldab	#$07
7B38 : 0D		" "		sec
7B39 : 39		"9"		rts
				;
7B3A				L7B3A:
7B3A : FE 78 0B		" x "		ldx	X780B
7B3D : A7 13		"  "		staa	$13,x
7B3F : E7 14		"  "		stab	$14,x
7B41 : 6D 12		"m "		tst	$12,x
7B43 : 26 04		"& "		bne	L7B49
7B45 : A7 11		"  "		staa	$11,x
7B47 : E7 12		"  "		stab	$12,x
7B49				L7B49:
7B49 : 6C 16		"l "		inc	$16,x
7B4B : 26 02		"& "		bne	L7B4F
7B4D : 6C 15		"l "		inc	$15,x
7B4F				L7B4F:
7B4F : BD 79 F9		" y "		jsr	L79F9
7B52 : 25 DE		"% "		bcs	L7B32
7B54 : FE 78 0B		" x "		ldx	X780B
7B57 : A6 40		" @"		ldaa	$40,x
7B59 : E6 41		" A"		ldab	$41,x
7B5B : 36		"6"		psha
7B5C : 37		"7"		pshb
7B5D : 8D BC		"  "		bsr	L7B1B
7B5F : 33		"3"		pulb
7B60 : 32		"2"		pula
7B61 : A7 00		"  "		staa	$00,x
7B63 : E7 01		"  "		stab	$01,x
7B65 : 26 0A		"& "		bne	L7B71
7B67 : 6F 02		"o "		clr	$02,x
7B69 : 6F 03		"o "		clr	$03,x
7B6B : 6F 04		"o "		clr	$04,x
7B6D : 6F 05		"o "		clr	$05,x
7B6F : 20 0A		"  "		bra	L7B7B
				;
7B71				L7B71:
7B71 : A6 05		"  "		ldaa	$05,x
7B73 : 80 01		"  "		suba	#$01
7B75 : A7 05		"  "		staa	$05,x
7B77 : 24 02		"$ "		bcc	L7B7B
7B79 : 6A 04		"j "		dec	$04,x
7B7B				L7B7B:
7B7B : 4F		"O"		clra
7B7C : FE 78 0B		" x "		ldx	X780B
7B7F : C6 80		"  "		ldab	#$80
7B81				L7B81:
7B81 : A7 40		" @"		staa	$40,x
7B83 : 08		" "		inx
7B84 : 5A		"Z"		decb
7B85 : 26 FA		"& "		bne	L7B81
7B87 : 0C		" "		clc
7B88 : 39		"9"		rts
				;
7B89				L7B89:
7B89 : C6 03		"  "		ldab	#$03
7B8B : 20 02		"  "		bra	L7B8F
				;
7B8D				L7B8D:
7B8D : C6 04		"  "		ldab	#$04
7B8F				L7B8F:
7B8F : FE 78 0B		" x "		ldx	X780B
7B92 : 6F 40		"o@"		clr	$40,x
7B94 : E7 41		" A"		stab	$41,x
7B96 : C6 80		"  "		ldab	#$80
7B98 : E7 22		" ""		stab	$22,x
7B9A : 39		"9"		rts
				;
7B9B				L7B9B:
7B9B : FE 78 0B		" x "		ldx	X780B
7B9E : E6 22		" ""		ldab	$22,x
7BA0 : 2A 14		"* "		bpl	L7BB6
7BA2 : BD 79 EC		" y "		jsr	L79EC
7BA5 : 25 27		"%'"		bcs	L7BCE
7BA7 : FE 78 0B		" x "		ldx	X780B
7BAA : 86 08		"  "		ldaa	#$08
7BAC : A7 22		" ""		staa	$22,x
7BAE : A6 1E		"  "		ldaa	$1E,x
7BB0 : E6 1F		"  "		ldab	$1F,x
7BB2 : A7 2F		" /"		staa	$2F,x
7BB4 : E7 30		" 0"		stab	$30,x
7BB6				L7BB6:
7BB6 : A6 22		" ""		ldaa	$22,x
7BB8 : A7 31		" 1"		staa	$31,x
7BBA : C6 18		"  "		ldab	#$18
7BBC				L7BBC:
7BBC : FF 78 0F		" x "		stx	X780F
7BBF : 37		"7"		pshb
7BC0 : BD 79 E2		" y "		jsr	L79E2
7BC3 : 33		"3"		pulb
7BC4 : FE 78 0F		" x "		ldx	X780F
7BC7 : A7 04		"  "		staa	$04,x
7BC9 : 08		" "		inx
7BCA : 5A		"Z"		decb
7BCB : 26 EF		"& "		bne	L7BBC
7BCD : 0C		" "		clc
7BCE				L7BCE:
7BCE : 39		"9"		rts
				;
7BCF				L7BCF:
7BCF : FE 78 0B		" x "		ldx	X780B
7BD2 : A6 31		" 1"		ldaa	$31,x
7BD4 : A7 22		" ""		staa	$22,x
7BD6 : C6 18		"  "		ldab	#$18
7BD8				L7BD8:
7BD8 : FF 78 0F		" x "		stx	X780F
7BDB : A6 04		"  "		ldaa	$04,x
7BDD : 37		"7"		pshb
7BDE : BD 7A D6		" z "		jsr	L7AD6
7BE1 : 33		"3"		pulb
7BE2 : FE 78 0F		" x "		ldx	X780F
7BE5 : 08		" "		inx
7BE6 : 5A		"Z"		decb
7BE7 : 26 EF		"& "		bne	L7BD8
7BE9 : 7E 7A 67		"~zg"		jmp	L7A67
				;
7BEC				L7BEC:
7BEC : FE 78 0B		" x "		ldx	X780B
7BEF : BD 7F 09		"   "		jsr	L7F09
7BF2 : 25 0E		"% "		bcs	L7C02
7BF4 : BD 79 24		" y$"		jsr	L7924
7BF7 : 8D 94		"  "		bsr	L7B8D
7BF9				L7BF9:
7BF9 : 8D A0		"  "		bsr	L7B9B
7BFB : 24 06		"$ "		bcc	L7C03
7BFD : C1 08		"  "		cmpb	#$08
7BFF : 27 16		"' "		beq	L7C17
7C01 : 0D		" "		sec
7C02				L7C02:
7C02 : 39		"9"		rts
				;
7C03				L7C03:
7C03 : FE 78 0B		" x "		ldx	X780B
7C06 : A6 04		"  "		ldaa	$04,x
7C08 : 27 0B		"' "		beq	L7C15
7C0A : 2A 02		"* "		bpl	L7C0E
7C0C : 8D 0E		"  "		bsr	L7C1C
7C0E				L7C0E:
7C0E : BD 79 32		" y2"		jsr	L7932
7C11 : 26 E6		"& "		bne	L7BF9
7C13 : 0C		" "		clc
7C14 : 39		"9"		rts
				;
7C15				L7C15:
7C15 : 8D 05		"  "		bsr	L7C1C
7C17				L7C17:
7C17 : 8C FF FF		"   "		cpx	#$FFFF
7C1A : 0C		" "		clc
7C1B : 39		"9"		rts
				;
7C1C				L7C1C:
7C1C : A6 33		" 3"		ldaa	$33,x
7C1E : 26 0C		"& "		bne	L7C2C
7C20 : A6 2F		" /"		ldaa	$2F,x
7C22 : E6 30		" 0"		ldab	$30,x
7C24 : A7 32		" 2"		staa	$32,x
7C26 : E7 33		" 3"		stab	$33,x
7C28 : A6 31		" 1"		ldaa	$31,x
7C2A : A7 34		" 4"		staa	$34,x
7C2C				L7C2C:
7C2C : 39		"9"		rts
				;
7C2D				L7C2D:
7C2D : BD 7B 1B		" { "		jsr	L7B1B
7C30 : 26 21		"&!"		bne	L7C53
7C32 : 8D 21		" !"		bsr	L7C55
7C34 : 25 1E		"% "		bcs	L7C54
7C36 : C6 06		"  "		ldab	#$06
7C38 : FE 78 0B		" x "		ldx	X780B
7C3B : FF 78 0F		" x "		stx	X780F
7C3E				L7C3E:
7C3E : FE 78 0F		" x "		ldx	X780F
7C41 : A6 55		" U"		ldaa	$55,x
7C43 : 08		" "		inx
7C44 : FF 78 0F		" x "		stx	X780F
7C47 : FE 78 13		" x "		ldx	X7813
7C4A : A7 00		"  "		staa	$00,x
7C4C : 08		" "		inx
7C4D : FF 78 13		" x "		stx	X7813
7C50 : 5A		"Z"		decb
7C51 : 26 EB		"& "		bne	L7C3E
7C53				L7C53:
7C53 : 0C		" "		clc
7C54				L7C54:
7C54 : 39		"9"		rts
				;
7C55				L7C55:
7C55 : BD 7B 89		" { "		jsr	L7B89
7C58 : BD 79 EC		" y "		jsr	L79EC
7C5B : 25 07		"% "		bcs	L7C64
7C5D : FE 78 0B		" x "		ldx	X780B
7C60 : C6 08		"  "		ldab	#$08
7C62 : E7 22		" ""		stab	$22,x
7C64				L7C64:
7C64 : 39		"9"		rts
				;
7C65				L7C65:
7C65 : BD 7B 1B		" { "		jsr	L7B1B
7C68 : 8D EB		"  "		bsr	L7C55
7C6A : 25 F8		"% "		bcs	L7C64
7C6C : C6 06		"  "		ldab	#$06
7C6E : FE 78 0B		" x "		ldx	X780B
7C71 : FF 78 0F		" x "		stx	X780F
7C74				L7C74:
7C74 : FE 78 13		" x "		ldx	X7813
7C77 : A6 00		"  "		ldaa	$00,x
7C79 : 08		" "		inx
7C7A : FF 78 13		" x "		stx	X7813
7C7D : FE 78 0F		" x "		ldx	X780F
7C80 : A7 55		" U"		staa	$55,x
7C82 : 08		" "		inx
7C83 : FF 78 0F		" x "		stx	X780F
7C86 : 5A		"Z"		decb
7C87 : 26 EB		"& "		bne	L7C74
7C89 : BD 7A 67		" zg"		jsr	L7A67
7C8C : 24 D6		"$ "		bcc	L7C64
7C8E : 7E 7E 33		"~~3"		jmp	L7E33
				;
7C91				L7C91:
7C91 : FE 78 0B		" x "		ldx	X780B
7C94 : 86 02		"  "		ldaa	#$02
7C96 : A7 02		"  "		staa	$02,x
7C98 : A6 2F		" /"		ldaa	$2F,x
7C9A : E6 30		" 0"		ldab	$30,x
7C9C : A7 1E		"  "		staa	$1E,x
7C9E : E7 1F		"  "		stab	$1F,x
7CA0 : BD 7A 0F		" z "		jsr	L7A0F
7CA3 : 25 08		"% "		bcs	L7CAD
7CA5 : BD 7B CF		" { "		jsr	L7BCF
7CA8 : 24 05		"$ "		bcc	L7CAF
7CAA : 7E 7E 33		"~~3"		jmp	L7E33
				;
7CAD				L7CAD:
7CAD : C6 0A		"  "		ldab	#$0A
7CAF				L7CAF:
7CAF : 39		"9"		rts
				;
7CB0				L7CB0:
7CB0 : BD 78 C3		" x "		jsr	L78C3
7CB3 : 25 15		"% "		bcs	L7CCA
7CB5 : BD 7B EC		" { "		jsr	L7BEC
7CB8 : 25 10		"% "		bcs	L7CCA
7CBA : 26 0F		"& "		bne	L7CCB
7CBC : FE 78 0B		" x "		ldx	X780B
7CBF				L7CBF:
7CBF : A6 11		"  "		ldaa	$11,x
7CC1 : E6 12		"  "		ldab	$12,x
7CC3 : A7 40		" @"		staa	$40,x
7CC5 : E7 41		" A"		stab	$41,x
7CC7 : 8D 57		" W"		bsr	L7D20
7CC9 : 0C		" "		clc
7CCA				L7CCA:
7CCA : 39		"9"		rts
				;
7CCB				L7CCB:
7CCB : C6 04		"  "		ldab	#$04
7CCD				L7CCD:
7CCD : 37		"7"		pshb
7CCE : BD 78 D7		" x "		jsr	L78D7
7CD1 : 33		"3"		pulb
7CD2 : 0D		" "		sec
7CD3 : 39		"9"		rts
				;
7CD4 : FE 78 0B		" x "		ldx	X780B
7CD7 : BD 7F 09		"   "		jsr	L7F09
7CDA : 26 F1		"& "		bne	L7CCD
7CDC : BD 78 C3		" x "		jsr	L78C3
7CDF : 25 EC		"% "		bcs	L7CCD
7CE1 : BD 79 17		" y "		jsr	L7917
7CE4 : BD 7C 2D		" |-"		jsr	L7C2D
7CE7 : 25 E4		"% "		bcs	L7CCD
7CE9 : BD 7B EC		" { "		jsr	L7BEC
7CEC : 25 DF		"% "		bcs	L7CCD
7CEE : 26 04		"& "		bne	L7CF4
7CF0 : C6 03		"  "		ldab	#$03
7CF2 : 20 D9		"  "		bra	L7CCD
				;
7CF4				L7CF4:
7CF4 : FE 78 0B		" x "		ldx	X780B
7CF7 : A6 32		" 2"		ldaa	$32,x
7CF9 : E6 33		" 3"		ldab	$33,x
7CFB : 27 1F		"' "		beq	L7D1C
7CFD : A7 2F		" /"		staa	$2F,x
7CFF : E7 30		" 0"		stab	$30,x
7D01 : A6 34		" 4"		ldaa	$34,x
7D03 : A7 31		" 1"		staa	$31,x
7D05 : C6 0B		"  "		ldab	#$0B
7D07				L7D07:
7D07 : A6 24		" $"		ldaa	$24,x
7D09 : A7 04		"  "		staa	$04,x
7D0B : 08		" "		inx
7D0C : 5A		"Z"		decb
7D0D : 26 F8		"& "		bne	L7D07
7D0F : BD 7C 91		" | "		jsr	L7C91
7D12 : 25 B9		"% "		bcs	L7CCD
7D14 : 8D 0A		"  "		bsr	L7D20
7D16 : 86 04		"  "		ldaa	#$04
7D18 : A7 22		" ""		staa	$22,x
7D1A : 0C		" "		clc
7D1B : 39		"9"		rts
				;
7D1C				L7D1C:
7D1C : C6 06		"  "		ldab	#$06
7D1E : 20 AD		"  "		bra	L7CCD
				;
7D20				L7D20:
7D20 : FE 78 0B		" x "		ldx	X780B
7D23 : A6 00		"  "		ldaa	$00,x
7D25 : A7 02		"  "		staa	$02,x
7D27 : 6F 00		"o "		clr	$00,x
7D29 : 6F 3B		"o;"		clr	$3B,x
7D2B : 86 80		"  "		ldaa	#$80
7D2D : A7 22		" ""		staa	$22,x
7D2F : 39		"9"		rts
				;
7D30 : 8D 23		" #"		bsr	L7D55
7D32 : 25 09		"% "		bcs	L7D3D
7D34 : 44		"D"		lsra
7D35 : 24 03		"$ "		bcc	L7D3A
7D37 : 7E 79 EC		"~y "		jmp	L79EC
7D3A				L7D3A:
7D3A : 7E 7A FF		"~z "		jmp	L7AFF
7D3D				L7D3D:
7D3D : 39		"9"		rts
				;
7D3E				L7D3E:
7D3E : FE 78 0B		" x "		ldx	X780B
7D41 : A6 02		"  "		ldaa	$02,x
7D43 : 81 83		"  "		cmpa	#$83
7D45 : 26 0C		"& "		bne	L7D53
7D47 : 86 03		"  "		ldaa	#$03
7D49 : A7 02		"  "		staa	$02,x
7D4B				L7D4B:
7D4B : BD 7A 67		" zg"		jsr	L7A67
7D4E : 24 03		"$ "		bcc	L7D53
7D50 : 7E 7E 33		"~~3"		jmp	L7E33
				;
7D53				L7D53:
7D53 : 0C		" "		clc
7D54 : 39		"9"		rts
				;
7D55				L7D55:
7D55 : 8D E7		"  "		bsr	L7D3E
7D57 : 25 0E		"% "		bcs	L7D67
7D59 : FE 78 0B		" x "		ldx	X780B
7D5C : A6 02		"  "		ldaa	$02,x
7D5E : 81 03		"  "		cmpa	#$03
7D60 : 22 02		"" "		bhi	L7D64
7D62 : 0C		" "		clc
7D63 : 39		"9"		rts
				;
7D64				L7D64:
7D64 : C6 12		"  "		ldab	#$12
7D66 : 0D		" "		sec
7D67				L7D67:
7D67 : 39		"9"		rts
				;
7D68				L7D68:
7D68 : 8D EB		"  "		bsr	L7D55
7D6A : 25 23		"%#"		bcs	L7D8F
7D6C : 81 02		"  "		cmpa	#$02
7D6E : 27 08		"' "		beq	L7D78
7D70				L7D70:
7D70 : FE 78 0B		" x "		ldx	X780B
7D73 : 6F 02		"o "		clr	$02,x
7D75 : 7E 78 D7		"~x "		jmp	L78D7
				;
7D78				L7D78:
7D78 : A6 12		"  "		ldaa	$12,x
7D7A : 26 05		"& "		bne	L7D81
7D7C : BD 7E 18		" ~ "		jsr	L7E18
7D7F : 20 0C		"  "		bra	L7D8D
				;
7D81				L7D81:
7D81 : 8D C8		"  "		bsr	L7D4B
7D83 : 25 0A		"% "		bcs	L7D8F
7D85 : BD 7C 91		" | "		jsr	L7C91
7D88 : 25 05		"% "		bcs	L7D8F
7D8A : BD 7C 65		" |e"		jsr	L7C65
7D8D				L7D8D:
7D8D : 24 E1		"$ "		bcc	L7D70
7D8F				L7D8F:
7D8F : 39		"9"		rts
				;
7D90 : BD 7C B0		" | "		jsr	L7CB0
7D93 : 25 22		"%""		bcs	L7DB7
7D95 : BD 79 EC		" y "		jsr	L79EC
7D98 : 25 1D		"% "		bcs	L7DB7
7D9A : 86 03		"  "		ldaa	#$03
7D9C : 20 13		"  "		bra	L7DB1
				;
7D9E : BD 7C B0		" | "		jsr	L7CB0
7DA1 : 25 14		"% "		bcs	L7DB7
7DA3 : FE 78 0B		" x "		ldx	X780B
7DA6 : A6 13		"  "		ldaa	$13,x
7DA8 : E6 14		"  "		ldab	$14,x
7DAA : BD 79 F9		" y "		jsr	L79F9
7DAD : 25 08		"% "		bcs	L7DB7
7DAF : 86 02		"  "		ldaa	#$02
7DB1				L7DB1:
7DB1 : FE 78 0B		" x "		ldx	X780B
7DB4 : A7 02		"  "		staa	$02,x
7DB6 : 0C		" "		clc
7DB7				L7DB7:
7DB7 : 39		"9"		rts
				;
7DB8 : 8D 21		" !"		bsr	L7DDB
7DBA : BD 7B EC		" { "		jsr	L7BEC
7DBD : 25 1B		"% "		bcs	L7DDA
7DBF : 27 16		"' "		beq	L7DD7
7DC1 : FE 78 0B		" x "		ldx	X780B
7DC4 : C6 0B		"  "		ldab	#$0B
7DC6				L7DC6:
7DC6 : A6 24		" $"		ldaa	$24,x
7DC8 : A7 04		"  "		staa	$04,x
7DCA : 08		" "		inx
7DCB : 5A		"Z"		decb
7DCC : 26 F8		"& "		bne	L7DC6
7DCE : 8D 36		" 6"		bsr	L7E06
7DD0 : 25 08		"% "		bcs	L7DDA
7DD2 : 8D 07		"  "		bsr	L7DDB
7DD4 : 7E 7E 1F		"~~ "		jmp	L7E1F
				;
7DD7				L7DD7:
7DD7 : C6 03		"  "		ldab	#$03
7DD9 : 0D		" "		sec
7DDA				L7DDA:
7DDA : 39		"9"		rts
				;
7DDB				L7DDB:
7DDB : FE 78 0B		" x "		ldx	X780B
7DDE : 86 0B		"  "		ldaa	#$0B
7DE0 : B7 78 11		" x "		staa	X7811
7DE3				L7DE3:
7DE3 : A6 04		"  "		ldaa	$04,x
7DE5 : E6 35		" 5"		ldab	$35,x
7DE7 : A7 35		" 5"		staa	$35,x
7DE9 : E7 04		"  "		stab	$04,x
7DEB : 08		" "		inx
7DEC : 7A 78 11		"zx "		dec	X7811
7DEF : 26 F2		"& "		bne	L7DE3
7DF1 : FE 78 0B		" x "		ldx	X780B
7DF4 : A6 0C		"  "		ldaa	$0C,x
7DF6 : 26 0A		"& "		bne	L7E02
7DF8 : C6 03		"  "		ldab	#$03
7DFA				L7DFA:
7DFA : A6 3D		" ="		ldaa	$3D,x
7DFC : A7 0C		"  "		staa	$0C,x
7DFE : 08		" "		inx
7DFF : 5A		"Z"		decb
7E00 : 26 F8		"& "		bne	L7DFA
7E02				L7E02:
7E02 : FE 78 0B		" x "		ldx	X780B
7E05 : 39		"9"		rts
				;
7E06				L7E06:
7E06 : 8D D3		"  "		bsr	L7DDB
7E08				L7E08:
7E08 : BD 7B EC		" { "		jsr	L7BEC
7E0B : 25 06		"% "		bcs	L7E13
7E0D : 26 05		"& "		bne	L7E14
7E0F : FE 78 0B		" x "		ldx	X780B
7E12 : 0C		" "		clc
7E13				L7E13:
7E13 : 39		"9"		rts
				;
7E14				L7E14:
7E14 : C6 04		"  "		ldab	#$04
7E16 : 0D		" "		sec
7E17 : 39		"9"		rts
				;
7E18				L7E18:
7E18 : FE 78 0B		" x "		ldx	X780B
7E1B : 86 FF		"  "		ldaa	#$FF
7E1D : A7 04		"  "		staa	$04,x
7E1F				L7E1F:
7E1F : BD 7C 91		" | "		jsr	L7C91
7E22 : FE 78 0B		" x "		ldx	X780B
7E25 : 86 00		"  "		ldaa	#$00
7E27 : A7 02		"  "		staa	$02,x
7E29 : 39		"9"		rts
				;
7E2A				L7E2A:
7E2A : A7 40		" @"		staa	$40,x
7E2C : E7 41		" A"		stab	$41,x
7E2E : BD 7A 67		" zg"		jsr	L7A67
7E31 : 24 09		"$ "		bcc	L7E3C
7E33				L7E33:
7E33 : C5 40		" @"		bitb	#$40
7E35 : 27 05		"' "		beq	L7E3C
7E37 : C6 0B		"  "		ldab	#$0B
7E39 : 39		"9"		rts
				;
7E3A : C6 0A		"  "		ldab	#$0A
7E3C				L7E3C:
7E3C : 39		"9"		rts
				;
7E3D : BD 7C 2D		" |-"		jsr	L7C2D
7E40 : 25 60		"%`"		bcs	L7EA2
7E42 : BD 7E 08		" ~ "		jsr	L7E08
7E45 : 25 5B		"%["		bcs	L7EA2
7E47 : BD 7B 1B		" { "		jsr	L7B1B
7E4A : FE 78 13		" x "		ldx	X7813
7E4D : A6 02		"  "		ldaa	$02,x
7E4F : E6 03		"  "		ldab	$03,x
7E51 : 26 12		"& "		bne	L7E65
7E53 : FE 78 0B		" x "		ldx	X780B
7E56 : A6 11		"  "		ldaa	$11,x
7E58 : E6 12		"  "		ldab	$12,x
7E5A : 27 3E		"'>"		beq	L7E9A
7E5C : FE 78 13		" x "		ldx	X7813
7E5F : A7 00		"  "		staa	$00,x
7E61 : E7 01		"  "		stab	$01,x
7E63 : 20 15		"  "		bra	L7E7A
				;
7E65				L7E65:
7E65 : FE 78 0B		" x "		ldx	X780B
7E68 : BD 79 F9		" y "		jsr	L79F9
7E6B : 25 35		"%5"		bcs	L7EA2
7E6D : FE 78 0B		" x "		ldx	X780B
7E70 : A6 11		"  "		ldaa	$11,x
7E72 : E6 12		"  "		ldab	$12,x
7E74 : 27 24		"'$"		beq	L7E9A
7E76 : 8D B2		"  "		bsr	L7E2A
7E78 : 25 28		"%("		bcs	L7EA2
7E7A				L7E7A:
7E7A : FE 78 0B		" x "		ldx	X780B
7E7D : A6 13		"  "		ldaa	$13,x
7E7F : E6 14		"  "		ldab	$14,x
7E81 : FE 78 13		" x "		ldx	X7813
7E84 : A7 02		"  "		staa	$02,x
7E86 : E7 03		"  "		stab	$03,x
7E88 : FE 78 0B		" x "		ldx	X780B
7E8B : A6 15		"  "		ldaa	$15,x
7E8D : E6 16		"  "		ldab	$16,x
7E8F : FE 78 13		" x "		ldx	X7813
7E92 : EB 05		"  "		addb	$05,x
7E94 : A9 04		"  "		adca	$04,x
7E96 : A7 04		"  "		staa	$04,x
7E98 : E7 05		"  "		stab	$05,x
7E9A				L7E9A:
7E9A : BD 7E 18		" ~ "		jsr	L7E18
7E9D : 25 03		"% "		bcs	L7EA2
7E9F : BD 7C 65		" |e"		jsr	L7C65
7EA2				L7EA2:
7EA2 : 39		"9"		rts
				;
7EA3 : BF F7 FF		"   "		sts	XF7FF
7EA6 : FF FF FF		"   "		stx	XFFFF
7EA9 : F7 EE 5F		"  _"		stab	XEE5F
7EAC : 5F		"_"		clrb
7EAD : FF FF 7F		"   "		stx	XFF7F
7EB0 : C6 B8		"  "		ldab	#$B8
7EB2 : C2 E4		"  "		sbcb	#$E4
7EB4 : 57		"W"		asrb
				;
7EB5 : 71		"q"		db	$71
				;
7EB6 : C4 5D		" ]"		andb	#$5D
7EB8 : 3F		"?"		swi
7EB9 : FF D2 BE		"   "		stx	XD2BE
7EBC : 60 E3		"` "		neg	$E3,x
7EBE : F5 8C FF		"   "		bitb	X8CFF
7EC1 : FE FF FF		"   "		ldx	XFFFF
7EC4 : FF FF DF		"   "		stx	XFFDF
7EC7 : FF FF FF		"   "		stx	XFFFF
7ECA : F7 DF F7		"   "		stab	XDFF7
7ECD : FF FF BF		"   "		stx	XFFBF
7ED0 : 57		"W"		asrb
				;
7ED1 : 4E C7		"N "		db	$4E, $C7
				;
7ED3 : DB 4F		" O"		addb	X004F
7ED5 : BD 9F A4		"   "		jsr	L9FA4
				;
7ED8 : DD 1D		"  "		db	$DD, $1D
				;
7EDA : B5 70 BB		" p "		bita	X70BB
				;
7EDD : 8F 38 18		" 8 "		db	$8F, $38, $18
				;
7EE0 : FF FB FF		"   "		stx	XFBFF
7EE3 : DB 7F		"  "		addb	X007F
7EE5 : FF 77 3F		" w?"		stx	X773F
7EE8 : FF FF 7D		"  }"		stx	XFF7D
7EEB : DB FE		"  "		addb	X00FE
7EED : FF AF 7F		"   "		stx	XAF7F
				;
7EF0 : 18		" "		db	$18
				;
7EF1 : B7 81 66		"  f"		staa	X8166
7EF4 : 9F 08		"  "		sts	X0008
7EF6 : EF C1		"  "		stx	$C1,x
				;
7EF8 : 8F		" "		db	$8F
				;
7EF9 : FF 69 0B		" i "		stx	X690B
7EFC : 17		" "		tba
				;
7EFD : 4E		"N"		db	$4E
				;
7EFE : BA 7A 7E		" z~"		oraa	X7A7E
7F01 : 7F 17 7E		"  ~"		clr	X177E
7F04 : 7F 67 7E		" g~"		clr	X677E
7F07 : 7F 92 7E		"  ~"		clr	X927E
7F0A : 7F A2 7E		"  ~"		clr	XA27E
7F0D : 7F D2 00		"   "		clr	XD200
				;
7F10 : 00		" "		db	$00
				;
7F11				X7F11:
7F11 : 77 40 00		"w@ "		asr	X4000
				;
7F14 : 00 00 00		"   "		db	$00, $00, $00
				;
7F17 : 8D 31		" 1"		bsr	L7F4A
7F19 : 01		" "		nop
7F1A : 0F		" "		sei
7F1B : 86 8C		"  "		ldaa	#$8C
7F1D : B7 80 18		"   "		staa	X8018
7F20 : BD 7F F9		"   "		jsr	L7FF9
7F23 : C6 80		"  "		ldab	#$80
7F25				L7F25:
7F25 : B6 80 18		"   "		ldaa	X8018
7F28 : 85 02		"  "		bita	#$02
7F2A : 26 07		"& "		bne	L7F33
7F2C : 85 01		"  "		bita	#$01
7F2E : 26 F5		"& "		bne	L7F25
7F30 : 16		" "		tab
7F31 : 20 0B		"  "		bra	L7F3E
				;
7F33				L7F33:
7F33 : B6 80 1B		"   "		ldaa	X801B
7F36 : A7 00		"  "		staa	$00,x
7F38 : 08		" "		inx
7F39 : 5A		"Z"		decb
7F3A : 26 E9		"& "		bne	L7F25
7F3C : 8D 04		"  "		bsr	L7F42
7F3E				L7F3E:
7F3E : C5 1C		"  "		bitb	#$1C
7F40 : 0E		" "		cli
7F41 : 39		"9"		rts
				;
7F42				L7F42:
7F42 : F6 80 18		"   "		ldab	X8018
7F45 : C5 01		"  "		bitb	#$01
7F47 : 26 F9		"& "		bne	L7F42
7F49 : 39		"9"		rts
				;
7F4A				L7F4A:
7F4A : B1 80 19		"   "		cmpa	X8019
7F4D : 27 12		"' "		beq	L7F61
7F4F : B7 80 1B		"   "		staa	X801B
7F52 : BD 7F F9		"   "		jsr	L7FF9
7F55 : 86 1B		"  "		ldaa	#$1B
7F57 : B7 80 18		"   "		staa	X8018
7F5A : BD 7F F9		"   "		jsr	L7FF9
7F5D : 37		"7"		pshb
7F5E : 8D E2		"  "		bsr	L7F42
7F60 : 33		"3"		pulb
7F61				L7F61:
7F61 : F7 80 1A		"   "		stab	X801A
7F64 : 7E 7F F9		"~  "		jmp	L7FF9
				;
7F67 : 8D E1		"  "		bsr	L7F4A
7F69 : 01		" "		nop
7F6A : 0F		" "		sei
7F6B : 86 AC		"  "		ldaa	#$AC
7F6D : B7 80 18		"   "		staa	X8018
7F70 : BD 7F F9		"   "		jsr	L7FF9
7F73 : C6 80		"  "		ldab	#$80
7F75				L7F75:
7F75 : B6 80 18		"   "		ldaa	X8018
7F78 : 85 02		"  "		bita	#$02
7F7A : 26 07		"& "		bne	L7F83
7F7C : 85 01		"  "		bita	#$01
7F7E : 26 F5		"& "		bne	L7F75
7F80 : 16		" "		tab
7F81 : 20 0B		"  "		bra	L7F8E
				;
7F83				L7F83:
7F83 : A6 00		"  "		ldaa	$00,x
7F85 : B7 80 1B		"   "		staa	X801B
7F88 : 08		" "		inx
7F89 : 5A		"Z"		decb
7F8A : 26 E9		"& "		bne	L7F75
7F8C : 8D B4		"  "		bsr	L7F42
7F8E				L7F8E:
7F8E : C5 5C		" \"		bitb	#$5C
7F90 : 0E		" "		cli
7F91 : 39		"9"		rts
				;
7F92 : 86 8C		"  "		ldaa	#$8C
7F94 : 01		" "		nop
7F95 : 0F		" "		sei
7F96 : B7 80 18		"   "		staa	X8018
7F99 : BD 7F F9		"   "		jsr	L7FF9
7F9C : 8D A4		"  "		bsr	L7F42
7F9E : 0E		" "		cli
7F9F : C5 18		"  "		bitb	#$18
7FA1 : 39		"9"		rts
				;
7FA2 : FF 7F 11		"   "		stx	X7F11
7FA5 : 8D 2B		" +"		bsr	L7FD2
7FA7 : 86 0B		"  "		ldaa	#$0B
7FA9 : B7 80 18		"   "		staa	X8018
7FAC : 8D 4B		" K"		bsr	L7FF9
7FAE : CE 00 00		"   "		ldx	#$0000
7FB1				L7FB1:
7FB1 : BD 7F FC		"   "		jsr	L7FFC
7FB4 : B6 80 18		"   "		ldaa	X8018
7FB7 : 85 01		"  "		bita	#$01
7FB9 : 27 0A		"' "		beq	L7FC5
7FBB : 09		" "		dex
7FBC : 26 F3		"& "		bne	L7FB1
7FBE : FE 7F 11		"   "		ldx	X7F11
7FC1 : C6 0F		"  "		ldab	#$0F
7FC3 : 0D		" "		sec
7FC4 : 39		"9"		rts
				;
7FC5				L7FC5:
7FC5 : FE 7F 11		"   "		ldx	X7F11
7FC8 : 85 40		" @"		bita	#$40
7FCA : 26 02		"& "		bne	L7FCE
7FCC : 0C		" "		clc
7FCD : 39		"9"		rts
				;
7FCE				L7FCE:
7FCE : C6 0B		"  "		ldab	#$0B
7FD0 : 0C		" "		clc
7FD1 : 39		"9"		rts
				;
7FD2				L7FD2:
7FD2 : A6 03		"  "		ldaa	$03,x
7FD4 : 84 03		"  "		anda	#$03
7FD6 : 8D 14		"  "		bsr	L7FEC
7FD8 : F6 80 19		"   "		ldab	X8019
7FDB : E7 00		"  "		stab	$00,x
7FDD : B7 80 14		"   "		staa	X8014
7FE0 : B7 7F 0F		"   "		staa	X7F0F
7FE3 : 8D 07		"  "		bsr	L7FEC
7FE5 : A6 00		"  "		ldaa	$00,x
7FE7 : B7 80 19		"   "		staa	X8019
7FEA : 20 0D		"  "		bra	L7FF9
				;
7FEC				L7FEC:
7FEC : CE 7F 13		"   "		ldx	#$7F13
7FEF : F6 7F 0F		"   "		ldab	X7F0F
7FF2 : 27 04		"' "		beq	L7FF8
7FF4				L7FF4:
7FF4 : 08		" "		inx
7FF5 : 5A		"Z"		decb
7FF6 : 26 FC		"& "		bne	L7FF4
7FF8				L7FF8:
7FF8 : 39		"9"		rts
				;
7FF9				L7FF9:
7FF9 : BD 7F FC		"   "		jsr	L7FFC
7FFC				L7FFC:
7FFC : BD 7F FF		"   "		jsr	L7FFF
7FFF				L7FFF:
7FFF : 39		"9"		rts

;--------------------------------------------------------------
Symbol table
============

Value		Type	Name
-----		----	----
0000		Data	X0000
0008		Data	X0008
0014		Data	X0014
004F		Data	X004F
0052		Data	X0052
007B		Data	X007B
007D		Data	X007D
007F		Data	X007F
008D		Data	X008D
009C		Data	X009C
00AF		Data	X00AF
00DD		Data	X00DD
00EF		Data	X00EF
00FE		Data	X00FE
0F7A		Data	X0F7A
177E		Data	X177E
307B		Data	X307B
33B7		Data	X33B7
3D7D		Code	L3D7D
3E66		Data	X3E66
4000		Data	X4000
4DED		Data	X4DED
5DB7		Data	X5DB7
677E		Data	X677E
67CE		Data	X67CE
690B		Data	X690B
7080		Data	X7080
7081		Data	X7081
7082		Data	X7082
7083		Data	X7083
7084		Data	X7084
7085		Data	X7085
7087		Data	X7087
7088		Data	X7088
7089		Data	X7089
708A		Data	X708A
708B		Data	X708B
708C		Data	X708C
708D		Data	X708D
7091		Data	X7091
7092		Data	X7092
7094		Data	X7094
7095		Data	X7095
7096		Data	X7096
709A		Data	X709A
709B		Data	X709B
709C		Data	X709C
709D		Data	X709D
709E		Data	X709E
709F		Data	X709F
70A0		Data	X70A0
70A1		Data	X70A1
70A2		Data	X70A2
70A3		Data	X70A3
70A4		Data	X70A4
70A5		Data	X70A5
70A6		Data	X70A6
70A7		Data	X70A7
70A8		Data	X70A8
70A9		Data	X70A9
70AA		Data	X70AA
70AB		Data	X70AB
70AD		Data	X70AD
70AE		Data	X70AE
70AF		Data	X70AF
70B1		Data	X70B1
70B2		Data	X70B2
70B3		Data	X70B3
70B4		Data	X70B4
70BB		Data	X70BB
7103		Code	L7103
7109		Code	L7109
710C		Code	L710C
710D		Data	X710D
7136		Code	L7136
7137		Data	X7137
7145		Code	L7145
7151		Code	L7151
715D		Code	L715D
717E		Code	L717E
7186		Code	L7186
7194		Code	L7194
719B		Code	L719B
71B6		Code	L71B6
71BA		Code	L71BA
71BD		Code	L71BD
71C2		Code	L71C2
71C5		Code	L71C5
71C8		Code	L71C8
71CD		Code	L71CD
71D7		Code	L71D7
71DD		Code	L71DD
71E5		Code	L71E5
7204		Code	L7204
720A		Code	L720A
7219		Code	L7219
721A		Code	L721A
7220		Code	L7220
723A		Code	L723A
7242		Code	L7242
7249		Code	L7249
7251		Code	L7251
7253		Code	L7253
725E		Code	L725E
7264		Code	L7264
7278		Code	L7278
727F		Code	L727F
7293		Code	L7293
7299		Code	L7299
729E		Code	L729E
729F		Code	L729F
72A2		Code	L72A2
72B0		Code	L72B0
72B6		Code	L72B6
72B7		Code	L72B7
72B9		Code	L72B9
72C4		Code	L72C4
72CD		Code	L72CD
72E0		Code	L72E0
72E1		Code	L72E1
72E6		Data	X72E6
72F5		Code	L72F5
7301		Code	L7301
7304		Code	L7304
7305		Code	L7305
7306		Code	L7306
7318		Code	L7318
7324		Code	L7324
7327		Code	L7327
7331		Code	L7331
733A		Code	L733A
7350		Code	L7350
7355		Code	L7355
7357		Code	L7357
735F		Code	L735F
7363		Code	L7363
736D		Code	L736D
7370		Code	L7370
7388		Code	L7388
738D		Code	L738D
738F		Code	L738F
73A7		Code	L73A7
73AC		Code	L73AC
73D0		Code	L73D0
73E8		Code	L73E8
73EB		Code	L73EB
73ED		Code	L73ED
73EE		Code	L73EE
73EF		Code	L73EF
7406		Code	L7406
740A		Code	L740A
7416		Code	L7416
7427		Code	L7427
742A		Code	L742A
742C		Code	L742C
7435		Code	L7435
743B		Code	L743B
7444		Code	L7444
744B		Code	L744B
7461		Code	L7461
7476		Code	L7476
7489		Code	L7489
7490		Code	L7490
749C		Code	L749C
74AF		Code	L74AF
74B5		Code	L74B5
74BA		Code	L74BA
74C6		Code	L74C6
74CC		Code	L74CC
74CE		Code	L74CE
74DC		Code	L74DC
74E0		Code	L74E0
74E3		Code	L74E3
74FE		Code	L74FE
7515		Code	L7515
7525		Code	L7525
7535		Code	L7535
753E		Code	L753E
7540		Code	L7540
7549		Code	L7549
754E		Code	L754E
755D		Code	L755D
7564		Code	L7564
756C		Code	L756C
756F		Code	L756F
7582		Code	L7582
758A		Code	L758A
7594		Code	L7594
75AB		Code	L75AB
75BA		Code	L75BA
75BC		Code	L75BC
75D6		Code	L75D6
75D7		Code	L75D7
75DD		Code	L75DD
75E5		Code	L75E5
75F1		Code	L75F1
75FF		Code	L75FF
75FF		Data	X75FF
7618		Code	L7618
762C		Code	L762C
762F		Code	L762F
7638		Code	L7638
763D		Code	L763D
7666		Code	L7666
767B		Code	L767B
769A		Code	L769A
76A6		Code	L76A6
76B7		Code	L76B7
76BF		Code	L76BF
770A		Code	L770A
7725		Code	L7725
773C		Code	L773C
773F		Data	X773F
7776		Code	L7776
7800		Code	L7800
7803		Code	L7803
7806		Code	L7806
7809		Data	X7809
780B		Data	X780B
780C		Data	X780C
780D		Data	X780D
780E		Data	X780E
780F		Data	X780F
7811		Data	X7811
7812		Data	X7812
7813		Data	X7813
782D		Data	X782D
782E		Code	L782E
7835		Code	L7835
783A		Code	L783A
7841		Code	L7841
7848		Code	L7848
785C		Code	L785C
7875		Code	L7875
787A		Code	L787A
787E		Code	L787E
7886		Code	L7886
7892		Code	L7892
7897		Code	L7897
7899		Code	L7899
78C3		Code	L78C3
78D7		Code	L78D7
78DF		Code	L78DF
78EC		Code	L78EC
78F1		Code	L78F1
78FE		Code	L78FE
790A		Code	L790A
7913		Code	L7913
7917		Code	L7917
791D		Code	L791D
7924		Code	L7924
7925		Code	L7925
7929		Code	L7929
7932		Code	L7932
7937		Code	L7937
7941		Code	L7941
7942		Code	L7942
7950		Code	L7950
7954		Code	L7954
795D		Code	L795D
7961		Data	X7961
7963		Code	L7963
7971		Code	L7971
7975		Code	L7975
7977		Code	L7977
7979		Code	L7979
799A		Code	L799A
79A2		Code	L79A2
79A4		Code	L79A4
79B4		Code	L79B4
79C7		Code	L79C7
79CE		Code	L79CE
79CF		Code	L79CF
79DE		Code	L79DE
79E2		Code	L79E2
79EB		Code	L79EB
79EC		Code	L79EC
79F9		Code	L79F9
7A0B		Code	L7A0B
7A0D		Code	L7A0D
7A0E		Code	L7A0E
7A0F		Code	L7A0F
7A17		Code	L7A17
7A20		Code	L7A20
7A27		Code	L7A27
7A3A		Code	L7A3A
7A42		Code	L7A42
7A4F		Code	L7A4F
7A63		Code	L7A63
7A65		Code	L7A65
7A67		Code	L7A67
7A6F		Code	L7A6F
7A7E		Data	X7A7E
7A8B		Code	L7A8B
7A8D		Code	L7A8D
7A98		Code	L7A98
7A9A		Code	L7A9A
7A9C		Code	L7A9C
7AAE		Code	L7AAE
7AB3		Code	L7AB3
7AB8		Code	L7AB8
7ABA		Code	L7ABA
7AC3		Code	L7AC3
7AD0		Code	L7AD0
7AD5		Code	L7AD5
7AD6		Code	L7AD6
7AE3		Data	X7AE3
7AED		Code	L7AED
7AFA		Code	L7AFA
7AFB		Code	L7AFB
7AFF		Code	L7AFF
7B14		Code	L7B14
7B1B		Code	L7B1B
7B32		Code	L7B32
7B3A		Code	L7B3A
7B49		Code	L7B49
7B4F		Code	L7B4F
7B71		Code	L7B71
7B7B		Code	L7B7B
7B81		Code	L7B81
7B89		Code	L7B89
7B8D		Code	L7B8D
7B8F		Code	L7B8F
7B9B		Code	L7B9B
7BB6		Code	L7BB6
7BBC		Code	L7BBC
7BCE		Code	L7BCE
7BCF		Code	L7BCF
7BD8		Code	L7BD8
7BEC		Code	L7BEC
7BF9		Code	L7BF9
7C02		Code	L7C02
7C03		Code	L7C03
7C0E		Code	L7C0E
7C15		Code	L7C15
7C17		Code	L7C17
7C1C		Code	L7C1C
7C2C		Code	L7C2C
7C2D		Code	L7C2D
7C3E		Code	L7C3E
7C53		Code	L7C53
7C54		Code	L7C54
7C55		Code	L7C55
7C64		Code	L7C64
7C65		Code	L7C65
7C74		Code	L7C74
7C91		Code	L7C91
7CAD		Code	L7CAD
7CAF		Code	L7CAF
7CB0		Code	L7CB0
7CBF		Code	L7CBF
7CCA		Code	L7CCA
7CCB		Code	L7CCB
7CCD		Code	L7CCD
7CF4		Code	L7CF4
7D07		Code	L7D07
7D1C		Code	L7D1C
7D20		Code	L7D20
7D3A		Code	L7D3A
7D3D		Code	L7D3D
7D3E		Code	L7D3E
7D4B		Code	L7D4B
7D53		Code	L7D53
7D55		Code	L7D55
7D64		Code	L7D64
7D67		Code	L7D67
7D68		Code	L7D68
7D70		Code	L7D70
7D78		Code	L7D78
7D81		Code	L7D81
7D8D		Code	L7D8D
7D8F		Code	L7D8F
7DB1		Code	L7DB1
7DB7		Code	L7DB7
7DC6		Code	L7DC6
7DD7		Code	L7DD7
7DDA		Code	L7DDA
7DDB		Code	L7DDB
7DE3		Code	L7DE3
7DFA		Code	L7DFA
7E02		Code	L7E02
7E06		Code	L7E06
7E08		Code	L7E08
7E13		Code	L7E13
7E14		Code	L7E14
7E18		Code	L7E18
7E1F		Code	L7E1F
7E2A		Code	L7E2A
7E33		Code	L7E33
7E3C		Code	L7E3C
7E65		Code	L7E65
7E7A		Code	L7E7A
7E9A		Code	L7E9A
7EA2		Code	L7EA2
7F00		Code	L7F00
7F03		Code	L7F03
7F06		Code	L7F06
7F09		Code	L7F09
7F0C		Code	L7F0C
7F0F		Data	X7F0F
7F11		Data	X7F11
7F25		Code	L7F25
7F33		Code	L7F33
7F3E		Code	L7F3E
7F42		Code	L7F42
7F4A		Code	L7F4A
7F61		Code	L7F61
7F75		Code	L7F75
7F83		Code	L7F83
7F8E		Code	L7F8E
7FB1		Code	L7FB1
7FC5		Code	L7FC5
7FCE		Code	L7FCE
7FD2		Code	L7FD2
7FEC		Code	L7FEC
7FF4		Code	L7FF4
7FF8		Code	L7FF8
7FF9		Code	L7FF9
7FFC		Code	L7FFC
7FFF		Code	L7FFF
8004		Data	SIOCSR
8005		Data	SIODR
8006		Data	X8006
8014		Data	X8014
8018		Data	X8018
8019		Data	X8019
801A		Data	X801A
801B		Data	X801B
8166		Data	X8166
8B7D		Data	X8B7D
8CFF		Data	X8CFF
927E		Data	X927E
9FA4		Code	L9FA4
A00C		Data	XA00C
A048		Data	XA048
A27E		Data	XA27E
AF7F		Data	XAF7F
B07C		Data	XB07C
B6FB		Data	XB6FB
BF3A		Data	XBF3A
BF5F		Data	XBF5F
BFFE		Data	XBFFE
CE7F		Data	XCE7F
CF80		Data	XCF80
D200		Data	XD200
D2BE		Data	XD2BE
DAF2		Data	XDAF2
DBF2		Data	XDBF2
DFF7		Data	XDFF7
DFFE		Data	XDFFE
E1AC		Code	LE1AC
E1D1		Code	LE1D1
E7DF		Data	XE7DF
E7FF		Data	XE7FF
EDDF		Data	XEDDF
EDE7		Data	XEDE7
EE5F		Data	XEE5F
F62F		Data	XF62F
F7FF		Data	XF7FF
FBC7		Data	XFBC7
FBFF		Data	XFBFF
FD27		Data	XFD27
FDED		Code	LFDED
FF7D		Data	XFF7D
FF7F		Data	XFF7F
FFBF		Data	XFFBF
FFDF		Data	XFFDF
FFF7		Data	XFFF7
FFFF		Data	XFFFF

Number of symbols:			469

;--------------------------------------------------------------
