100:	JMP  $103A  COLD START
103:	JMP  $1075  WARM START
106:	JMP  $065D
109:	JMP  $0648  GET KEY FROM KEYBOARD
10C:	JMP  $04A9
10F:	JMP  $06A4
112:	JMP  $0699
115:	JMP  $04B5
118:	JMP  $05EB
11B:	JMP  $05C1
11E:	JMP  $04CA
121:	JMP  $06BB
124:	JMP  $071E
127:	JMP  $04E3
12A:	JMP  $1C5B
12D:	JMP  $1C5B
130:	JMP  $1C5B
133:	JMP  $1C5B
136:	JMP  $1C5B
139:	JMP  $1C5B
13C:	JMP  $1C5B
13F:	JMP  $1C5B
142:	JMP  $1C5B
145:	JMP  $1C5B
148:	JMP  $1C5B
14B:	JMP  $1C5B
14E:	30 00 
150:	80 00         HIMEM
152     01 18 
154:	08 00 03 1B
158:	15 FF 02 00
15C:	00 00 01 01
160:	01 01 03

163:	FCB  'RND',        0, $2331
169:    FCB  'TAB(',       0, $1CD0
170:    FCB  'INT(',       0, $22F4
177:    FCB  'CHR$(',      0, $257D
17F:    FCB  'ABS(',       0, $2328
186:    FCB  'SGN(',       0, $2312
18D:    FCB  'SQR(',       0, $28BB
194:    FCB  'LOG(',       0, $27B8
19B:    FCB  'EXP(',       0, $2850
1A2:    FCB  'SIN(',       0, $2743
1A9:    FCB  'COS(',       0, $2753
1B0:    FCB  'ATAN(',      0, $28D8
1B8:    FCB  'PEEK(',      0, $23AD
1C0:    FCB  'POS',        0, $23A4
1C6:    FCB  'TAN(',       0, $26FC
1CD:    FCB  'VAL(',       0, $24B8
1D4:    FCB  'ASC(',       0, $24A3
1DB:    FCB  'LEN(',       0, $24AD
1E2:    FCB  'LEFT$(',     0, $24F9
1EB:    FCB  'RIGHT$(',    0, $2558
1F5:    FCB  'MID$(',      0, $250B
1FD:    FCB  'STR$(',      0, $25A4
205:    FCB  'FN',         0, $264D
20A:    FCB  'BUFR',       0, $244F
211:    FCB  'SCTR',       0, $241F
218:    FCB  'EOF(',       0, $23F4
21F:    FCB  'MEM',        0, $2476
225:    FCB  'VARPTR(',    0, $2480
22F:    FCB  'FILESZ',     0, $23A9
238:    FCB  'PI',         0, $26B3
23D:    FCB  'USER(',      0, $22E2
                           
245:    FDB                0, $9999
                           
248:    FCB  'LIST',       0, $116C
24F:    FCB  'NEW',        0, $104F
255:    FCB  'MON',        0, $11D9
25B:    FCB  'MDOS',       0, $11FE
262:    FCB  'GOSUB',      0, $175B
262:    FCB  'GOTO',       0, $177D
271:    FCB  'ON',         0, $173C
276:    FCB  'THEN',       0, $172A
27D:    FCB  'PRINT',      0, $1C9F
27D:    FCB  'LET',        0, $1F42
28B:    FCB  'INPUT',      0, $1831
293:    FCB  'LINPUT',     0, $182D
29C:    FCB  'IF',         0, $2218
2A1:    FCB  'READ',       0, $1AB4
2A8:    FCB  'DATA',       0, $1FCF
2CF:    FCB  'RESTORE',    0, $1B45
2B9:    FCB  'OPEN',       0, $14D9
2C0:    FCB  'CLOSE',      0, $166C
2C8:    FCB  'END',        0, $1083
2CE:    FCB  'POKE(',      0, $2387
2D6:    FCB  'RETURN',     0, $17A6
2DF:    FCB  'DIM',        0, $1FF7
2E5:    FCB  'DEF',        0, $25D5
2EB:    FCB  'FOR',        0, $20DA
2F1:    FCB  'NEXT',       0, $2194
2F8:    FCB  'REM',        0, $1FCA
2FE:    FCB  'TRACEON',    0, $1FBF
308:    FCB  'TRACEOFF',   0, $1FC5
313:    FCB  'LINE=',      0, $2590
31B:    FCB  'DIGITS=',    0, $1F9A
325:    FCB  'FILESZS=',   0, $1FAC
32F:    FCB  'SCRATCH',    0, $1644
339:    FCB  'STOP',       0, $17BA

340:    FCB  $08, $7F,     0, $1F42

345:    FCB  'RUN',        0, $111F
34B:    FCB  'CONT',       0, $16CB
352:    FCB  'LOAD',       0, $12FB
359:    FCB  'SAVE',       0, $122A
360:    FCB  'APPEND',     0, $1302
369:    FCB  'CHAIN',      0, $1309
371:    FCB  'TLOAD',      0, $1389
379:    FCB  'TSAVE',      0, $1330
381:    FCB  'TAPPEND',    0, $138C
38B:    FCB  'STRING=',    0, $2D82
395:    FCB  'OPTIONBASE', 0, $20C2
3A2:    FCB  'PORT=',      0, $1F86

3AA:    FCB  'TO',         0, $18F3
3AF:    FCB  'USING',      0, $18F3
3B7:    FCB  'STEP',       0, $18F3

3BE:    FCB  'READY',      0
3C4:	FCB  ' DELETED',   0

3CD:    FCB  0C 1A 10 16 FF FF FF 00 
3D5:    FCB  0D 0A 15 FF FF FF FF 00

3DD:	FCB  'RE-ENTER',   0
3E4:	FCB  '^ - ERROR ', $07, 0
3F2:	FCB  ' IN LINE ', 0

3FC:	FCB  'PERCOM SUPER BASIC VERS. 1.09', 0, 0
41B:    FCB  'COPYRIGHT (C) 1978 PERCOM DATA CO. INC.', 0

445:	FCB  'OS'       ERRORS
447:    FCB  'IN'
449:    FCB  'SN'
44B:    FCB  'MQ'
44D:    FCB  'SB'
44F:    FCB  'IA'
451:    FCB  'UL'

453:	2F   
454:	30 47 53 49   0GSI
458:	52 49 56 53   RIVS
45C:	4E 55 50 4F   NUPO
460:	4D 53 42 46   MSBF
464:	52 4E 46 4E   RNFN
468:	45 52 44 4F   ERDO
46C:	4E 4F 56 53   NOVS
470:	4E 46 4E 49   NFNI
474:	24 4F 24 49   $O$I
478:	4F 56 4C 4C   OVLL
47C:	4E 4D 2B 46   NM+F
480:	45 46 4F 46   EFOF
484:	43 46 23 52   CF#R
488:	44 44 4D 44   DDMD
48C:	4F 57 50 44   OWPD
490:	45 45 46 4F   EEFO
494:	46 44 46 58   FDFX
498:	58 58 58 58   XXXX
49C:	58 58 58 58   XXXX
4A0:	58 58 58 58   XXXX
4A4:	58 58 58 58   XXXX

4A9:	LDX  $76
4AB:	LDAA #$13
4AD:	STAA 0,X
4AF:	LDAA $0158
4B2:	STAA 0,X
4B4:	RTS 
4B5:	LDX  $76
4B7:	CLR  1,X
4B9:	CLR  3,X
4BB:	CLR  0,X
4BD:	CLR  2,X
4BF:	COM  0,X
4C1:	LDAA #$3E
4C3:	STAA 1,X
4C5:	LDAA #$2E
4C7:	STAA 3,X
4C9:	RTS 
4CA:	LDX  $76
4CC:	CLR  1,X
4CE:	CLR  3,X
4D0:	CLR  0,X
4D2:	INC  0,X
4D4:	LDAA #$07
4D6:	STAA 1,X
4D8:	STAA 2,X
4DA:	INC  0,X
4DC:	LDAA #$34
4DE:	STAA 3,X
4E0:	STAA 2,X
4E2:	RTS 
4E3:	LDAA $76
4E5:	BNE  $052B
4E7:	LDAA $77
4E9:	CMPA #$09
4EB:	BLS  $052B
4ED:	CMPA #$0E
4EF:	BHI  $052B
4F1:	LDX  #$2C98
4F4:	SUBA #$0A
4F6:	BEQ  $0501
4F8:	LDAB #$13
4FA:	INX 
4FB:	DECB
4FC:	BNE  $04FA
4FE:	DECA
4FF:	BNE  $04F8
501:	CPX  $FD
503:	BEQ  $0525
505:	STX  $36
507:	LDX  $FD
509:	BEQ  $0516
50B:	STX  $16
50D:	LDX  #$00EA
510:	STX  $14
512:	LDAB #$13
514:	BSR  $0530
516:	LDX  $36
518:	STX  $FD
51A:	STX  $14
51C:	LDX  #$00EA
51F:	STX  $16
521:	LDAB #$13
523:	BSR  $0530
525:	RTS 
526:	TST  $0076
529:	BEQ  $0525
52B:	LDAB #$33
52D:	JMP  $10C7
530:	LDX  $14
532:	LDAA 0,X
534:	INX 
535:	STX  $14
537:	LDX  $16
539:	STAA 0,X
53B:	INX 
53C:	STX  $16
53E:	DECB
53F:	BNE  $0530
541:	RTS 
542:	LDAA 0,X
544:	BSR  $0553
546:	LDAA 0,X
548:	INX 
549:	BRA  $0557
54B:	BSR  $0542
54D:	BSR  $0542
54F:	LDAA #$20
551:	BRA  $0561
553:	LSRA
554:	LSRA
555:	LSRA
556:	LSRA
557:	ANDA #$0F
559:	ADDA #$30
55B:	CMPA #$39
55D:	BLS  $0561
55F:	ADDA #$07
561:	PSHB
562:	PSHA
563:	BSR  $057C
565:	STX  $70
567:	LDX  $72
569:	JSR X 0,X
56B:	LDX  $70
56D:	PULA
56E:	PULB
56F:	RTS 

570:	STX  $70     GET CHAR FROM CONIN IN A
572:	PSHB
573:	LDX  $74     CONIN VECTOR
575:	JSR X 0,X
577:	LDX  $70
579:	PSHA
57A:	BRA  $058E
57C:	PSHB
57D:	PSHA
57E:	JSR  $2D2B
581:	BNE  $0596
583:	LDAA $8004
586:	ASRA
587:	BCC  $0593
589:	LDAA $8005
58C:	ANDA #$7F
58E:	CMPA $0156
591:	BEQ  $05B5
593:	PULA
594:	PULB
595:	RTS 

596:	DECA
597:	BEQ  $05AB
599:	LDAA $8004
59C:	BMI  $0593
59E:	STX  $70
5A0:	LDX  #$8004
5A3:	BSR  $05C3
5A5:	BSR  $05C3
5A7:	LDX  $70
5A9:	BRA  $058E
5AB:	LDAA $8007
5AE:	BPL  $0593
5B0:	LDAA $8006
5B3:	BRA  $058E
5B5:	LDAA $76
5B7:	BEQ  $05BE
5B9:	LDAA #$13
5BB:	JSR  $0561
5BE:	JMP  $1083
5C1:	LDX  $76
5C3:	LDAA 0,X
5C5:	BMI  $05C3
5C7:	CLR  2,X
5C9:	BSR  $060A
5CB:	BSR  $0606
5CD:	LDAB #$04
5CF:	STAB 2,X
5D1:	ASLB
5D2:	BSR  $0606
5D4:	SEC 
5D5:	ROL  0,X
5D7:	RORA
5D8:	DECB
5D9:	BNE  $05D2
5DB:	BSR  $0606
5DD:	ANDA #$7F
5DF:	CMPA #$7F
5E1:	BEQ  $05C1
5E3:	LDAB 2,X
5E5:	ASLB
5E6:	BPL  $05EA
5E8:	BSR  $0606
5EA:	RTS 
5EB:	LDX  $76
5ED:	BSR  $060F
5EF:	LDAB #$09
5F1:	BSR  $0606
5F3:	DEC  0,X
5F5:	BSR  $0606
5F7:	STAA 0,X
5F9:	SEC 
5FA:	RORA
5FB:	DECB
5FC:	BNE  $05F5
5FE:	LDAB 2,X
600:	ASLB
601:	BPL  $0605
603:	BSR  $0606
605:	RTS 
606:	TST  2,X
608:	BPL  $0606
60A:	INC  2,X
60C:	DEC  2,X
60E:	RTS 
60F:	PSHA
610:	LDAB #$04
612:	CMPA #$12
614:	BEQ  $0629
616:	ASLB
617:	CMPA #$14
619:	BEQ  $0629
61B:	ASLB
61C:	CMPA #$13
61E:	BEQ  $0629
620:	ASLB
621:	CMPA #$11
623:	BNE  $063F
625:	LDAA #$3C
627:	BRA  $062B
629:	LDAA #$34
62B:	STAA 3,X
62D:	LDAA #$02
62F:	ORAB #$01
631:	BSR  $0643
633:	BSR  $0641
635:	LDAA #$02
637:	LDAB #$01
639:	STAB 0,X
63B:	BSR  $0643
63D:	BSR  $0641
63F:	PULA
640:	RTS 
641:	LDAA #$06
643:	STAA 1,X
645:	STAB 0,X
647:	RTS 

648:	LDX  $76      GET CHAR FROM KEYBOARD
64A:	LDAA 0,X
64C:	ASRA
64D:	BCC  $0648
64F:	LDAA 1,X
651:	ANDA #$7F
653:	CMPA #$7F     A=CHAR TYPED 
655:	BEQ  $0648
657:	TST  $0159
65A:	BNE  $065D
65C:	RTS 
65D:	LDX  $76
65F:	LDAB $0158
662:	CMPA #$13     <CR> TYPED?
664:	BEQ  $066E
666:	CMPA #$11
668:	BNE  $0670
66A:	ANDB #$9F
66C:	ORAB #$40
66E:	STAB 0,X
670:	LDAB 0,X
672:	ASRB
673:	ASRB
674:	BCC  $0670
676:	STAA 1,X
678:	LDAB 0,X
67A:	ASRB
67B:	BCC  $0698
67D:	LDAA 1,X
67F:	ANDA #$7F
681:	CMPA $0157
684:	BEQ  $068F
686:	CMPA $0156
689:	BNE  $068E
68B:	JMP  $05B5
68E:	RTS 
68F:	BSR  $0648
691:	BSR  $0686
693:	CMPA $0157
696:	BNE  $0686
698:	RTS 


699:	LDX  $76
69B:	LDAB 3,X
69D:	BPL  $0699
69F:	LDAA 2,X
6A1:	STAA 2,X
6A3:	RTS 
6A4:	LDX  $76
6A6:	CMPA #$7F
6A8:	BEQ  $06BA
6AA:	STAA 0,X
6AC:	LDAB #$36
6AE:	STAB 1,X
6B0:	LDAB #$3E
6B2:	STAB 1,X
6B4:	LDAB 1,X
6B6:	BPL  $06B4
6B8:	LDAA 0,X
6BA:	RTS 
6BB:	LDAB $EA
6BD:	BITB #$80
6BF:	BEQ  $071B
6C1:	CMPA #$0D
6C3:	BEQ  $06DF
6C5:	CMPA #$04
6C7:	BEQ  $06DF
6C9:	CMPA #$22
6CB:	BNE  $06D3
6CD:	EORB #$08
6CF:	STAB $EA
6D1:	BRA  $06DF
6D3:	BITB #$08
6D5:	BNE  $06DF
6D7:	CMPA #$1F
6D9:	BLS  $071A
6DB:	CMPA #$7F
6DD:	BEQ  $071A
6DF:	LDX  $F9
6E1:	STAA 0,X
6E3:	JMP  $2D0E
6E6:	NOP 
6E7:	CMPA #$2C
6E9:	BEQ  $0703
6EB:	CMPA #$0D
6ED:	BNE  $070A
6EF:	LDAA $F2
6F1:	BEQ  $06FD
6F3:	CMPA $F4
6F5:	BNE  $0703
6F7:	LDAA $F3
6F9:	CMPA $F5
6FB:	BNE  $0703
6FD:	LDAA $EA
6FF:	ORAA #$10
701:	STAA $EA
703:	LDAA $FC
705:	ADDA #$01
707:	DAA 
708:	STAA $FC
70A:	INX 
70B:	STX  $F9
70D:	LDAA $EA
70F:	ORAA #$05
711:	STAA $EA
713:	INC  $00F6
716:	BNE  $071A
718:	BSR  $076A
71A:	RTS 
71B:	JMP  $16C6
71E:	LDAA $EA
720:	BITA #$80
722:	BEQ  $071B
724:	BITA #$04
726:	BNE  $072A
728:	BSR  $0798
72A:	LDX  $F9
72C:	LDAA 0,X
72E:	CMPA #$04
730:	BNE  $073C
732:	LDAB $EA
734:	ANDB #$FD
736:	ORAB #$20
738:	STAB $EA
73A:	BRA  $0748
73C:	INX 
73D:	STX  $F9
73F:	INC  $00F6
742:	BNE  $0748
744:	PSHA
745:	BSR  $0798
747:	PULA
748:	LDAB $EA
74A:	CMPA #$22
74C:	BNE  $0754
74E:	EORB #$08
750:	STAB $EA
752:	BRA  $0769
754:	BITB #$08
756:	BNE  $0769
758:	CMPA #$2C
75A:	BEQ  $0760
75C:	CMPA #$0D
75E:	BNE  $0769
760:	PSHA
761:	JSR  $2D4B
764:	NOP 
765:	NOP 
766:	STAA $FC
768:	PULA
769:	RTS 
76A:	LDX  $EE
76C:	NOP 
76D:	NOP 
76E:	STX  $05
770:	JSR  $C021
773:	LDX  $05
775:	CPX  $F4
777:	BNE  $077C
779:	LDX  #$0000
77C:	STX  $F2
77E:	BSR  $07C0
780:	LDX  $EE
782:	STX  $F0
784:	LDX  $F2
786:	STX  $EE
788:	JSR  $C021
78B:	LDX  $05
78D:	STX  $F2
78F:	LDAA $EA
791:	BITA #$02
793:	BNE  $07D9
795:	JMP  $07ED
798:	LDAA $EA
79A:	BITA #$01
79C:	BEQ  $07A0
79E:	BSR  $07C0
7A0:	LDAA $EA
7A2:	BITA #$02
7A4:	BEQ  $07B0
7A6:	JMP  $2D6E
7A9:	NOP 
7AA:	CPX  $F4
7AC:	BEQ  $07BB
7AE:	STX  $EE
7B0:	BSR  $07D9
7B2:	LDAA $EA
7B4:	ORAA #$06
7B6:	ANDA #$FE
7B8:	STAA $EA
7BA:	RTS 
7BB:	LDAB #$40
7BD:	JMP  $10C7
7C0:	BSR  $07FA
7C2:	LDX  $F0
7C4:	STX  $03
7C6:	LDX  $F2
7C8:	STX  $05
7CA:	LDAA $FB
7CC:	STAA $0A
7CE:	LDX  #$FFFF
7D1:	STX  $0D
7D3:	JSR  $C00F
7D6:	BCS  $0814
7D8:	RTS 
7D9:	BSR  $07FA
7DB:	JSR  $C00C
7DE:	BCS  $0814
7E0:	LDX  $01
7E2:	STX  $EE
7E4:	LDX  $03
7E6:	STX  $F0
7E8:	LDX  $05
7EA:	STX  $F2
7EC:	RTS 
7ED:	LDAA #$04
7EF:	LDX  $F9
7F1:	LDAB $F6
7F3:	STAA 0,X
7F5:	INX 
7F6:	DECB
7F7:	BNE  $07F3
7F9:	RTS 
7FA:	LDAA $EB
7FC:	STAA $00
7FE:	JSR  $2CF7
801:	NOP 
802:	LDX  $F7
804:	STX  $14
806:	STX  $16
808:	STX  $F9
80A:	STX  $08
80C:	CLRA
80D:	STAA $07
80F:	STAA $F6
811:	STAA $FC
813:	RTS 
814:	LDAB #$35
816:	TSTA
817:	BEQ  $0824
819:	INCB
81A:	CMPA #$04
81C:	BEQ  $0824
81E:	INCB
81F:	CMPA #$01
821:	BEQ  $0824
823:	INCB
824:	JMP  $10C7
827:	LDX  #$03C4
82A:	JSR  $089C
82D:	BRA  $083E
82F:	LDAA #$23
831:	JSR  $0561
834:	BRA  $083E
836:	LDAA #$3F
838:	JSR  $0561
83B:	JSR  $097B

83E:	LDX  #$0081   READ INPUT LINE IN (X)
841:	JSR  $0570    GET CHAR FROM CONIN IN A
844:	TSTA
845:	BEQ  $0841    NO CHAR, READ AGAIN
847:	CMPA #$0A     IS <LF>?
849:	BEQ  $0841    YES, READ AGAIN 
84B:	CMPA #$15     IS ^V?
84D:	BEQ  $0841    YES, READ AGAIN 
84F:	CMPA #$04     IS ^D? (END OF LINE)
851:	BEQ  $0895    
853:	CMPA $0153
856:	BEQ  $0827
858:	CMPA #$0D     IS <CR>?
85A:	BEQ  $0885    GOTO EOL PROCESSING
85C:	CMPA $0154
85F:	BNE  $086F
861:	LDAA $0155
864:	JSR  $0561
867:	CPX  #$0081
86A:	BEQ  $0827
86C:	DEX 
86D:	BRA  $0841
86F:	TST  $006B
872:	BNE  $0877
874:	CPX  #$00C9
877:	BNE  $0880
879:	CLR  0,X
87B:	LDAB #$21
87D:	JMP  $10C7
880:	STAA 0,X      STORE READ CHAR IN (X)
882:	INX 
883:	BRA  $0841    READ NEXT CHAR
885:	CLR  0,X      TERMINATE INPUT LINE WITH ZERO
887:	STX  $7F      END OF LINE ADDR
889:	LDAA $6B
88B:	BNE  $0894
88D:	LDAA $76
88F:	BEQ  $0894
891:	JSR  $08AB
894:	RTS 

895:	TST  $0076
898:	BEQ  $0885
89A:	BRA  $086F
89C:	BSR  $08A4
89E:	BRA  $08AB
8A0:	JSR  $0561
8A3:	INX 
8A4:	LDAA 0,X
8A6:	ANDA #$7F
8A8:	BNE  $08A0
8AA:	RTS 
8AB:	BSR  $08B5
8AD:	LDX  #$03D5
8B0:	BSR  $08A4
8B2:	BSR  $08CA
8B4:	RTS 
8B5:	STX  $36
8B7:	LDX  $38
8B9:	DEX 
8BA:	DEX 
8BB:	STX  $38
8BD:	PSHA
8BE:	LDAA $36
8C0:	STAA 0,X
8C2:	LDAA $37
8C4:	STAA 1,X
8C6:	PULA
8C7:	LDX  $36
8C9:	RTS 
8CA:	LDX  $38
8CC:	LDX  0,X
8CE:	INC  $0039
8D1:	BNE  $08D6
8D3:	INC  $0038
8D6:	INC  $0039
8D9:	BNE  $08DE
8DB:	INC  $0038
8DE:	RTS 
8DF:	BSR  $08B5
8E1:	JSR  $0AA3
8E4:	SEI 
8E5:	STS  $26
8E7:	TXS 
8E8:	LDX  $38
8EA:	LDX  0,X
8EC:	BRA  $0902
8EE:	BSR  $08B5
8F0:	JSR  $0AA3
8F3:	SEI 
8F4:	STS  $26
8F6:	TXS 
8F7:	DEX 
8F8:	DEX 
8F9:	DEX 
8FA:	DEX 
8FB:	DEX 
8FC:	DEX 
8FD:	DEX 
8FE:	STX  $59
900:	LDX  0,X
902:	PULA
903:	STAA 0,X
905:	PULA
906:	STAA 1,X
908:	PULA
909:	STAA 2,X
90B:	PULA
90C:	STAA 3,X
90E:	PULA
90F:	STAA 4,X
911:	PULA
912:	PULA
913:	STAA 5,X
915:	LDS  $26
917:	NOP 
918:	CLI 
919:	BRA  $08CA
91B:	BSR  $08B5
91D:	SEI 
91E:	STS  $26
920:	TXS 
921:	BRA  $092E
923:	BSR  $08B5
925:	JSR  $0AA3
928:	SEI 
929:	STS  $26
92B:	LDS X 0,X
92D:	DES 
92E:	LDX  $59
930:	PULA
931:	STAA 0,X
933:	PULA
934:	STAA 1,X
936:	PULA
937:	STAA 2,X
939:	PULA
93A:	STAA 3,X
93C:	PULA
93D:	STAA 4,X
93F:	CLR  5,X
941:	PULA
942:	STAA 6,X
944:	LDS  $26
946:	NOP 
947:	CLI 
948:	JSR  $0A9C
94B:	JMP  $08CA
94E:	JSR  $054B
951:	JSR  $08B5
954:	LDX  0,X
956:	DEX 
957:	DEX 
958:	INCB
959:	LDAA 0,X
95B:	BNE  $0957
95D:	DEX 
95E:	DEX 
95F:	LDAA 0,X
961:	BEQ  $0965
963:	INX 
964:	INX 
965:	INX 
966:	INX 
967:	INX 
968:	DECB
969:	DECB
96A:	JSR  $08A4
96D:	BSR  $097B
96F:	CLR  $003D
972:	JSR  $08CA
975:	INX 
976:	INX 
977:	INX 
978:	JMP  $089C
97B:	PSHA
97C:	LDAA #$20
97E:	JSR  $1D39
981:	PULA
982:	RTS 
983:	JSR  $0F5A
986:	JSR  $0A80
989:	BCS  $09A5
98B:	TAB 
98C:	LDAA 1,X
98E:	JSR  $0A80
991:	BCS  $09A7
993:	JSR  $0FAE
996:	LDX  0,X
998:	JSR X 0,X
99A:	JSR  $0A9C
99D:	LDX  $32
99F:	INS 
9A0:	INS 
9A1:	INS 
9A2:	INS 
9A3:	CLC 
9A4:	RTS 
9A5:	SEV 
9A6:	RTS 
9A7:	JSR  $0A8D
9AA:	BCC  $09B3
9AC:	CMPA #$24
9AE:	BEQ  $09B3
9B0:	DEX 
9B1:	LDAA #$20
9B3:	INX 
9B4:	INX 
9B5:	PSHB
9B6:	LDAB 0,X
9B8:	CMPB #$28
9BA:	BNE  $09BF
9BC:	INX 
9BD:	ORAA #$80
9BF:	PULB
9C0:	JSR  $08B5
9C3:	LDX  $28
9C5:	CPX  $43
9C7:	SEC 
9C8:	BEQ  $09D3
9CA:	CMPB 0,X
9CC:	BNE  $09DA
9CE:	CMPA 1,X
9D0:	BNE  $09DA
9D2:	CLC 
9D3:	STX  $5F
9D5:	JSR  $08CA
9D8:	CLV 
9D9:	RTS 
9DA:	TST  1,X
9DC:	BMI  $09EE
9DE:	PSHA
9DF:	LDAA 1,X
9E1:	CMPA #$24
9E3:	PULA
9E4:	BNE  $09E9
9E6:	JSR  $0AB2
9E9:	JSR  $0AC8
9EC:	BRA  $09C5
9EE:	LDX  4,X
9F0:	BRA  $09C5
9F2:	JSR  $057C
9F5:	CLR  $006C
9F8:	BSR  $0983
9FA:	BVC  $09FD
9FC:	RTS 
9FD:	PSHA
9FE:	PSHB
9FF:	BCS  $0A47
A01:	STX  $32
A03:	LDX  $5F
A05:	TSTA
A06:	BMI  $0A25
A08:	INX 
A09:	INX 
A0A:	STX  $5F
A0C:	LDX  $59
A0E:	LDAA $5F
A10:	STAA 0,X
A12:	LDAA $60
A14:	STAA 1,X
A16:	JSR  $0A9C
A19:	PULB
A1A:	PULA
A1B:	CMPA #$24
A1D:	BNE  $0A21
A1F:	STAA $6C
A21:	LDX  $32
A23:	CLC 
A24:	RTS 
A25:	JSR  $1FD5
A28:	BCC  $0A31
A2A:	JSR  $0AD8
A2D:	ADDB $DE
A2F:	BRA  $0A32
A31:	CLRB
A32:	PSHB
A33:	JSR  $0AD8
A36:	ADDB $DE
A38:	TBA 
A39:	LDAB 1,X
A3B:	CMPB #$A4
A3D:	BNE  $0A41
A3F:	STAB $6C
A41:	PULB
A42:	JSR  $2061
A45:	BRA  $0A0A
A47:	STX  $32
A49:	LDX  $5F
A4B:	STAB 0,X
A4D:	STAA 1,X
A4F:	TSTA
A50:	BPL  $0A6D
A52:	LDAB #$0A
A54:	ADDB $DE
A56:	STAB 2,X
A58:	STAB 3,X
A5A:	JSR  $1FD5
A5D:	BCS  $0A62
A5F:	CLRB
A60:	STAB 3,X
A62:	LDAA 2,X
A64:	JSR  $2039
A67:	TST  3,X
A69:	BEQ  $0A31
A6B:	BRA  $0A2A
A6D:	LDAA 1,X
A6F:	CMPA #$24
A71:	BNE  $0A77
A73:	BSR  $0AB2
A75:	STAA $6C
A77:	JSR  $0AC8
A7A:	STX  $43
A7C:	LDX  $5F
A7E:	BRA  $0A08
A80:	PSHA
A81:	ANDA #$7F
A83:	CMPA #$41
A85:	BMI  $0A96
A87:	CMPA #$5A
A89:	BLE  $0A99
A8B:	BRA  $0A96
A8D:	PSHA
A8E:	CMPA #$30
A90:	BMI  $0A96
A92:	CMPA #$39
A94:	BLE  $0A99
A96:	SEC 
A97:	PULA
A98:	RTS 
A99:	CLC 
A9A:	PULA
A9B:	RTS 
A9C:	LDX  $59
A9E:	BSR  $0AC9
AA0:	STX  $59
AA2:	RTS 
AA3:	LDX  $59
AA5:	BSR  $0AAA
AA7:	BRA  $0AA0
AA9:	DEX 
AAA:	DEX 
AAB:	DEX 
AAC:	DEX 
AAD:	DEX 
AAE:	DEX 
AAF:	DEX 
AB0:	DEX 
AB1:	RTS 
AB2:	PSHB
AB3:	LDAB $3C
AB5:	SUBB #$06
AB7:	STX  $DC
AB9:	ADDB $DD
ABB:	STAB $DD
ABD:	LDAB #$00
ABF:	ADCB $DC
AC1:	STAB $DC
AC3:	PULB
AC4:	LDX  $DC
AC6:	BRA  $0AD0
AC8:	INX 
AC9:	INX 
ACA:	INX 
ACB:	INX 
ACC:	INX 
ACD:	INX 
ACE:	INX 
ACF:	INX 
AD0:	CPX  $41
AD2:	BMI  $0AD7
AD4:	JMP  $14D4
AD7:	RTS 
AD8:	BSR  $0ADE
ADA:	TSTA
ADB:	BNE  $0AE9
ADD:	RTS 
ADE:	JSR  $08B5
AE1:	BSR  $0AA3
AE3:	LDAA 6,X
AE5:	CMPA #$05
AE7:	BLE  $0AEE
AE9:	LDAB #$01
AEB:	JMP  $10C7
AEE:	CLRA
AEF:	CLRB
AF0:	TST  0,X
AF2:	BMI  $0AE9
AF4:	TST  6,X
AF6:	BLE  $0B19
AF8:	ASLB
AF9:	ROLA
AFA:	STAB $4F
AFC:	STAA $4E
AFE:	ASLB
AFF:	ROLA
B00:	BCS  $0AE9
B02:	ASLB
B03:	ROLA
B04:	BCS  $0AE9
B06:	ADDB $4F
B08:	ADCA $4E
B0A:	BCS  $0AE9
B0C:	ADDB 0,X
B0E:	ADCA #$00
B10:	BCS  $0AE9
B12:	JSR  $0D22
B15:	DEC  6,X
B17:	BNE  $0AF4
B19:	JSR  $08CA
B1C:	RTS 
B1D:	JSR  $0F5A
B20:	JSR  $09F2
B23:	BCS  $0B2E
B25:	TST  $006C
B28:	BNE  $0B50
B2A:	JSR  $0923
B2D:	RTS 
B2E:	JSR  $190F
B31:	BCS  $0B34
B33:	RTS 
B34:	CMPA #$28
B36:	BNE  $0B4C
B38:	INX 
B39:	JSR  $0BE1
B3C:	JSR  $0F5A
B3F:	CMPA #$29
B41:	BNE  $0B45
B43:	INX 
B44:	RTS 
B45:	LDAB #$13
B47:	STX  $32
B49:	JMP  $10C7
B4C:	LDAB #$06
B4E:	BRA  $0B47
B50:	LDAB #$24
B52:	BRA  $0B47
B54:	BSR  $0B1D
B56:	JSR  $0F5A
B59:	CMPA #$5E
B5B:	BEQ  $0B5E
B5D:	RTS 
B5E:	INX 
B5F:	STX  $32
B61:	LDX  $59
B63:	JSR  $0AAA
B66:	LDAB 0,X
B68:	PSHB
B69:	BEQ  $0B71
B6B:	JSR  $27BB
B6E:	JSR  $0A9C
B71:	LDX  $32
B73:	JSR  $0F5A
B76:	CMPA #$2D
B78:	BNE  $0B82
B7A:	INX 
B7B:	BSR  $0B1D
B7D:	JSR  $0CFC
B80:	BRA  $0B84
B82:	BSR  $0B1D
B84:	STX  $32
B86:	LDX  $59
B88:	JSR  $0AAA
B8B:	LDAA 0,X
B8D:	PULB
B8E:	TSTB
B8F:	BNE  $0B99
B91:	TSTA
B92:	BEQ  $0B99
B94:	JSR  $0AA3
B97:	BRA  $0BBB
B99:	PSHA
B9A:	TSTA
B9B:	BPL  $0BA0
B9D:	JSR  $0CFC
BA0:	JSR  $0ED7
BA3:	JSR  $2853
BA6:	PULA
BA7:	TSTA
BA8:	BPL  $0BB8
BAA:	JSR  $0DF0
BAD:	JSR  $2835
BB0:	JSR  $0A9C
BB3:	JSR  $0E5E
BB6:	BRA  $0BBB
BB8:	JSR  $0A9C
BBB:	LDX  $32
BBD:	BRA  $0B56
BBF:	BSR  $0B54
BC1:	JSR  $0F5A
BC4:	CMPA #$2A
BC6:	BNE  $0BD3
BC8:	INX 
BC9:	JSR  $0F5A
BCC:	BSR  $0B54
BCE:	JSR  $0ED7
BD1:	BRA  $0BC1
BD3:	CMPA #$2F
BD5:	BNE  $0BE0
BD7:	INX 
BD8:	JSR  $0B54
BDB:	JSR  $0E5E
BDE:	BRA  $0BC1
BE0:	RTS 
BE1:	JSR  $0F5A
BE4:	CLR  $006C
BE7:	CMPA #$2D
BE9:	BNE  $0BF3
BEB:	INX 
BEC:	BSR  $0BBF
BEE:	JSR  $0CFC
BF1:	BRA  $0BFA
BF3:	CMPA #$2B
BF5:	BNE  $0BF8
BF7:	INX 
BF8:	BSR  $0BBF
BFA:	JSR  $0F5A
BFD:	CMPA #$2B
BFF:	BNE  $0C09
C01:	INX 
C02:	BSR  $0BBF
C04:	JSR  $0DB9
C07:	BRA  $0BFA
C09:	CMPA #$2D
C0B:	BNE  $0C15
C0D:	INX 
C0E:	BSR  $0BBF
C10:	JSR  $0DB6
C13:	BRA  $0BFA
C15:	TSTA
C16:	RTS 
C17:	CLR  $006C
C1A:	JSR  $0F5A
C1D:	STX  $32
C1F:	CMPA #$22
C21:	BEQ  $0C46
C23:	JSR  $0A80
C26:	BCS  $0C48
C28:	LDAA 1,X
C2A:	JSR  $0A80
C2D:	BCS  $0C42
C2F:	JSR  $0FAE
C32:	CPX  #$016E
C35:	BNE  $0C3A
C37:	JMP  $1CD0
C3A:	DEX 
C3B:	DEX 
C3C:	LDAA 0,X
C3E:	CMPA #$28
C40:	BEQ  $0C3B
C42:	CMPA #$24
C44:	BNE  $0C48
C46:	STAA $6C
C48:	JMP  $057C
C4B:	JSR  $08B5
C4E:	BSR  $0C17
C50:	LDX  $32
C52:	LDAA $6C
C54:	BNE  $0C5B
C56:	JSR  $08CA
C59:	BRA  $0BE1
C5B:	JSR  $08CA
C5E:	BSR  $0C93
C60:	LDAA $6F
C62:	CMPA #$7F
C64:	BCS  $0C69
C66:	JMP  $251B
C69:	JSR  $0F5A
C6C:	CMPA #$2B
C6E:	BNE  $0C8E
C70:	INX 
C71:	BSR  $0C93
C73:	TST  $006C
C76:	BEQ  $0C90
C78:	JSR  $08B5
C7B:	JSR  $1817
C7E:	DEX 
C7F:	LDAB 1,X
C81:	STAB 0,X
C83:	INX 
C84:	TSTB
C85:	BNE  $0C7F
C87:	STX  $6E
C89:	JSR  $08CA
C8C:	BRA  $0C60
C8E:	TSTA
C8F:	RTS 
C90:	JMP  $0B50
C93:	JSR  $0F5A
C96:	CMPA #$22
C98:	BNE  $0CBE
C9A:	STAA $6C
C9C:	INX 
C9D:	SEI 
C9E:	STS  $26
CA0:	TXS 
CA1:	LDX  $6E
CA3:	PULA
CA4:	CMPA #$22
CA6:	BEQ  $0CB3
CA8:	STAA 0,X
CAA:	INX 
CAB:	TSTA
CAC:	BNE  $0CA3
CAE:	DEX 
CAF:	DES 
CB0:	NOP 
CB1:	NOP 
CB2:	NOP 
CB3:	CLR  0,X
CB5:	INX 
CB6:	STX  $6E
CB8:	TSX 
CB9:	LDS  $26
CBB:	NOP 
CBC:	CLI 
CBD:	RTS 
CBE:	JSR  $0F5A
CC1:	JSR  $09F2
CC4:	BCC  $0CC7
CC6:	RTS 
CC7:	TST  $006C
CCA:	BEQ  $0CF1
CCC:	STX  $32
CCE:	JSR  $0AA3
CD1:	LDX  0,X
CD3:	SEI 
CD4:	STS  $26
CD6:	TXS 
CD7:	LDX  $6E
CD9:	LDAB $3C
CDB:	PULA
CDC:	STAA 0,X
CDE:	TSTA
CDF:	BEQ  $0CE7
CE1:	INX 
CE2:	DECB
CE3:	BNE  $0CDB
CE5:	CLR  0,X
CE7:	INX 
CE8:	STX  $6E
CEA:	LDS  $26
CEC:	NOP 
CED:	CLI 
CEE:	LDX  $32
CF0:	RTS 
CF1:	JMP  $0AA3
CF4:	JSR  $08B5
CF7:	JSR  $0AC9
CFA:	BRA  $0D08
CFC:	JSR  $08B5
CFF:	LDX  $59
D01:	DEX 
D02:	DEX 
D03:	BRA  $0D0B
D05:	JSR  $08B5
D08:	JSR  $0ACB
D0B:	PSHA
D0C:	PSHB
D0D:	LDAB #$06
D0F:	SEC 
D10:	LDAA #$99
D12:	ADCA #$00
D14:	SBCA 0,X
D16:	DAA 
D17:	STAA 0,X
D19:	DEX 
D1A:	DECB
D1B:	BNE  $0D10
D1D:	PULB
D1E:	PULA
D1F:	JMP  $08CA

D22:	PSHA
D23:	BSR  $0D2D
D25:	LDAA 0,X
D27:	ANDA #$0F
D29:	STAA 0,X
D2B:	PULA
D2C:	RTS 

D2D:	PSHA
D2E:	LDAA #$04
D30:	ASL  5,X
D32:	ROL  4,X
D34:	ROL  3,X
D36:	ROL  2,X
D38:	ROL  1,X
D3A:	ROL  0,X
D3C:	DECA
D3D:	BNE  $0D30
D3F:	PULA
D40:	RTS 

D41:	PSHA
D42:	LDAA #$04
D44:	ASR  0,X
D46:	ROR  1,X
D48:	ROR  2,X
D4A:	ROR  3,X
D4C:	ROR  4,X
D4E:	ROR  5,X
D50:	DECA
D51:	BNE  $0D44
D53:	LDAA 0,X
D55:	ANDA #$9F
D57:	STAA 0,X
D59:	PULA
D5A:	RTS 
D5B:	JSR  $08B5
D5E:	JSR  $0AA3
D61:	CLR  $0052
D64:	JSR  $1E1E
D67:	BCC  $0D82
D69:	LDAA 0,X
D6B:	BPL  $0D78
D6D:	STAA $52
D6F:	JSR  $0D05

D72:	LDAA #$0F
D74:	ANDA 0,X
D76:	STAA 0,X
D78:	LDAA 0,X
D7A:	BNE  $0D84
D7C:	BSR  $0D22
D7E:	DEC  6,X
D80:	BRA  $0D78
D82:	CLR  6,X
D84:	CLR  5,X
D86:	LDAA 6,X
D88:	CMPA #$65
D8A:	BLT  $0DA1
D8C:	PSHB
D8D:	LDAB #$05
D8F:	LDAA #$99
D91:	STAA 0,X
D93:	INX 
D94:	DECB
D95:	BNE  $0D91
D97:	LDAA #$64
D99:	STAA 1,X
D9B:	JSR  $0AAC
D9E:	PULB
D9F:	BRA  $0D72
DA1:	CMPA #$9D
DA3:	BGT  $0DA8
DA5:	JSR  $19C4
DA8:	TST  $0052
DAB:	BEQ  $0DB0
DAD:	JSR  $0D05
DB0:	JSR  $0A9C
DB3:	JMP  $08CA
DB6:	JSR  $0CFC
DB9:	JSR  $08B5
DBC:	JSR  $0AA3
DBF:	JSR  $1E1E
DC2:	BCC  $0DEC
DC4:	JSR  $0D41
DC7:	INC  6,X
DC9:	JSR  $0AA3
DCC:	JSR  $1E1E
DCF:	BCC  $0DE2
DD1:	JSR  $0D41
DD4:	INC  6,X
DD6:	LDAA 6,X
DD8:	CMPA 13,X
DDA:	BEQ  $0DE4
DDC:	BLT  $0DD1
DDE:	BSR  $0DF0
DE0:	BRA  $0DD1
DE2:	BSR  $0DF0
DE4:	BSR  $0E2F
DE6:	JSR  $0A9C
DE9:	JSR  $0D5B
DEC:	JSR  $08CA
DEF:	RTS 
DF0:	LDX  $59
DF2:	PSHB
DF3:	PSHA
DF4:	LDAA 0,X
DF6:	LDAB 7,X
DF8:	STAA 7,X
DFA:	STAB 0,X
DFC:	LDAA 1,X
DFE:	LDAB 8,X
E00:	STAA 8,X
E02:	STAB 1,X
E04:	LDAA 2,X
E06:	LDAB 9,X
E08:	STAA 9,X
E0A:	STAB 2,X
E0C:	LDAA 3,X
E0E:	LDAB 10,X
E10:	STAA 10,X
E12:	STAB 3,X
E14:	LDAA 4,X
E16:	LDAB 11,X
E18:	STAA 11,X
E1A:	STAB 4,X
E1C:	LDAA 5,X
E1E:	LDAB 12,X
E20:	STAA 12,X
E22:	STAB 5,X
E24:	LDAA 6,X
E26:	LDAB 13,X
E28:	STAA 13,X
E2A:	STAB 6,X
E2C:	PULA
E2D:	PULB
E2E:	RTS 
E2F:	PSHA
E30:	LDX  $59
E32:	LDAA 5,X
E34:	ADDA 12,X
E36:	DAA 
E37:	STAA 5,X
E39:	LDAA 4,X
E3B:	ADCA 11,X
E3D:	DAA 
E3E:	STAA 4,X
E40:	LDAA 3,X
E42:	ADCA 10,X
E44:	DAA 
E45:	STAA 3,X
E47:	LDAA 2,X
E49:	ADCA 9,X
E4B:	DAA 
E4C:	STAA 2,X
E4E:	LDAA 1,X
E50:	ADCA 8,X
E52:	DAA 
E53:	STAA 1,X
E55:	LDAA 0,X
E57:	ADCA 7,X
E59:	DAA 
E5A:	STAA 0,X
E5C:	PULA
E5D:	RTS 
E5E:	JSR  $08B5
E61:	JSR  $19C4
E64:	JSR  $0AA3
E67:	JSR  $1E1E
E6A:	BCS  $0E71
E6C:	LDAB #$08
E6E:	JMP  $10C7
E71:	NEG  6,X
E73:	BSR  $0EAE
E75:	JSR  $0D41
E78:	JSR  $0CF4
E7B:	LDAA #$0B
E7D:	CLRB
E7E:	INCB
E7F:	BSR  $0E2F
E81:	TST  0,X
E83:	BPL  $0E7E
E85:	DECB
E86:	JSR  $0CF4
E89:	BSR  $0E2F
E8B:	JSR  $0CF4
E8E:	JSR  $0AC9
E91:	JSR  $0AC9
E94:	JSR  $0D2D
E97:	ADDB 5,X
E99:	STAB 5,X
E9B:	LDX  $59
E9D:	JSR  $0D2D
EA0:	DECA
EA1:	BNE  $0E7D
EA3:	JSR  $0A9C
EA6:	JSR  $0DF0
EA9:	INC  $004D
EAC:	BRA  $0F07
EAE:	JSR  $0D41
EB1:	CLRA
EB2:	TST  0,X
EB4:	BPL  $0EBB
EB6:	JSR  $0D05
EB9:	LDAA #$80
EBB:	JSR  $0AA3
EBE:	TST  0,X
EC0:	BPL  $0EC7
EC2:	JSR  $0D05
EC5:	ADDA #$80
EC7:	STAA $47
EC9:	LDAA 6,X
ECB:	ADDA 13,X
ECD:	BVC  $0ED4
ECF:	LDAA #$78
ED1:	BCC  $0ED4
ED3:	NEGA
ED4:	STAA $4D
ED6:	RTS 
ED7:	JSR  $08B5
EDA:	JSR  $0AA3
EDD:	BSR  $0EAE
EDF:	STX  $55
EE1:	JSR  $0A9C
EE4:	JSR  $0DF0
EE7:	JSR  $19C4
EEA:	LDAA #$09
EEC:	LDX  $55
EEE:	LDAB 0,X
EF0:	JSR  $0D22
EF3:	TSTB
EF4:	BEQ  $0EFC
EF6:	JSR  $0E2F
EF9:	DECB
EFA:	BRA  $0EF3
EFC:	LDX  $59
EFE:	JSR  $0AC9
F01:	JSR  $0D41
F04:	DECA
F05:	BNE  $0EEC
F07:	JSR  $0AA3
F0A:	JSR  $0DF0
F0D:	LDAA $4D
F0F:	STAA 6,X
F11:	JSR  $0A9C
F14:	JSR  $0D5B
F17:	TST  $0047
F1A:	BPL  $0F1F
F1C:	JSR  $0CFC
F1F:	JMP  $08CA
F22:	LDAA $30
F24:	LDAB $31
F26:	SUBB $2F
F28:	SBCA $2E
F2A:	BCS  $0F54
F2C:	LDX  $2C
F2E:	CPX  $28
F30:	BEQ  $0F54
F32:	LDAA $2E
F34:	LDAB $2F
F36:	SUBB 1,X
F38:	SBCA 0,X
F3A:	BCS  $0F56
F3C:	BNE  $0F41
F3E:	TSTB
F3F:	BEQ  $0F57
F41:	STX  $DC
F43:	CLRA
F44:	LDAB 4,X
F46:	ADDB $DD
F48:	ADCA $DC
F4A:	STAB $DD
F4C:	STAA $DC
F4E:	LDX  $DC
F50:	CPX  $28
F52:	BNE  $0F32
F54:	LDX  $28
F56:	SEC 
F57:	STX  $2A
F59:	RTS 
F5A:	LDAA 0,X
F5C:	CMPA #$20
F5E:	BNE  $0F63
F60:	INX 
F61:	BRA  $0F5A
F63:	TSTA
F64:	RTS 
F65:	JSR  $190F
F68:	BCC  $0F6F
F6A:	LDAB #$07
F6C:	JMP  $10C7
F6F:	STX  $7D
F71:	JSR  $0AA3
F74:	LDAB 6,X
F76:	BLS  $0F6A
F78:	CMPB #$04
F7A:	BGT  $0F6A
F7C:	LDAA #$05
F7E:	SBA 
F7F:	TSTA
F80:	BEQ  $0F88
F82:	JSR  $0D41
F85:	DECA
F86:	BRA  $0F7F
F88:	LDAA 1,X
F8A:	STAA $2E
F8C:	LDAA 2,X
F8E:	STAA $2F
F90:	LDX  $7D
F92:	CLC 
F93:	RTS 
F94:	LDX  $32
F96:	LDAA 0,X
F98:	INX 
F99:	TSTA
F9A:	BNE  $0F96
F9C:	STX  $34
F9E:	RTS 
F9F:	LDX  $32
FA1:	LDAA 0,X
FA3:	INX 
FA4:	TSTA
FA5:	BEQ  $0FAB
FA7:	CMPA #$3A
FA9:	BNE  $0FA1
FAB:	STX  $34
FAD:	RTS 
FAE:	STX  $7D
FB0:	SEI 
FB1:	STS  $26
FB3:	LDX  #$0162
FB6:	BRA  $0FD3
FB8:	STX  $7D
FBA:	SEI 
FBB:	STS  $26
FBD:	LDX  #$03A9
FC0:	BRA  $0FD3
FC2:	JSR  $0F5A
FC5:	CMPA #$3F
FC7:	BEQ  $100E
FC9:	STX  $7D
FCB:	STX  $32
FCD:	SEI 
FCE:	STS  $26
FD0:	LDX  #$0247
FD3:	LDS  $7D
FD5:	DES 
FD6:	INX 
FD7:	PULA
FD8:	CMPA #$20
FDA:	BEQ  $0FD7
FDC:	CMPA #$5F
FDE:	BLE  $0FE2
FE0:	ANDA #$DF
FE2:	LDAB 0,X
FE4:	BEQ  $0FFC
FE6:	CBA 
FE7:	BEQ  $0FD6
FE9:	INX 
FEA:	CPX  $0443
FED:	BEQ  $1006
FEF:	CPX  #$0242
FF2:	BEQ  $1017
FF4:	LDAB 0,X
FF6:	BNE  $0FE9
FF8:	INX 
FF9:	INX 
FFA:	BRA  $0FD3
FFC:	INX 
FFD:	STS  $7D
FFF:	STS  $32
1001:	LDS  $26
1003:	NOP 
1004:	CLI 
1005:	RTS 
1006:	LDS  $26
1008:	NOP 
1009:	CLI 
100A:	LDX  #$0343
100D:	RTS 
100E:	INX 
100F:	STX  $32
1011:	STX  $7D
1013:	LDX  #$0283
1016:	RTS 
1017:	JMP  $18F3
101A:	LDX  $014E
101D:	STX  $2C
101F:	STX  $28
1021:	STX  $43
1023:	CLRA
1024:	STAA $30
1026:	STAA $31
1028:	STAA $3D
102A:	STAA $6C
102C:	STAA $6D
102E:	STAA $50
1030:	LDX  #$22F3
1033:	STX  $63
1035:	LDAA #$20
1037:	STAA $3C
1039:	RTS 
103A:	CLRA
103B:	STAA $77
103D:	STAA $E0
103F:	STAA $DF
1041:	LDAA #$01
1043:	STAA $DE
1045:	LDAA $0152
1048:	STAA $7C
104A:	STAA $E1
104C:	JSR  $C027
104F:	BSR  $101A
1051:	LDAA #$40
1053:	STAA $78
1055:	LDAA #$30
1057:	STAA $79
1059:	LDAA #$01
105B:	STAA $FF
105D:	JSR  $1BC7
1060:	LDX  #$03CD
1063:	JSR  $08A4
1066:	LDX  #$03FC
1069:	JSR  $089C
106C:	LDX  #$041B
106F:	JSR  $089C
1072:	JMP  $111F
1075:	LDAA $0152
1078:	STAA $7C
107A:	CLR  $00DF
107D:	LDX  #$0103
1080:	STX  $A048
1083:	LDS  $41
1085:	LDX  #$2A8A
1088:	STX  $38
108A:	CLR  $006B
108D:	JSR  $1BC7
1090:	JSR  $08AB
1093:	LDX  #$03BE
1096:	LDAA 62,X
1098:	CMPA $048E
109B:	BNE  $10A1
109D:	CMPA 112,X
109F:	BEQ  $10A4
10A1:	INC  $0041
10A4:	JSR  $089C
10A7:	CLR  $003D
10AA:	JSR  $082F
10AD:	LDX  #$0081  ADDR OF CONIN READ LINE
10B0:	JSR  $0F5A
10B3:	JSR  $0A8D
10B6:	BCS  $10BD
10B8:	JSR  $13E6
10BB:	BRA  $10A7
10BD:	TSTA
10BE:	BEQ  $10A7
10C0:	JSR  $0FC2   
10C3:	LDX  0,X     X=EXECUTION ADDR OF TOKEN 
10C5:	JMP  0,X     EXECUTE TOKEN

10C7:	LDS  $41
10C9:	JSR  $2D7B
10CC:	CMPB #$10
10CE:	BLT  $10D6
10D0:	ADDA #$0A
10D2:	SUBB #$10
10D4:	BRA  $10CC
10D6:	ABA 
10D7:	LDX  #$0443
10DA:	INX 
10DB:	INX 
10DC:	DECA
10DD:	BNE  $10DA
10DF:	STX  $20
10E1:	JSR  $1BC7
10E4:	JSR  $08AB
10E7:	LDAB $33
10E9:	LDAA $32
10EB:	BEQ  $10F6
10ED:	SUBB $58
10EF:	LDX  $57
10F1:	JSR  $094E
10F4:	BRA  $10FE
10F6:	LDX  #$0081
10F9:	SUBB #$81
10FB:	JSR  $089C
10FE:	TSTB
10FF:	BEQ  $1107
1101:	JSR  $097B
1104:	DECB
1105:	BNE  $1101
1107:	LDX  #$03E6
110A:	JSR  $08A4
110D:	LDX  $20
110F:	LDAA 0,X
1111:	JSR  $0561
1114:	LDAA 1,X
1116:	JSR  $0561
1119:	JSR  $08AB
111C:	JMP  $05B5

111F:	LDX  $2C     RUN COMMAND
1121:	STX  $3A     3A=START OF PROGRAM
1123:	STX  $34
1125:	LDX  #$2C88  
1128:	STX  $61
112A:	LDX  #$2C08
112D:	STX  $5B
112F:	LDX  $28     28=END OF PROGRAM???
1131:	STX  $43     
1133:	DEX 
1134:	INX          SET MEM TO ZERO
1135:	CPX  $0150   UP TO ($0150=HIMEM)
1138:	BEQ  $1140   OR END OF RAM
113A:	CLR  0,X
113C:	TST  0,X
113E:	BEQ  $1134
1140:	DEX          X=END OF BASIC MEM
1141:	STX  $41     $41=END OF BASIC MEM 
1143:	STX  $7A     $41=END OF BASIC MEM 
1145:	CLR  $007B
1148:	LDX  #$00EA  
114B:	LDAB #$13
114D:	BSR  $1165   ZERO $00EA, $13 BYTES
114F:	LDX  #$2C98
1152:	LDAB #$5F
1154:	BSR  $1165   ZERO $2C98, $5F BYTES
1156:	LDX  #$00E2
1159:	LDAB #$08
115B:	BSR  $1165   ZERO $00E2, $08 BYTES
115D:	CLRA
115E:	STAA $FD
1160:	STAA $FE
1162:	JMP  $16CF

1165:	CLR  0,X     ZERO B BYTES FROM (X)
1167:	INX 
1168:	DECB
1169:	BNE  $1165
116B:	RTS 

116C:	JSR  $1BCB   LIST COMMAND
116F:	LDX  #$03CD
1172:	JSR  $089C
1175:	LDX  $32
1177:	JSR  $0F5A
117A:	BEQ  $11A5
117C:	JSR  $0F65
117F:	STX  $32
1181:	JSR  $0F2C
1184:	STX  $22
1186:	LDX  $32
1188:	JSR  $0F5A
118B:	BEQ  $1191
118D:	INX 
118E:	JSR  $0F65
1191:	CLRA
1192:	LDAB #$01
1194:	ADDB $2F
1196:	DAA 
1197:	STAB $2F
1199:	ADCA $2E
119B:	DAA 
119C:	STAA $2E
119E:	JSR  $0F2C
11A1:	LDX  $22
11A3:	BRA  $11AB
11A5:	LDX  $28
11A7:	STX  $2A
11A9:	LDX  $2C
11AB:	CPX  $2A
11AD:	BEQ  $11B9
11AF:	CPX  $28
11B1:	BEQ  $11B9
11B3:	JSR  $094E
11B6:	INX 
11B7:	BRA  $11AB
11B9:	JMP  $1FCF
11BC:	LDX  $32
11BE:	JSR  $0BE1
11C1:	JSR  $0AD8
11C4:	CMPB #$05
11C6:	BHI  $11CC
11C8:	LDAB #$06
11CA:	BRA  $11D2
11CC:	CMPB #$7F
11CE:	BLS  $11D2
11D0:	LDAB #$7F
11D2:	STAB $3C
11D4:	STAB $3C
11D6:	JMP  $1FCF
11D9:	JSR  $0F94
11DC:	LDX  #$11F5
11DF:	STX  $A048
11E2:	STX  $20
11E4:	LDAA $21
11E6:	PSHA
11E7:	LDAA $20
11E9:	PSHA
11EA:	DES 
11EB:	DES 
11EC:	DES 
11ED:	DES 
11EE:	DES 
11EF:	STS  $A008
11F2:	JMP  $E0E3
11F5:	LDX  #$0103
11F8:	STX  $A048
11FB:	JMP  $16CF
11FE:	LDX  $32
1200:	LDAA $C400
1203:	CMPA #$7E
1205:	BNE  $1227
1207:	JSR  $0F5A
120A:	BEQ  $1227
120C:	JSR  $0C4B
120F:	LDAA $6C
1211:	BNE  $1216
1213:	JMP  $0B50
1216:	STX  $32
1218:	JSR  $1817
121B:	STX  $A0A0
121E:	JSR  $2D20
1221:	JSR  $0F9F
1224:	JMP  $16CF
1227:	JMP  $C000
122A:	LDX  $2C
122C:	CPX  $28
122E:	BEQ  $126A
1230:	BSR  $126D
1232:	JSR  $12C7
1235:	BCS  $123B
1237:	BSR  $12A0
1239:	BRA  $1262
123B:	JSR  $1526
123E:	LDAA $C9
1240:	ASRA
1241:	ASRA
1242:	BNE  $1245
1244:	INCA
1245:	ADDA $C9
1247:	STAA $C9
1249:	CLRA
124A:	STAA $F4
124C:	STAA $F5
124E:	BSR  $12A0
1250:	LDX  $20
1252:	LDAA $05
1254:	STAA 16,X
1256:	LDAA $06
1258:	STAA 17,X
125A:	JSR  $C5F5
125D:	BCC  $1262
125F:	JMP  $0814
1262:	JSR  $12E4
1265:	BSR  $12B6
1267:	JSR  $1677
126A:	JMP  $1083
126D:	LDX  $72
126F:	JSR  $08B5
1272:	LDX  #$0000
1275:	STX  $C9
1277:	STX  $DC
1279:	LDX  #$1289
127C:	STX  $72
127E:	BSR  $12B6
1280:	INC  $00C9
1283:	JSR  $08CA
1286:	STX  $72
1288:	RTS 
1289:	LDAB $DC
128B:	BNE  $129C
128D:	INCB
128E:	INC  $00CA
1291:	BNE  $1296
1293:	INC  $00C9
1296:	CMPA #$0D
1298:	BNE  $129C
129A:	LDAB #$08
129C:	DECB
129D:	STAB $DC
129F:	RTS 
12A0:	LDX  $EC
12A2:	STX  $05
12A4:	LDAB $C9
12A6:	JSR  $C021
12A9:	LDX  $05
12AB:	CPX  $F4
12AD:	BEQ  $12B3
12AF:	DECB
12B0:	BNE  $12A6
12B2:	RTS 
12B3:	JMP  $07BB
12B6:	LDX  $2C
12B8:	CPX  $28
12BA:	BEQ  $12C2
12BC:	JSR  $094E
12BF:	INX 
12C0:	BRA  $12B8
12C2:	LDAA #$04
12C4:	JMP  $0561
12C7:	LDX  #$000A
12CA:	STX  $76
12CC:	JSR  $04E3
12CF:	LDX  #$06BB
12D2:	STX  $72
12D4:	LDX  #$071E
12D7:	STX  $74
12D9:	LDX  #$00EA
12DC:	LDAB #$13
12DE:	JSR  $1165
12E1:	JMP  $14FA
12E4:	LDX  $EC
12E6:	JSR  $1598
12E9:	LDAA #$BA
12EB:	STAA $FB
12ED:	LDAA $EA
12EF:	ORAA #$80
12F1:	STAA $EA
12F3:	RTS 
12F4:	BSR  $12C7
12F6:	BCC  $12E4
12F8:	JMP  $1575
12FB:	BSR  $12F4
12FD:	JSR  $101A
1300:	BRA  $1304
1302:	BSR  $12F4
1304:	BSR  $1313
1306:	JMP  $1083
1309:	BSR  $12F4
130B:	JSR  $101A
130E:	BSR  $1313
1310:	JMP  $111F
1313:	LDAA #$FF
1315:	STAA $6B
1317:	JSR  $0570
131A:	CMPA #$04
131C:	BEQ  $132C
131E:	LDX  #$0081
1321:	JSR  $0844
1324:	LDX  #$0081
1327:	JSR  $13E6
132A:	BRA  $1317
132C:	CLR  $006B
132F:	RTS 
1330:	JSR  $1BCB
1333:	LDAA #$12
1335:	JSR  $0561
1338:	JSR  $13CF
133B:	JSR  $13CF
133E:	JSR  $13CF
1341:	JSR  $13DA
1344:	BSR  $1375
1346:	BCS  $1352
1348:	TAB 
1349:	LDAA #$04
134B:	JSR  $0561
134E:	TBA 
134F:	JSR  $0561
1352:	LDX  $2C
1354:	CPX  $28
1356:	BEQ  $1365
1358:	LDAA #$02
135A:	JSR  $0561
135D:	JSR  $094E
1360:	INX 
1361:	BSR  $13D1
1363:	BRA  $1354
1365:	LDAA $0156
1368:	JSR  $0561
136B:	BSR  $13DA
136D:	LDAA #$14
136F:	JSR  $0561
1372:	JMP  $1083
1375:	JSR  $0F5A
1378:	CMPA #$22
137A:	BNE  $1387
137C:	LDAA 2,X
137E:	CMPA #$22
1380:	BNE  $1387
1382:	LDAA 1,X
1384:	JMP  $0A80
1387:	SEC 
1388:	RTS 
1389:	JSR  $101A
138C:	JSR  $1BCB
138F:	LDAA #$11
1391:	STAA $6B
1393:	JSR  $0561
1396:	BSR  $1375
1398:	TAB 
1399:	BCS  $13B3
139B:	PSHB
139C:	LDX  $74
139E:	JSR X 0,X
13A0:	PULB
13A1:	CMPA $0156
13A4:	BNE  $13A9
13A6:	JSR  $0570
13A9:	CMPA #$04
13AB:	BNE  $139B
13AD:	JSR  $0570
13B0:	CBA 
13B1:	BNE  $139B
13B3:	JSR  $0570
13B6:	CMPA #$02
13B8:	BNE  $13B3
13BA:	JSR  $0570
13BD:	JSR  $0A8D
13C0:	BCS  $13B6
13C2:	LDX  #$0081
13C5:	JSR  $0844
13C8:	LDX  #$0081
13CB:	BSR  $13E6
13CD:	BRA  $13B3
13CF:	BSR  $13D1
13D1:	CLRB
13D2:	CLRA
13D3:	DECA
13D4:	BNE  $13D3
13D6:	DECB
13D7:	BNE  $13D2
13D9:	RTS 
13DA:	BSR  $13D1
13DC:	LDAB #$32
13DE:	CLRA
13DF:	JSR  $0561
13E2:	DECB
13E3:	BNE  $13DE
13E5:	RTS 
13E6:	BSR  $1414
13E8:	JSR  $0F22
13EB:	BCC  $13FE
13ED:	LDX  $7D
13EF:	JSR  $0F5A
13F2:	BEQ  $1413
13F4:	LDX  $2A
13F6:	CPX  $28
13F8:	BEQ  $1437
13FA:	BSR  $146D
13FC:	BRA  $1413
13FE:	LDX  $7D
1400:	JSR  $0F5A
1403:	BNE  $140F
1405:	LDX  $28
1407:	CPX  $2C
1409:	BEQ  $1413
140B:	BSR  $143F
140D:	BRA  $1413
140F:	BSR  $143F
1411:	BSR  $146D
1413:	RTS 
1414:	STX  $36
1416:	LDAA 0,X
1418:	JSR  $0A8D
141B:	BCS  $1420
141D:	INX 
141E:	BRA  $1416
1420:	CMPA #$45
1422:	BNE  $1432
1424:	LDAB #$20
1426:	STAB 0,X
1428:	BEQ  $1430
142A:	INX 
142B:	TAB 
142C:	LDAA 0,X
142E:	BRA  $1426
1430:	STX  $7F
1432:	LDX  $36
1434:	JMP  $0F65
1437:	BSR  $146D
1439:	LDX  $2E
143B:	STX  $30
143D:	BRA  $1413
143F:	SEI 
1440:	STS  $26
1442:	LDX  $2A
1444:	LDS  $28
1446:	INX 
1447:	INX 
1448:	INX 
1449:	INX 
144A:	INX 
144B:	DES 
144C:	DES 
144D:	DES 
144E:	DES 
144F:	DES 
1450:	LDAA 0,X
1452:	DES 
1453:	INX 
1454:	TSTA
1455:	BNE  $1450
1457:	STS  $28
1459:	STS  $43
145B:	TXS 
145C:	LDX  $2A
145E:	CPX  $28
1460:	BEQ  $1468
1462:	PULA
1463:	STAA 0,X
1465:	INX 
1466:	BRA  $145E
1468:	LDS  $26
146A:	NOP 
146B:	CLI 
146C:	RTS 
146D:	LDX  $7D
146F:	JSR  $0FC2
1472:	STX  $45
1474:	LDX  $28
1476:	STX  $20
1478:	LDAB $80
147A:	SUBB $7E
147C:	ADDB #$06
147E:	PSHB
147F:	ADDB $29
1481:	LDAA #$00
1483:	ADCA $28
1485:	CMPA $41
1487:	BCC  $14D4
1489:	STAB $29
148B:	STAA $28
148D:	LDAB $03FC
1490:	CMPB $042E
1493:	BEQ  $1497
1495:	STAB $28
1497:	LDX  $28
1499:	STX  $43
149B:	PULB
149C:	SEI 
149D:	STS  $26
149F:	TXS 
14A0:	LDX  $20
14A2:	CPX  $2A
14A4:	BEQ  $14AC
14A6:	DEX 
14A7:	LDAA 0,X
14A9:	PSHA
14AA:	BRA  $14A2
14AC:	LDX  $2A
14AE:	LDAA $2E
14B0:	STAA 0,X
14B2:	INX 
14B3:	LDAA $2F
14B5:	STAA 0,X
14B7:	INX 
14B8:	LDAA $45
14BA:	STAA 0,X
14BC:	INX 
14BD:	LDAA $46
14BF:	STAA 0,X
14C1:	INX 
14C2:	STAB 0,X
14C4:	INX 
14C5:	LDS  $7D
14C7:	DES 
14C8:	PULA
14C9:	STAA 0,X
14CB:	INX 
14CC:	TSTA
14CD:	BNE  $14C8
14CF:	LDS  $26
14D1:	NOP 
14D2:	CLI 
14D3:	RTS 
14D4:	LDAB #$14
14D6:	JMP  $10C7
14D9:	JSR  $1BCB
14DC:	JSR  $0526
14DF:	LDAA #$80
14E1:	BITA $EA
14E3:	BNE  $14F5
14E5:	STAA $EA
14E7:	BSR  $14FA
14E9:	BCC  $14ED
14EB:	BSR  $1526
14ED:	LDX  $EC
14EF:	JSR  $1598
14F2:	JMP  $1FCF
14F5:	LDAB #$31
14F7:	JMP  $10C7
14FA:	LDX  $32
14FC:	JSR  $0F5A
14FF:	JSR  $0C4B
1502:	LDAA $6C
1504:	BEQ  $1546
1506:	STX  $32
1508:	LDAA $C400
150B:	CMPA #$7E
150D:	BNE  $1575
150F:	JSR  $1817
1512:	LDX  $6E
1514:	BSR  $1556
1516:	STX  $A0A0
1519:	JSR  $C4BD
151C:	BCC  $1529
151E:	CMPA #$06
1520:	SEC 
1521:	BEQ  $1545
1523:	JMP  $0814
1526:	JSR  $15EA
1529:	LDAA $A0AC
152C:	STAA $EB
152E:	LDAA 0,X
1530:	STAA $EC
1532:	LDAA 1,X
1534:	STAA $ED
1536:	LDAA 16,X
1538:	STAA $F4
153A:	LDAA 17,X
153C:	STAA $F5
153E:	LDAA $EA
1540:	ORAA #$40
1542:	STAA $EA
1544:	CLC 
1545:	RTS 
1546:	BSR  $157A
1548:	LDAA $00
154A:	STAA $EB
154C:	LDX  $01
154E:	STX  $EC
1550:	LDX  #$0000
1553:	STX  $F4
1555:	RTS 
1556:	LDAA 0,X
1558:	CMPA #$30
155A:	BLS  $156A
155C:	CMPA #$33
155E:	BHI  $156A
1560:	LDAB 1,X
1562:	CMPB #$2F
1564:	BNE  $156A
1566:	INX 
1567:	INX 
1568:	BRA  $156C
156A:	LDAA #$31
156C:	ANDA #$03
156E:	LSRA
156F:	RORA
1570:	RORA
1571:	STAA $A0AC
1574:	RTS 
1575:	LDAB #$30
1577:	JMP  $10C7
157A:	STX  $32
157C:	JSR  $0AA3
157F:	LDAA 6,X
1581:	CMPA #$04
1583:	BNE  $1575
1585:	LDAA 0,X
1587:	BLE  $1575
1589:	CMPA #$03
158B:	BHI  $1575
158D:	JSR  $0D2D
1590:	LDX  0,X
1592:	JSR  $C003
1595:	BCS  $1575
1597:	RTS 
1598:	STX  $EE
159A:	STX  $05
159C:	JSR  $C021
159F:	LDX  $05
15A1:	STX  $F2
15A3:	LDX  #$0000
15A6:	STX  $F0
15A8:	CLR  $00F6
15AB:	LDAA #$BD
15AD:	STAA $FB
15AF:	LDX  $F7
15B1:	BNE  $15E5
15B3:	LDAA $77
15B5:	CMPA #$0A
15B7:	BNE  $15C0
15B9:	LDX  #$2A8A
15BC:	STX  $F7
15BE:	BRA  $15E5
15C0:	LDX  $43
15C2:	LDAA #$40
15C4:	STAA 0,X
15C6:	COMA
15C7:	STAA 1,X
15C9:	STX  4,X
15CB:	LDAA #$06
15CD:	ADDA 5,X
15CF:	STAA 5,X
15D1:	STAA $F8
15D3:	LDAA 4,X
15D5:	ADCA #$00
15D7:	STAA $F7
15D9:	INCA
15DA:	STAA 4,X
15DC:	LDX  4,X
15DE:	JSR  $0AD0
15E1:	STX  $43
15E3:	LDX  $F7
15E5:	STX  $F9
15E7:	JMP  $07ED
15EA:	JSR  $C50F
15ED:	BCC  $15FB
15EF:	CMPA #$07
15F1:	BEQ  $15F6
15F3:	JMP  $0814
15F6:	LDAB #$41
15F8:	JMP  $10C7
15FB:	STX  $20
15FD:	STX  $16
15FF:	LDX  $A0A0
1602:	STX  $14
1604:	CLRB
1605:	TST  0,X
1607:	BEQ  $160D
1609:	INCB
160A:	INX 
160B:	BRA  $1605
160D:	JSR  $0530
1610:	LDX  $20
1612:	INX 
1613:	INX 
1614:	INX 
1615:	INX 
1616:	INX 
1617:	INX 
1618:	LDAA 0,X
161A:	ADDA $FF
161C:	STAA 2,X
161E:	STAA 16,X
1620:	LDAA 1,X
1622:	STAA 17,X
1624:	SUBA #$02
1626:	BPL  $1632
1628:	EORA #$01
162A:	ADDA #$0A
162C:	CMPA #$09
162E:	BNE  $1632
1630:	DEC  2,X
1632:	STAA 3,X
1634:	LDAA #$FF
1636:	STAA 8,X
1638:	STAA 9,X
163A:	STX  $20
163C:	JSR  $C5F5
163F:	BCS  $15F3
1641:	LDX  $20
1643:	RTS 
1644:	JSR  $1BCB
1647:	JSR  $0526
164A:	LDAA $EA
164C:	BITA #$80
164E:	BEQ  $167B
1650:	BITA #$40
1652:	BEQ  $1669
1654:	ANDA #$C0
1656:	STAA $EA
1658:	LDX  $EC
165A:	JSR  $1598
165D:	JSR  $076A
1660:	LDX  $EE
1662:	BNE  $165D
1664:	LDX  $EC
1666:	JSR  $1598
1669:	JMP  $1FCF
166C:	BSR  $1671
166E:	JMP  $1FCF
1671:	JSR  $1BCB
1674:	JSR  $0526
1677:	LDAA $EA
1679:	BITA #$80
167B:	BEQ  $16C6
167D:	BITA #$01
167F:	BEQ  $16BF
1681:	BITA #$02
1683:	BNE  $16BC
1685:	LDX  #$0000
1688:	STX  $F2
168A:	LDAA $EA
168C:	BITA #$40
168E:	BEQ  $16BC
1690:	JSR  $C68F
1693:	BCS  $163F
1695:	LDX  #$A0B3
1698:	LDAB #$10
169A:	LDAA 6,X
169C:	CMPA $EC
169E:	BNE  $16A6
16A0:	LDAA 7,X
16A2:	CMPA $ED
16A4:	BEQ  $16AF
16A6:	JSR  $C508
16A9:	TST  0,X
16AB:	BEQ  $16BC
16AD:	BRA  $169A
16AF:	LDAA $EE
16B1:	STAA 8,X
16B3:	LDAA $EF
16B5:	STAA 9,X
16B7:	JSR  $C5F5
16BA:	BCS  $163F
16BC:	JSR  $07C0
16BF:	LDAA $EA
16C1:	ANDA #$40
16C3:	STAA $EA
16C5:	RTS 
16C6:	LDAB #$32
16C8:	JMP  $10C7
16CB:	LDX  $57
16CD:	STX  $34
16CF:	LDX  #$2B8A
16D2:	STX  $59
16D4:	LDX  $7A
16D6:	STX  $6E
16D8:	LDX  $34
16DA:	CPX  $28
16DC:	BNE  $16E1
16DE:	JMP  $1083
16E1:	DEX 
16E2:	LDAA 0,X
16E4:	INX 
16E5:	CMPA #$3A
16E7:	BNE  $16EE
16E9:	STX  $32
16EB:	JMP  $2261
16EE:	TST  $0034
16F1:	BEQ  $16DE
16F3:	STX  $57
16F5:	TST  $006D
16F8:	BEQ  $171A
16FA:	JSR  $08B5
16FD:	JSR  $1BC7
1700:	JSR  $08CA
1703:	LDAA #$5B
1705:	JSR  $0561
1708:	LDAA #$20
170A:	JSR  $0561
170D:	JSR  $054B
1710:	LDAA #$5D
1712:	JSR  $0561
1715:	JSR  $08AB
1718:	BRA  $171C
171A:	INX 
171B:	INX 
171C:	INX 
171D:	INX 
171E:	INX 
171F:	STX  $32
1721:	DEX 
1722:	DEX 
1723:	DEX 
1724:	LDX  0,X
1726:	LDX  0,X     
1728:	JMP  0,X     EXECUTE TOKEN COMMAND
172A:	LDX  $32
172C:	JSR  $0F5A
172F:	JSR  $0A8D
1732:	BCC  $177D
1734:	JMP  $2261
1737:	LDAB #$20
1739:	JMP  $10C7
173C:	LDX  $32
173E:	JSR  $0BE1
1741:	JSR  $0AD8
1744:	TSTB
1745:	BEQ  $1737
1747:	DECB
1748:	STAB $51
174A:	JSR  $0FC2
174D:	LDX  0,X
174F:	CPX  #$177D
1752:	BEQ  $1780
1754:	CPX  #$175B
1757:	BEQ  $175E
1759:	BRA  $1737
175B:	CLR  $0051
175E:	LDX  $34
1760:	JSR  $0F9F
1763:	LDX  $61
1765:	CPX  #$2C98
1768:	BNE  $176F
176A:	LDAB #$09
176C:	JMP  $10C7
176F:	LDAA $34
1771:	STAA 0,X
1773:	INX 
1774:	LDAA $35
1776:	STAA 0,X
1778:	INX 
1779:	STX  $61
177B:	BRA  $1780
177D:	CLR  $0051
1780:	JSR  $057C
1783:	LDX  $32
1785:	JSR  $0F65
1788:	DEC  $0051
178B:	BMI  $1797
178D:	JSR  $0F5A
1790:	CMPA #$2C
1792:	BNE  $1737
1794:	INX 
1795:	BRA  $1785
1797:	JSR  $0F22
179A:	BCC  $17A1
179C:	LDAB #$07
179E:	JMP  $10C7
17A1:	STX  $34
17A3:	JMP  $16CF
17A6:	LDX  $61
17A8:	CPX  #$2C88
17AB:	BNE  $17B2
17AD:	LDAB #$10
17AF:	JMP  $10C7
17B2:	DEX 
17B3:	DEX 
17B4:	STX  $61
17B6:	LDX  0,X
17B8:	BRA  $17A1
17BA:	JSR  $1BC7
17BD:	LDX  #$0339
17C0:	JSR  $08A4
17C3:	LDX  #$03F2
17C6:	JSR  $08A4
17C9:	LDX  $57
17CB:	JSR  $054B
17CE:	JSR  $0F9F
17D1:	STX  $57
17D3:	JMP  $1083
17D6:	JSR  $08B5
17D9:	LDAB #$FF
17DB:	STAB $40
17DD:	BSR  $1817
17DF:	BSR  $17E8
17E1:	JSR  $08CA
17E4:	RTS 
17E5:	CLR  $0040
17E8:	STX  $6E
17EA:	JSR  $0AA3
17ED:	SEI 
17EE:	STS  $26
17F0:	LDX  $6E
17F2:	TXS 
17F3:	LDX  $59
17F5:	LDX  0,X
17F7:	LDAB $3C
17F9:	PULA
17FA:	STAA 0,X
17FC:	TST  $0040
17FF:	BNE  $1805
1801:	CMPA #$2C
1803:	BEQ  $180E
1805:	TSTA
1806:	BEQ  $180E
1808:	INX 
1809:	DECB
180A:	BNE  $17F9
180C:	BRA  $1811
180E:	CLR  0,X
1810:	DES 
1811:	TSX 
1812:	LDS  $26
1814:	NOP 
1815:	CLI 
1816:	RTS 
1817:	PSHA
1818:	LDX  $6E
181A:	CPX  $7A
181C:	BEQ  $1829
181E:	DEX 
181F:	CPX  $7A
1821:	BEQ  $1829
1823:	DEX 
1824:	LDAA 0,X
1826:	BNE  $181F
1828:	INX 
1829:	PULA
182A:	STX  $6E
182C:	RTS 
182D:	LDAB #$FF
182F:	BRA  $1832
1831:	CLRB
1832:	STAB $51
1834:	JSR  $1BCB
1837:	LDAA $32
1839:	BNE  $1840
183B:	LDAB #$02
183D:	JMP  $10C7
1840:	LDX  $32
1842:	JSR  $0F5A
1845:	CMPA #$22
1847:	BNE  $1860
1849:	JSR  $0C4B
184C:	CMPA #$3B
184E:	BEQ  $1854
1850:	CMPA #$2C
1852:	BNE  $183B
1854:	INX 
1855:	STX  $32
1857:	LDAA $76
1859:	BEQ  $1860
185B:	JSR  $1BB3
185E:	BRA  $1869
1860:	LDAA $76
1862:	BNE  $1869
1864:	JSR  $083E
1867:	BRA  $186C
1869:	JSR  $0836
186C:	LDX  #$0081
186F:	STX  $7D
1871:	LDX  $32
1873:	LDAA $76
1875:	BNE  $187D
1877:	LDAA $EA
1879:	BITA #$20
187B:	BNE  $18ED
187D:	JSR  $1F3B
1880:	BCC  $18E2
1882:	STX  $32
1884:	LDX  $7D
1886:	TST  $006C
1889:	BNE  $18AA
188B:	TST  $0051
188E:	BNE  $183B
1890:	BSR  $1904
1892:	BCC  $18CB
1894:	TST  $0076
1897:	BEQ  $18F0
1899:	TSTA
189A:	BEQ  $18A2
189C:	LDX  #$03DD
189F:	JSR  $089C
18A2:	JSR  $0836
18A5:	LDX  #$0081
18A8:	BRA  $1886
18AA:	TST  $0051
18AD:	BNE  $18F8
18AF:	JSR  $0F5A
18B2:	CMPA #$22
18B4:	BNE  $18C6
18B6:	STX  $7D
18B8:	LDX  $7A
18BA:	STX  $6E
18BC:	LDX  $7D
18BE:	JSR  $0C93
18C1:	JSR  $17D6
18C4:	BRA  $18CE
18C6:	JSR  $17E5
18C9:	BRA  $18CE
18CB:	JSR  $08EE
18CE:	JSR  $0F5A
18D1:	CMPA #$2C
18D3:	BNE  $18D6
18D5:	INX 
18D6:	STX  $7D
18D8:	LDX  $32
18DA:	JSR  $0F5A
18DD:	INX 
18DE:	CMPA #$2C
18E0:	BEQ  $187D
18E2:	DEX 
18E3:	CLR  $003D
18E6:	CMPA #$3A
18E8:	BEQ  $18ED
18EA:	TSTA
18EB:	BNE  $18F3
18ED:	JMP  $1FCF
18F0:	JMP  $1A1F
18F3:	LDAB #$03
18F5:	JMP  $10C7
18F8:	LDX  $7D
18FA:	LDAA #$FF
18FC:	STAA $40
18FE:	JSR  $17E8
1901:	JMP  $1FCF
1904:	JSR  $0F5A
1907:	STAA $47
1909:	INX 
190A:	CMPA #$2D
190C:	BEQ  $1912
190E:	DEX 
190F:	CLR  $0047
1912:	CLRA
1913:	STAA $49
1915:	STAA $4A
1917:	STAA $4B
1919:	JSR  $19C4
191C:	LDAB $59
191E:	STAB $24
1920:	LDAB $5A
1922:	STAB $25
1924:	LDAB #$05
1926:	JSR  $0F5A
1929:	JSR  $0A8D
192C:	BCC  $1939
192E:	CMPA #$2E
1930:	BNE  $1937
1932:	STAA $4A
1934:	INX 
1935:	BRA  $1926
1937:	SEC 
1938:	RTS 
1939:	DEX 
193A:	INX 
193B:	LDAA 0,X
193D:	JSR  $0A8D
1940:	BCS  $1984
1942:	SUBA #$30
1944:	BNE  $1955
1946:	TST  $0049
1949:	BNE  $1957
194B:	TST  $004A
194E:	BEQ  $193A
1950:	DEC  $0048
1953:	BRA  $193A
1955:	STAA $49
1957:	JSR  $08B5
195A:	LDX  $24
195C:	TSTB
195D:	BEQ  $1975
195F:	TST  $004B
1962:	BNE  $196C
1964:	ADDA 0,X
1966:	STAA 0,X
1968:	INX 
1969:	DECB
196A:	BRA  $1972
196C:	ASLA
196D:	ASLA
196E:	ASLA
196F:	ASLA
1970:	STAA 0,X
1972:	COM  $004B
1975:	STX  $24
1977:	TST  $004A
197A:	BNE  $197F
197C:	INC  $0048
197F:	JSR  $08CA
1982:	BRA  $193A
1984:	TST  $004A
1987:	BNE  $1991
1989:	CMPA #$2E
198B:	BNE  $1991
198D:	STAA $4A
198F:	BRA  $193A
1991:	CLRB
1992:	CMPA #$45
1994:	BNE  $19AA
1996:	INX 
1997:	LDAA 0,X
1999:	CMPA #$2D
199B:	BEQ  $19A6
199D:	CMPA #$2B
199F:	BNE  $19A2
19A1:	INX 
19A2:	BSR  $19DC
19A4:	BRA  $19AA
19A6:	INX 
19A7:	BSR  $19DC
19A9:	NEGB
19AA:	LDAA $48
19AC:	ABA 
19AD:	JSR  $08B5
19B0:	LDX  $59
19B2:	STAA 6,X
19B4:	JSR  $0A9C
19B7:	JSR  $08CA
19BA:	TST  $0047
19BD:	BEQ  $19C2
19BF:	JSR  $0CFC
19C2:	CLC 
19C3:	RTS 
19C4:	STX  $36
19C6:	LDX  $59
19C8:	CLR  0,X
19CA:	CLR  1,X
19CC:	CLR  2,X
19CE:	CLR  3,X
19D0:	CLR  4,X
19D2:	CLR  5,X
19D4:	CLR  6,X
19D6:	CLR  $0048
19D9:	LDX  $36
19DB:	RTS 
19DC:	LDAA 0,X
19DE:	JSR  $0A8D
19E1:	BCC  $19E8
19E3:	LDAB #$02
19E5:	JMP  $10C7
19E8:	SUBA #$30
19EA:	TAB 
19EB:	INX 
19EC:	LDAA 0,X
19EE:	JSR  $0A8D
19F1:	BCS  $1A00
19F3:	ASLB
19F4:	TBA 
19F5:	ASLB
19F6:	ASLB
19F7:	ABA 
19F8:	TAB 
19F9:	LDAA 0,X
19FB:	SUBA #$30
19FD:	ABA 
19FE:	TAB 
19FF:	INX 
1A00:	RTS 
1A01:	JSR  $1BCB
1A04:	JSR  $0526
1A07:	LDX  $32
1A09:	JSR  $1F3B
1A0C:	BCC  $1A36
1A0E:	STX  $32
1A10:	BSR  $1A56
1A12:	BCS  $1A39
1A14:	LDX  $7A
1A16:	LDAA $6C
1A18:	BNE  $1A24
1A1A:	JSR  $1904
1A1D:	BCC  $1A29
1A1F:	LDAB #$34
1A21:	JMP  $10C7
1A24:	JSR  $17D6
1A27:	BRA  $1A2C
1A29:	JSR  $08EE
1A2C:	LDX  $32
1A2E:	JSR  $0F5A
1A31:	INX 
1A32:	CMPA #$2C
1A34:	BEQ  $1A09
1A36:	JMP  $1FCF
1A39:	LDX  $32
1A3B:	LDAA 0,X
1A3D:	BEQ  $1A51
1A3F:	CMPA #$3A
1A41:	BEQ  $1A51
1A43:	INX 
1A44:	CMPA #$2F
1A46:	BEQ  $1A4C
1A48:	CMPA #$5C
1A4A:	BNE  $1A3B
1A4C:	STX  $32
1A4E:	JMP  $177D
1A51:	LDAB #$39
1A53:	JMP  $10C7
1A56:	LDX  $7A
1A58:	STX  $6E
1A5A:	BSR  $1A86
1A5C:	BCS  $1A85
1A5E:	BEQ  $1A82
1A60:	TSTB
1A61:	BNE  $1A6E
1A63:	STAA 0,X
1A65:	INX 
1A66:	BSR  $1A94
1A68:	BCS  $1A85
1A6A:	BNE  $1A63
1A6C:	BRA  $1A82
1A6E:	STAA 0,X
1A70:	INX 
1A71:	BSR  $1A94
1A73:	BCS  $1A85
1A75:	TSTB
1A76:	BNE  $1A6E
1A78:	BSR  $1AA2
1A7A:	BEQ  $1A82
1A7C:	BSR  $1A94
1A7E:	BCS  $1A85
1A80:	BNE  $1A7C
1A82:	CLR  0,X
1A84:	CLC 
1A85:	RTS 
1A86:	BSR  $1A94
1A88:	BCS  $1A93
1A8A:	BEQ  $1A93
1A8C:	TSTB
1A8D:	BNE  $1A93
1A8F:	CMPA #$20
1A91:	BEQ  $1A86
1A93:	RTS 
1A94:	BSR  $1AAA
1A96:	BCS  $1AA9
1A98:	CMPA #$22
1A9A:	BEQ  $1A94
1A9C:	LDAB #$08
1A9E:	ANDB $EA
1AA0:	BNE  $1AA8
1AA2:	CMPA #$2C
1AA4:	BEQ  $1AA8
1AA6:	CMPA #$0D
1AA8:	CLC 
1AA9:	RTS 
1AAA:	JSR  $0570
1AAD:	CMPA #$04
1AAF:	CLC 
1AB0:	BNE  $1AB3
1AB2:	SEC 
1AB3:	RTS 
1AB4:	LDX  $32
1AB6:	JSR  $0F5A
1AB9:	CMPA #$23
1ABB:	BNE  $1AC0
1ABD:	JMP  $1A01
1AC0:	JSR  $1F3B
1AC3:	BCC  $1B3A
1AC5:	STX  $32
1AC7:	LDX  $3A
1AC9:	CPX  $2C
1ACB:	BEQ  $1B11
1ACD:	DEX 
1ACE:	LDAA 0,X
1AD0:	INX 
1AD1:	TSTA
1AD2:	BEQ  $1B11
1AD4:	TST  $006C
1AD7:	BEQ  $1AF9
1AD9:	JSR  $0F5A
1ADC:	BEQ  $1B07
1ADE:	CMPA #$22
1AE0:	BEQ  $1AE7
1AE2:	JSR  $17E5
1AE5:	BRA  $1B27
1AE7:	STX  $3A
1AE9:	LDX  $7A
1AEB:	STX  $6E
1AED:	LDX  $3A
1AEF:	JSR  $0C93
1AF2:	BCS  $1AFE
1AF4:	JSR  $17D6
1AF7:	BRA  $1B27
1AF9:	JSR  $1904
1AFC:	BCC  $1B24
1AFE:	LDAA 0,X
1B00:	BEQ  $1B07
1B02:	LDAB #$19
1B04:	JMP  $10C7
1B07:	CPX  $28
1B09:	BEQ  $1B02
1B0B:	LDAA 0,X
1B0D:	INX 
1B0E:	TSTA
1B0F:	BNE  $1B07
1B11:	LDAA 2,X
1B13:	CMPA #$02
1B15:	BNE  $1B07
1B17:	LDAA 3,X
1B19:	CMPA #$AD
1B1B:	BNE  $1B07
1B1D:	INX 
1B1E:	INX 
1B1F:	INX 
1B20:	INX 
1B21:	INX 
1B22:	BRA  $1AD4
1B24:	JSR  $08EE
1B27:	LDAA 0,X
1B29:	CMPA #$2C
1B2B:	BNE  $1B2E
1B2D:	INX 
1B2E:	STX  $3A
1B30:	LDX  $32
1B32:	JSR  $0F5A
1B35:	INX 
1B36:	CMPA #$2C
1B38:	BEQ  $1AC0
1B3A:	DEX 
1B3B:	CMPA #$3A
1B3D:	BEQ  $1B42
1B3F:	TSTA
1B40:	BNE  $1B02
1B42:	JMP  $1FCF
1B45:	LDX  $32
1B47:	JSR  $2D31
1B4A:	BEQ  $1B5B
1B4C:	CMPA #$23
1B4E:	BEQ  $1B64
1B50:	JSR  $0F65
1B53:	JSR  $0F22
1B56:	BCC  $1B5D
1B58:	JMP  $0F6A
1B5B:	LDX  $2C
1B5D:	STX  $3A
1B5F:	LDX  $32
1B61:	JMP  $1FCF
1B64:	JSR  $1671
1B67:	LDAA $EA
1B69:	ORAA #$80
1B6B:	STAA $EA
1B6D:	CLR  $0020
1B70:	LDX  $32
1B72:	JSR  $0F5A
1B75:	BEQ  $1B92
1B77:	CMPA #$3A
1B79:	BEQ  $1B92
1B7B:	JSR  $0C4B
1B7E:	LDAA $6C
1B80:	BEQ  $1B85
1B82:	JMP  $0B50
1B85:	JSR  $157A
1B88:	LDX  $59
1B8A:	LDAA 2,X
1B8C:	STAA $20
1B8E:	LDX  $01
1B90:	BRA  $1B94
1B92:	LDX  $EC
1B94:	JSR  $1598
1B97:	JSR  $0798
1B9A:	LDAA $20
1B9C:	BEQ  $1BAE
1B9E:	JSR  $1A94
1BA1:	BCS  $1BAE
1BA3:	BNE  $1B9E
1BA5:	LDAA $20
1BA7:	ADDA #$99
1BA9:	DAA 
1BAA:	STAA $20
1BAC:	BNE  $1B9E
1BAE:	LDX  $32
1BB0:	JMP  $1FCF
1BB3:	JSR  $08B5
1BB6:	JSR  $1817
1BB9:	LDAA 0,X
1BBB:	BEQ  $1BC3
1BBD:	JSR  $1D39
1BC0:	INX 
1BC1:	BRA  $1BB9
1BC3:	JSR  $08CA
1BC6:	RTS 
1BC7:	LDAA $7C
1BC9:	BRA  $1BF0
1BCB:	LDX  $32
1BCD:	JSR  $0F5A
1BD0:	CMPA #$23
1BD2:	BNE  $1BC7
1BD4:	INX 
1BD5:	JSR  $0BE1
1BD8:	BEQ  $1BEA
1BDA:	CMPA #$2C
1BDC:	BEQ  $1BE9
1BDE:	CMPA #$3B
1BE0:	BEQ  $1BE9
1BE2:	CMPA #$3A
1BE4:	BEQ  $1BEA
1BE6:	JMP  $1F55
1BE9:	INX 
1BEA:	STX  $32
1BEC:	JSR  $0AD8
1BEF:	TBA 
1BF0:	CMPA #$08
1BF2:	BCS  $1C00
1BF4:	CLR  $0076
1BF7:	STAA $77
1BF9:	LDAB #$08
1BFB:	NOP 
1BFC:	NOP 
1BFD:	NOP 
1BFE:	BRA  $1C0F
1C00:	TAB 
1C01:	ASLA
1C02:	ASLA
1C03:	CMPA $77
1C05:	BNE  $1C08
1C07:	RTS 
1C08:	NOP 
1C09:	STAA $77
1C0B:	LDAA #$80
1C0D:	STAA $76
1C0F:	LDX  $E0
1C11:	CPX  #$0008
1C14:	BEQ  $1C1A
1C16:	LDAA $3D
1C18:	STAA 226,X
1C1A:	JSR  $2D5E
1C1D:	NOP 
1C1E:	LDX  #$015A
1C21:	TBA 
1C22:	BEQ  $1C28
1C24:	INX 
1C25:	DECA
1C26:	BNE  $1C24
1C28:	LDAA 0,X
1C2A:	ASLA
1C2B:	ASLA
1C2C:	ASLA
1C2D:	ADDA 0,X
1C2F:	LDX  #$0106
1C32:	STX  $72
1C34:	STX  $74
1C36:	ADDA $73
1C38:	STAA $73
1C3A:	ADDA #$03
1C3C:	STAA $75
1C3E:	LDAA $76
1C40:	BEQ  $1C60
1C42:	CLRA
1C43:	SEC 
1C44:	ROLA
1C45:	DECB
1C46:	BPL  $1C44
1C48:	BITA $DF
1C4A:	BNE  $1C6E
1C4C:	TAB 
1C4D:	LDX  $76
1C4F:	JSR  $2D55
1C52:	NOP 
1C53:	BEQ  $1C5B
1C55:	ORAB $DF
1C57:	STAB $DF
1C59:	BRA  $1C60
1C5B:	LDAB #$26
1C5D:	JMP  $10C7
1C60:	LDX  $74
1C62:	SEI 
1C63:	JSR X 3,X
1C65:	LDAA $76
1C67:	BEQ  $1C6C
1C69:	JSR  $13CF
1C6C:	NOP 
1C6D:	CLI 
1C6E:	RTS 
1C6F:	STX  $20
1C71:	JSR  $0FB8
1C74:	CPX  #$03B5
1C77:	BEQ  $1C7D
1C79:	LDX  $20
1C7B:	BRA  $1CE8
1C7D:	INC  $0051
1C80:	LDX  $32
1C82:	JSR  $0C4B
1C85:	LDAA $6C
1C87:	BNE  $1C8C
1C89:	JMP  $0B50
1C8C:	JSR  $0F5A
1C8F:	CMPA #$2C
1C91:	BEQ  $1C9A
1C93:	CMPA #$3B
1C95:	BEQ  $1C9A
1C97:	JMP  $18F3
1C9A:	INX 
1C9B:	STX  $32
1C9D:	BRA  $1CA7
1C9F:	JSR  $1BCB
1CA2:	LDX  $32
1CA4:	CLR  $0051
1CA7:	JSR  $0F5A
1CAA:	BEQ  $1CB4
1CAC:	CMPA #$55
1CAE:	BEQ  $1C6F
1CB0:	CMPA #$3A
1CB2:	BNE  $1CE8
1CB4:	INX 
1CB5:	STX  $34
1CB7:	DEX 
1CB8:	DEX 
1CB9:	LDAA 0,X
1CBB:	CMPA #$20
1CBD:	BEQ  $1CB8
1CBF:	CMPA #$3B
1CC1:	BEQ  $1CCD
1CC3:	CMPA #$2C
1CC5:	BEQ  $1CCD
1CC7:	JSR  $08AB
1CCA:	CLR  $003D
1CCD:	JMP  $16CF
1CD0:	JSR  $237F
1CD3:	JSR  $08CE
1CD6:	JSR  $0AD8
1CD9:	DECB
1CDA:	SUBB $3D
1CDC:	BLE  $1CE4
1CDE:	JSR  $097B
1CE1:	DECB
1CE2:	BNE  $1CDE
1CE4:	LDS  $41
1CE6:	BRA  $1D00
1CE8:	JSR  $0C4B
1CEB:	TST  $006C
1CEE:	BNE  $1CFD
1CF0:	LDAA $51
1CF2:	BEQ  $1CF9
1CF4:	JSR  $1E37
1CF7:	BRA  $1D00
1CF9:	BSR  $1D65
1CFB:	BRA  $1D00
1CFD:	JSR  $1BB3
1D00:	JSR  $0F5A
1D03:	CMPA #$2C
1D05:	BNE  $1D15
1D07:	INX 
1D08:	LDAA $3D
1D0A:	TAB 
1D0B:	ANDB #$F0
1D0D:	SBA 
1D0E:	BEQ  $1D1A
1D10:	JSR  $097B
1D13:	BRA  $1D08
1D15:	CMPA #$3B
1D17:	BNE  $1D24
1D19:	INX 
1D1A:	LDAA $76
1D1C:	BNE  $1CA7
1D1E:	JSR  $2D39
1D21:	NOP 
1D22:	BRA  $1CA7
1D24:	TSTA
1D25:	BEQ  $1D22
1D27:	CMPA #$3A
1D29:	BEQ  $1D22
1D2B:	LDAB #$06
1D2D:	JMP  $10C7
1D30:	LDAA #$2E
1D32:	BRA  $1D39
1D34:	CLRA
1D35:	ANDA #$0F
1D37:	ADDA #$30
1D39:	PSHA
1D3A:	JSR  $0561
1D3D:	PULA
1D3E:	CMPA #$20
1D40:	BCC  $1D43
1D42:	RTS 
1D43:	PSHB
1D44:	LDAB $3D
1D46:	INCB
1D47:	TST  $0078
1D4A:	BEQ  $1D61
1D4C:	TST  $0076
1D4F:	BEQ  $1D61
1D51:	CMPB $79
1D53:	BCS  $1D61
1D55:	CMPB $78
1D57:	BCC  $1D5D
1D59:	CMPA #$20
1D5B:	BNE  $1D61
1D5D:	JSR  $08AB
1D60:	CLRB
1D61:	STAB $3D
1D63:	PULB
1D64:	RTS 
1D65:	JSR  $08B5
1D68:	LDAA $50
1D6A:	STAA $DB
1D6C:	JSR  $0AA3
1D6F:	CLRA
1D70:	STAA $4A
1D72:	TST  0,X
1D74:	BNE  $1D83
1D76:	TST  $00DB
1D79:	BNE  $1D9B
1D7B:	BSR  $1D34
1D7D:	JSR  $08CA
1D80:	JMP  $097B
1D83:	TST  0,X
1D85:	BPL  $1D8E
1D87:	LDAA #$2D
1D89:	BSR  $1D39
1D8B:	JSR  $0D05
1D8E:	LDAA 6,X
1D90:	CMPA #$09
1D92:	BGT  $1DD1
1D94:	CMPA #$F8
1D96:	BLT  $1DD1
1D98:	TSTA
1D99:	BGT  $1DB0
1D9B:	BSR  $1D34
1D9D:	BSR  $1D30
1D9F:	STAA $4A
1DA1:	TST  6,X
1DA3:	BPL  $1DCD
1DA5:	BSR  $1D34
1DA7:	DEC  $00DB
1DAA:	BEQ  $1D7D
1DAC:	INC  6,X
1DAE:	BRA  $1DA1
1DB0:	TST  $004A
1DB3:	BNE  $1DCD
1DB5:	LDAA 0,X
1DB7:	JSR  $1D35
1DBA:	JSR  $0D22
1DBD:	DEC  6,X
1DBF:	BNE  $1DB5
1DC1:	TST  $00DB
1DC4:	BNE  $1DCA
1DC6:	BSR  $1E1E
1DC8:	BCC  $1D7D
1DCA:	JSR  $1D30
1DCD:	BSR  $1E05
1DCF:	BRA  $1D7D
1DD1:	LDAA 0,X
1DD3:	JSR  $1D35
1DD6:	JSR  $0D22
1DD9:	JSR  $1D30
1DDC:	BSR  $1E05
1DDE:	LDAA #$45
1DE0:	JSR  $1D39
1DE3:	LDAB 6,X
1DE5:	CMPA #$3A
1DE7:	BEQ  $1DEC
1DE9:	DECB
1DEA:	BPL  $1DF2
1DEC:	LDAA #$2D
1DEE:	JSR  $1D39
1DF1:	NEGB
1DF2:	CLRA
1DF3:	INCA
1DF4:	SUBB #$0A
1DF6:	BPL  $1DF3
1DF8:	DECA
1DF9:	ADDB #$0A
1DFB:	JSR  $1D35
1DFE:	TBA 
1DFF:	JSR  $1D35
1E02:	JMP  $1D7D
1E05:	LDAB $DB
1E07:	BSR  $1E1E
1E09:	BCC  $1E18
1E0B:	LDAA 0,X
1E0D:	JSR  $1D35
1E10:	JSR  $0D22
1E13:	DECB
1E14:	BNE  $1E07
1E16:	BRA  $1E1D
1E18:	TST  $0050
1E1B:	BNE  $1E0B
1E1D:	RTS 
1E1E:	STX  $36
1E20:	LDX  $59
1E22:	PSHB
1E23:	LDAB 0,X
1E25:	ORAB 1,X
1E27:	ORAB 2,X
1E29:	ORAB 3,X
1E2B:	ORAB 4,X
1E2D:	ORAB 5,X
1E2F:	PULB
1E30:	SEC 
1E31:	BNE  $1E34
1E33:	CLC 
1E34:	LDX  $36
1E36:	RTS 
1E37:	JSR  $08B5
1E3A:	LDX  $7A
1E3C:	CLRB
1E3D:	STAB $20
1E3F:	STAB $21
1E41:	LDAA 0,X
1E43:	BEQ  $1E5E
1E45:	CMPA #$2E
1E47:	BNE  $1E4C
1E49:	INCB
1E4A:	BRA  $1E5B
1E4C:	CMPA #$23
1E4E:	BNE  $1E5B
1E50:	TSTB
1E51:	BNE  $1E58
1E53:	INC  $0020
1E56:	BRA  $1E5B
1E58:	INC  $0021
1E5B:	INX 
1E5C:	BRA  $1E41
1E5E:	JSR  $2725
1E61:	JSR  $0AAA
1E64:	LDAB 0,X
1E66:	BEQ  $1E7F
1E68:	LDX  #$2A1A
1E6B:	JSR  $091B
1E6E:	LDX  $59
1E70:	DEX 
1E71:	LDAA $21
1E73:	NEGA
1E74:	STAA 0,X
1E76:	TSTB
1E77:	BPL  $1E7C
1E79:	JSR  $0CFC
1E7C:	JSR  $0DB9
1E7F:	LDAA $50
1E81:	PSHA
1E82:	LDAA $21
1E84:	CMPA #$09
1E86:	BLS  $1E89
1E88:	CLRA
1E89:	STAA $50
1E8B:	JSR  $25AC
1E8E:	PULA
1E8F:	STAA $50
1E91:	LDX  $6E
1E93:	DEX 
1E94:	CLRB
1E95:	DEX 
1E96:	LDAA 0,X
1E98:	BEQ  $1EAF
1E9A:	CMPA #$45
1E9C:	BNE  $1E95
1E9E:	LDAA #$23
1EA0:	JSR  $1D39
1EA3:	JSR  $1817
1EA6:	JSR  $0A9C
1EA9:	JSR  $08CA
1EAC:	JMP  $1D65
1EAF:	INX 
1EB0:	LDAA 0,X
1EB2:	BEQ  $1EBE
1EB4:	CMPA #$2D
1EB6:	BEQ  $1EAF
1EB8:	INCB
1EB9:	CMPA #$2E
1EBB:	BNE  $1EAF
1EBD:	DECB
1EBE:	CMPB $20
1EC0:	BGT  $1E9E
1EC2:	NEGB
1EC3:	ADDB $20
1EC5:	JSR  $1817
1EC8:	LDAA #$20
1ECA:	STAA $49
1ECC:	STAA $47
1ECE:	CLR  $004B
1ED1:	LDX  $7A
1ED3:	LDAA 0,X
1ED5:	CMPA #$2A
1ED7:	BNE  $1EDE
1ED9:	STAA $49
1EDB:	INX 
1EDC:	LDAA 0,X
1EDE:	CMPA #$24
1EE0:	BNE  $1EE7
1EE2:	STAA $4B
1EE4:	INX 
1EE5:	LDAA 0,X
1EE7:	TSTB
1EE8:	BEQ  $1EF8
1EEA:	LDAA $49
1EEC:	JSR  $1D39
1EEF:	LDAA 0,X
1EF1:	CMPA #$23
1EF3:	BNE  $1EE4
1EF5:	DECB
1EF6:	BRA  $1EE4
1EF8:	CMPA #$23
1EFA:	BNE  $1EEA
1EFC:	LDAA $4B
1EFE:	BEQ  $1F03
1F00:	JSR  $1D39
1F03:	LDAA 0,X
1F05:	BEQ  $1F10
1F07:	INX 
1F08:	CMPA #$23
1F0A:	BNE  $1F00
1F0C:	BSR  $1F1B
1F0E:	BRA  $1F03
1F10:	INX 
1F11:	STX  $6E
1F13:	LDAA $47
1F15:	JSR  $1D39
1F18:	JMP  $08CA
1F1B:	STX  $36
1F1D:	LDX  $6E
1F1F:	LDAA 0,X
1F21:	BEQ  $1F34
1F23:	INX 
1F24:	CMPA #$2D
1F26:	BNE  $1F2C
1F28:	STAA $47
1F2A:	BRA  $1F1F
1F2C:	CMPA #$30
1F2E:	BLT  $1F1F
1F30:	STX  $6E
1F32:	BRA  $1F36
1F34:	LDAA #$30
1F36:	LDX  $36
1F38:	JMP  $1D39
1F3B:	JSR  $09F2
1F3E:	BCS  $1F48
1F40:	SEC 
1F41:	RTS 
1F42:	LDX  $32
1F44:	BSR  $1F3B
1F46:	BCS  $1F4D
1F48:	LDAB #$12
1F4A:	JMP  $10C7
1F4D:	JSR  $0F5A
1F50:	INX 
1F51:	CMPA #$3D
1F53:	BEQ  $1F59
1F55:	LDAB #$06
1F57:	BRA  $1F4A
1F59:	TST  $006C
1F5C:	BNE  $1F6D
1F5E:	JSR  $0BE1
1F61:	CMPA #$3A
1F63:	BEQ  $1F68
1F65:	TSTA
1F66:	BNE  $1F55
1F68:	JSR  $08EE
1F6B:	BRA  $1FCF
1F6D:	JSR  $0C4B
1F70:	STX  $32
1F72:	TST  $006C
1F75:	BNE  $1F7A
1F77:	JMP  $0B50
1F7A:	CMPA #$3A
1F7C:	BEQ  $1F81
1F7E:	TSTA
1F7F:	BNE  $1F55
1F81:	JSR  $17D6
1F84:	BRA  $1FCF
1F86:	LDX  $32
1F88:	JSR  $0BE1
1F8B:	JSR  $0AD8
1F8E:	TBA 
1F8F:	PSHB
1F90:	JSR  $1BF0
1F93:	PULB
1F94:	STAB $7C
1F96:	LDX  $32
1F98:	BRA  $1FCF
1F9A:	LDX  $32
1F9C:	JSR  $0BE1
1F9F:	JSR  $0AD8
1FA2:	CMPB #$0A
1FA4:	BCS  $1FA8
1FA6:	LDAB #$09
1FA8:	STAB $50
1FAA:	BRA  $1FCF
1FAC:	LDX  $32
1FAE:	JSR  $0BE1
1FB1:	JSR  $0AD8
1FB4:	TSTB
1FB5:	BMI  $1FB9
1FB7:	BNE  $1FBB
1FB9:	LDAB #$01
1FBB:	STAB $FF
1FBD:	BRA  $1FCF
1FBF:	LDAA #$FF
1FC1:	STAA $6D
1FC3:	BRA  $1FCF
1FC5:	CLR  $006D
1FC8:	BRA  $1FCF
1FCA:	JSR  $0F94   REM COMMAND
1FCD:	BRA  $1FD2
1FCF:	JSR  $0F9F
1FD2:	JMP  $16CF
1FD5:	JSR  $08B5
1FD8:	LDX  $32
1FDA:	JSR  $0BE1
1FDD:	INX 
1FDE:	CMPA #$2C
1FE0:	BEQ  $1FED
1FE2:	CMPA #$29
1FE4:	BNE  $2003
1FE6:	STX  $32
1FE8:	JSR  $08CA
1FEB:	CLC 
1FEC:	RTS 
1FED:	JSR  $0B39
1FF0:	STX  $32
1FF2:	JSR  $08CA
1FF5:	SEC 
1FF6:	RTS 
1FF7:	LDX  $32
1FF9:	CLR  $006C
1FFC:	JSR  $0983
1FFF:	BVS  $2003
2001:	BCS  $2008
2003:	LDAB #$05
2005:	JMP  $10C7
2008:	TSTA
2009:	BPL  $2003
200B:	STX  $32
200D:	LDX  $5F
200F:	STAB 0,X
2011:	STAA 1,X
2013:	BSR  $1FD5
2015:	BCC  $201E
2017:	JSR  $0AD8
201A:	ADDB $DE
201C:	BRA  $201F
201E:	CLRB
201F:	STAB 3,X
2021:	JSR  $0AD8
2024:	ADDB $DE
2026:	TBA 
2027:	STAA 2,X
2029:	BSR  $2039
202B:	LDX  $32
202D:	JSR  $0F5A
2030:	INX 
2031:	CMPA #$2C
2033:	BEQ  $1FF9
2035:	DEX 
2036:	JMP  $1FCF
2039:	JSR  $08B5
203C:	LDAB 1,X
203E:	CMPB #$A4
2040:	BNE  $2044
2042:	STAB $6C
2044:	LDAB 3,X
2046:	BSR  $2061
2048:	TST  $006C
204B:	BEQ  $2050
204D:	JSR  $0AB2
2050:	JSR  $0ACA
2053:	STX  $43
2055:	JSR  $08CA
2058:	LDAA $43
205A:	STAA 4,X
205C:	LDAA $44
205E:	STAA 5,X
2060:	RTS 
2061:	TSTA
2062:	BNE  $2069
2064:	LDAB #$15
2066:	JMP  $10C7
2069:	CMPA 2,X
206B:	BHI  $2064
206D:	CMPB 3,X
206F:	BHI  $2064
2071:	STAA $DD
2073:	CLRA
2074:	STAA $53
2076:	STAA $54
2078:	TBA 
2079:	BEQ  $2082
207B:	DECA
207C:	LDAB 2,X
207E:	STAB $54
2080:	BSR  $20A3
2082:	ADDA $DD
2084:	STAA $54
2086:	ADCB #$00
2088:	STAB $53
208A:	LDAA #$06
208C:	LDAB $6C
208E:	BEQ  $2092
2090:	LDAA $3C
2092:	BSR  $20A3
2094:	STX  $DC
2096:	ADDA $DD
2098:	STAA $DD
209A:	ADCB $DC
209C:	STAB $DC
209E:	LDX  $DC
20A0:	JMP  $0AD0
20A3:	STAA $DC
20A5:	CLRA
20A6:	CLRB
20A7:	LSR  $00DC
20AA:	BCC  $20B0
20AC:	ADDA $54
20AE:	ADCB $53
20B0:	ASL  $0054
20B3:	ROL  $0053
20B6:	TST  $00DC
20B9:	BNE  $20A7
20BB:	TSTB
20BC:	BPL  $20C1
20BE:	JMP  $14D4
20C1:	RTS 
20C2:	LDX  $32
20C4:	JSR  $0BE1
20C7:	JSR  $0AD8
20CA:	CMPB #$01
20CC:	BHI  $20D5
20CE:	EORB #$01
20D0:	STAB $DE
20D2:	JMP  $1FCF
20D5:	LDAB #$01
20D7:	JMP  $10C7
20DA:	LDX  $32
20DC:	JSR  $1F3B
20DF:	BCS  $20E4
20E1:	JMP  $1F48
20E4:	TST  $006C
20E7:	BNE  $20E1
20E9:	STX  $32
20EB:	JSR  $0F9F
20EE:	LDX  $59
20F0:	JSR  $0AAA
20F3:	LDAA 0,X
20F5:	LDAB 1,X
20F7:	STAA $4E
20F9:	STAB $4F
20FB:	LDX  #$2C08
20FE:	CPX  $5B
2100:	BEQ  $2112
2102:	CMPA 0,X
2104:	BNE  $210A
2106:	CMPB 1,X
2108:	BEQ  $2112
210A:	JSR  $0AC8
210D:	JSR  $0AC8
2110:	BRA  $20FE
2112:	CPX  #$2CF7
2115:	BNE  $211C
2117:	LDAB #$16
2119:	JMP  $10C7
211C:	LDAA $4E
211E:	LDAB $4F
2120:	STAA 0,X
2122:	INX 
2123:	STAB 0,X
2125:	INX 
2126:	STX  $5B
2128:	LDX  $32
212A:	JSR  $0F5A
212D:	INX 
212E:	CMPA #$3D
2130:	BEQ  $2135
2132:	JMP  $1F55
2135:	JSR  $0BE1
2138:	JSR  $08EE
213B:	JSR  $0FB8
213E:	CPX  #$03AD
2141:	BNE  $2132
2143:	LDX  $32
2145:	JSR  $0BE1
2148:	STX  $32
214A:	LDX  $5B
214C:	JSR  $08DF
214F:	JSR  $0ACA
2152:	STX  $5B
2154:	LDX  $32
2156:	JSR  $0FB8
2159:	CPX  #$03BC
215C:	BNE  $2167
215E:	LDX  $32
2160:	JSR  $0BE1
2163:	STX  $32
2165:	BRA  $216A
2167:	JSR  $2835
216A:	LDX  $5B
216C:	JSR  $08DF
216F:	JSR  $0ACA
2172:	STX  $5B
2174:	LDX  $32
2176:	JSR  $0F5A
2179:	CMPA #$3A
217B:	BEQ  $2180
217D:	TSTA
217E:	BNE  $2132
2180:	INX 
2181:	STX  $34
2183:	LDX  $5B
2185:	LDAB $34
2187:	STAB 0,X
2189:	INX 
218A:	LDAB $35
218C:	STAB 0,X
218E:	INX 
218F:	STX  $5B
2191:	JMP  $16CF
2194:	LDX  $32
2196:	JSR  $1F3B
2199:	BCS  $219E
219B:	JMP  $1F48
219E:	JSR  $0F5A
21A1:	CMPA #$3A
21A3:	BEQ  $21A8
21A5:	TSTA
21A6:	BNE  $217E
21A8:	INX 
21A9:	STX  $34
21AB:	JSR  $0AA3
21AE:	LDAA 0,X
21B0:	LDAB 1,X
21B2:	LDX  $5B
21B4:	CPX  #$2C08
21B7:	BEQ  $2213
21B9:	STX  $5B
21BB:	CPX  #$2C08
21BE:	BEQ  $220F
21C0:	JSR  $0AA9
21C3:	JSR  $0AA9
21C6:	CMPA 0,X
21C8:	BNE  $21B9
21CA:	CMPB 1,X
21CC:	BNE  $21B9
21CE:	STX  $5D
21D0:	LDX  0,X
21D2:	JSR  $091B
21D5:	LDX  $5D
21D7:	JSR  $0AC8
21DA:	LDAA #$02
21DC:	TST  0,X
21DE:	BPL  $21E2
21E0:	ADDA #$03
21E2:	STAA $4C
21E4:	JSR  $091B
21E7:	JSR  $0DB9
21EA:	LDX  $5D
21EC:	LDX  0,X
21EE:	JSR  $08DF
21F1:	JSR  $0A9C
21F4:	LDX  $5D
21F6:	INX 
21F7:	INX 
21F8:	JSR  $091B
21FB:	JSR  $22A6
21FE:	BCC  $2207
2200:	LDX  $5D
2202:	STX  $5B
2204:	JMP  $16CF
2207:	LDX  $5D
2209:	LDX  14,X
220B:	STX  $34
220D:	BRA  $2204
220F:	LDAB #$18
2211:	BRA  $2215
2213:	LDAB #$17
2215:	JMP  $10C7

2218:	LDX  $32     IF COMMAND
221A:	JSR  $0C4B
221D:	BSR  $226A
221F:	STAA $4C
2221:	TST  $006C
2224:	BEQ  $2255
2226:	JSR  $0C4B
2229:	TST  $006C
222C:	BNE  $2231
222E:	JMP  $0B50  
2231:	STX  $32
2233:	JSR  $1817
2236:	STX  $20
2238:	JSR  $1817
223B:	SEI 
223C:	STS  $26
223E:	TXS 
223F:	LDX  $20
2241:	PULA
2242:	TSTA
2243:	BEQ  $224C
2245:	SUBA 0,X
2247:	BNE  $224E
2249:	INX 
224A:	BRA  $2241
224C:	SUBA 0,X
224E:	LDS  $26
2250:	CLI 
2251:	BSR  $22AE
2253:	BRA  $225C
2255:	JSR  $0BE1
2258:	STX  $32
225A:	BSR  $22A6   EVAL EXPR 
225C:	BCC  $2261   CARRY SET IF TRUE
225E:	JMP  $1FCA   EXECUTE REM COMMAND -> IF WAS FALSE
2261:	LDX  $32     (X)=BASIC PROG PC
2263:	JSR  $0FC2   GET NEXT TOKEN
2266:	LDX  0,X     
2268:	JMP  0,X     EXECUTE COMMAND (THEN AND FOLLOWING) -> IF WAS TRUE
226A:	JSR  $0F5A
226D:	INX 
226E:	CMPA #$3D
2270:	BNE  $2275
2272:	LDAA #$00
2274:	RTS 
2275:	LDAB 0,X
2277:	CMPA #$3C
2279:	BNE  $228E
227B:	CMPB #$3D
227D:	BNE  $2283
227F:	INX 
2280:	LDAA #$02
2282:	RTS 
2283:	CMPB #$3E
2285:	BNE  $228B
2287:	INX 
2288:	LDAA #$03
228A:	RTS 
228B:	LDAA #$01
228D:	RTS 
228E:	CMPA #$3E
2290:	BEQ  $2297
2292:	LDAB #$06
2294:	JMP  $10C7
2297:	CMPB #$3D
2299:	BNE  $229F
229B:	INX 
229C:	LDAA #$05
229E:	RTS 
229F:	CMPB #$3C
22A1:	BEQ  $2287
22A3:	LDAA #$04
22A5:	RTS 
22A6:	JSR  $0DB6
22A9:	JSR  $0AA3
22AC:	LDAA 0,X
22AE:	PSHA
22AF:	LDAA $4C
22B1:	ASLA
22B2:	ASLA
22B3:	LDX  #$22C8
22B6:	STX  $20
22B8:	ADDA $21
22BA:	STAA $21
22BC:	LDAA #$00
22BE:	ADCA $20
22C0:	STAA $20
22C2:	PULA
22C3:	LDX  $20
22C5:	TSTA
22C6:	JMP  0,X
22C8:	BEQ  $22E0
22CA:	BRA  $22DE
22CC:	BMI  $22E0
22CE:	BRA  $22DE
22D0:	BMI  $22E0
22D2:	BRA  $22C8
22D4:	BNE  $22E0
22D6:	BRA  $22DE
22D8:	BEQ  $22DE
22DA:	BMI  $22DE
22DC:	BPL  $22E0
22DE:	SEC 
22DF:	RTS 
22E0:	CLC 
22E1:	RTS 

22E2:	JSR  $2379   USER( COMMAND
22E5:	JSR  $08B5
22E8:	LDX  $63
22EA:	JSR X 0,X
22EC:	NOP 
22ED:	SEI 
22EE:	BSR  $2308
22F0:	JSR  $08CA
22F3:	RTS 
22F4:	JSR  $2379
22F7:	LDAB #$09
22F9:	SUBB 6,X
22FB:	TSTB
22FC:	BLE  $2306
22FE:	JSR  $0D41
2301:	INC  6,X
2303:	DECB
2304:	BRA  $22FB
2306:	CLR  5,X
2308:	JSR  $0A9C
230B:	JSR  $0D5B
230E:	JSR  $0AA3
2311:	RTS 
2312:	BSR  $2379
2314:	LDAA 0,X
2316:	BEQ  $2328
2318:	STAA $47
231A:	JSR  $2835
231D:	JSR  $0AA3
2320:	TST  $0047
2323:	BPL  $2328
2325:	JSR  $0D05
2328:	RTS 
2329:	BSR  $2379
232B:	TST  0,X
232D:	BPL  $2328
232F:	BRA  $2325
2331:	LDX  $32
2333:	JSR  $0F5A
2336:	CMPA #$28
2338:	BNE  $2349
233A:	INX 
233B:	STX  $32
233D:	BSR  $2379
233F:	JSR  $1E1E
2342:	BCC  $2349
2344:	JSR  $0A9C
2347:	BRA  $2351
2349:	LDX  #$0065
234C:	INC  0,X
234E:	JSR  $091B
2351:	LDX  #$295A
2354:	JSR  $091B
2357:	JSR  $0ED7
235A:	JSR  $0AA3
235D:	JSR  $0D22
2360:	LDAA 1,X
2362:	PSHA
2363:	LDAA 3,X
2365:	STAA 1,X
2367:	PULA
2368:	STAA 3,X
236A:	CLR  6,X
236C:	JSR  $0A9C
236F:	JSR  $0D5B
2372:	LDX  #$0065
2375:	JSR  $08DF
2378:	RTS 
2379:	BSR  $237F
237B:	JSR  $0AA3
237E:	RTS 
237F:	LDX  $32
2381:	JSR  $0B39
2384:	STX  $32
2386:	RTS 
2387:	JSR  $1FD5
238A:	BCS  $238F
238C:	JMP  $0B45
238F:	JSR  $0AD8
2392:	PSHB
2393:	JSR  $0ADE
2396:	STAB $4F
2398:	STAA $4E
239A:	LDX  $4E
239C:	PULB
239D:	STAB 0,X
239F:	LDX  $32
23A1:	JMP  $1FCF
23A4:	LDAA $3D
23A6:	INCA
23A7:	BRA  $23BA
23A9:	LDAA $FF
23AB:	BRA  $23BA
23AD:	BSR  $237F
23AF:	JSR  $0ADE
23B2:	STAB $4F
23B4:	STAA $4E
23B6:	LDX  $4E
23B8:	LDAA 0,X
23BA:	JSR  $08B5
23BD:	LDX  $59
23BF:	JSR  $19C4
23C2:	LDAB #$09
23C4:	STAB 6,X
23C6:	CLRB
23C7:	SUBA #$64
23C9:	INCB
23CA:	BCC  $23C7
23CC:	DECB
23CD:	ADDA #$64
23CF:	STAB 4,X
23D1:	JSR  $0D2D
23D4:	CLRB
23D5:	SUBA #$0A
23D7:	INCB
23D8:	BCC  $23D5
23DA:	DECB
23DB:	ADDA #$0A
23DD:	ADDB 4,X
23DF:	STAB 4,X
23E1:	JSR  $0D2D
23E4:	ADDA 4,X
23E6:	STAA 4,X
23E8:	JSR  $0A9C
23EB:	JSR  $0D5B
23EE:	JSR  $0AA3
23F1:	JMP  $08CA
23F4:	JSR  $237F
23F7:	JSR  $0AD8
23FA:	TBA 
23FB:	JSR  $04E9
23FE:	JSR  $19C4
2401:	LDX  $59
2403:	LDAA $EA
2405:	BITA #$80
2407:	BEQ  $241E
2409:	CLRB
240A:	BITA #$20
240C:	BEQ  $240F
240E:	INCB
240F:	BITA #$10
2411:	BEQ  $2415
2413:	ADDB #$02
2415:	TSTB
2416:	BEQ  $241E
2418:	STAB 0,X
241A:	LDAB #$01
241C:	STAB 6,X
241E:	RTS 
241F:	LDAA $EE
2421:	JSR  $23BA
2424:	LDX  $59
2426:	LDAA 6,X
2428:	CMPA #$02
242A:	BEQ  $242F
242C:	JSR  $0D41
242F:	LDAA $FC
2431:	STAA 2,X
2433:	LDAA $EF
2435:	ASRA
2436:	BCC  $243A
2438:	ADDA #$05
243A:	ADDA 1,X
243C:	STAA 1,X
243E:	JSR  $0D41
2441:	LDAA $EB
2443:	ANDA #$C0
2445:	ASLA
2446:	ROLA
2447:	ROLA
2448:	STAA 0,X
244A:	LDAA #$04
244C:	STAA 6,X
244E:	RTS 
244F:	LDAA $F7
2451:	LDAB $F8
2453:	PSHB
2454:	JSR  $08B5
2457:	JSR  $23BA
245A:	JSR  $0A9C
245D:	LDX  #$292A
2460:	JSR  $091B
2463:	JSR  $0ED7
2466:	PULA
2467:	JSR  $23BA
246A:	JSR  $0A9C
246D:	JSR  $0DB9
2470:	JSR  $0AA3
2473:	JMP  $08CA
2476:	LDAB $7B
2478:	SUBB $44
247A:	LDAA $7A
247C:	SBCA $43
247E:	BRA  $2453
2480:	LDX  $32
2482:	JSR  $1F3B
2485:	BCC  $249D
2487:	JSR  $0F5A
248A:	CMPA #$29
248C:	BNE  $24A0
248E:	INX 
248F:	STX  $32
2491:	JSR  $0AA3
2494:	LDAA 0,X
2496:	LDAB 1,X
2498:	CLR  $006C
249B:	BRA  $2453
249D:	JMP  $18F3
24A0:	JMP  $0B45
24A3:	BSR  $24CA
24A5:	LDAA 0,X
24A7:	CLR  $006C
24AA:	JMP  $23BA
24AD:	BSR  $24CA
24AF:	CLRA
24B0:	LDAB 0,X
24B2:	BEQ  $24A7
24B4:	INX 
24B5:	INCA
24B6:	BRA  $24B0
24B8:	BSR  $24CA
24BA:	JSR  $1904
24BD:	BCC  $24C4
24BF:	LDAB #$27
24C1:	JMP  $10C7
24C4:	CLR  $006C
24C7:	JMP  $0AA3
24CA:	BSR  $24EB
24CC:	LDAA 0,X
24CE:	INX 
24CF:	CMPA #$29
24D1:	BEQ  $24D6
24D3:	JMP  $0B45
24D6:	STX  $32
24D8:	JMP  $1817
24DB:	BSR  $24EB
24DD:	JSR  $0F5A
24E0:	CMPA #$2C
24E2:	BEQ  $24E7
24E4:	JMP  $0B4C
24E7:	INX 
24E8:	STX  $32
24EA:	RTS 
24EB:	LDX  $32
24ED:	JSR  $0C4B
24F0:	TST  $006C
24F3:	BNE  $24F8
24F5:	JMP  $0B50
24F8:	RTS 
24F9:	BSR  $24DB
24FB:	JSR  $0B39
24FE:	STX  $32
2500:	JSR  $0AD8
2503:	INCB
2504:	PSHB
2505:	CMPB #$80
2507:	BCC  $251B
2509:	BRA  $252B
250B:	BSR  $24DB
250D:	JSR  $1FD5
2510:	LDAB #$7F
2512:	BCC  $2517
2514:	JSR  $0AD8
2517:	CMPB #$80
2519:	BCS  $2520
251B:	LDAB #$25
251D:	JMP  $10C7
2520:	INCB
2521:	PSHB
2522:	JSR  $0AD8
2525:	CMPB #$80
2527:	BCC  $251B
2529:	TBA 
252A:	DECA
252B:	JSR  $1817
252E:	INX 
252F:	DECA
2530:	BPL  $252E
2532:	DEX 
2533:	PULA
2534:	DECA
2535:	SEI 
2536:	STS  $26
2538:	TXS 
2539:	LDX  $6E
253B:	TSTA
253C:	BMI  $2546
253E:	PULB
253F:	STAB 0,X
2541:	INX 
2542:	DECA
2543:	TSTB
2544:	BNE  $253B
2546:	DEX 
2547:	CLR  0,X
2549:	INX 
254A:	LDS  $26
254C:	NOP 
254D:	CLI 
254E:	STX  $6E
2550:	LDAB #$FF
2552:	STAB $6C
2554:	JSR  $0AA3
2557:	RTS 
2558:	BSR  $24DB
255A:	JSR  $0B39
255D:	STX  $32
255F:	JSR  $0AD8
2562:	CMPB #$80
2564:	BCC  $251B
2566:	JSR  $1817
2569:	PSHB
256A:	LDAB 0,X
256C:	INX 
256D:	INCA
256E:	TSTB
256F:	BNE  $256A
2571:	PULB
2572:	PSHA
2573:	DECA
2574:	SBA 
2575:	BPL  $2578
2577:	CLRA
2578:	TAB 
2579:	LDX  $6E
257B:	BRA  $252E
257D:	JSR  $237F
2580:	JSR  $0AD8
2583:	LDX  $6E
2585:	STAB 0,X
2587:	INX 
2588:	TSTB
2589:	BEQ  $254E
258B:	CLR  0,X
258D:	INX 
258E:	BRA  $254E
2590:	LDX  $32
2592:	JSR  $0BE1
2595:	JSR  $0AD8
2598:	STAB $78
259A:	TBA 
259B:	ASRB
259C:	ASRB
259D:	SBA 
259E:	INCA
259F:	STAA $79
25A1:	JMP  $1FCF
25A4:	JSR  $1FD5
25A7:	BCC  $25AC
25A9:	JMP  $0B50
25AC:	LDX  $72
25AE:	JSR  $08B5
25B1:	LDAA $3D
25B3:	PSHA
25B4:	LDX  #$25CD
25B7:	STX  $72
25B9:	JSR  $1D65
25BC:	PULA
25BD:	STAA $3D
25BF:	JSR  $08CA
25C2:	STX  $72
25C4:	LDX  $6E
25C6:	DEX 
25C7:	CLR  0,X
25C9:	INX 
25CA:	JMP  $254E
25CD:	LDX  $6E
25CF:	STAA 0,X
25D1:	INX 
25D2:	STX  $6E
25D4:	RTS 
25D5:	LDX  $32
25D7:	JSR  $0F5A
25DA:	BEQ  $2648
25DC:	CMPA #$46
25DE:	BNE  $2648
25E0:	INX 
25E1:	LDAA 0,X
25E3:	CMPA #$4E
25E5:	BNE  $2648
25E7:	INX 
25E8:	LDAA 0,X
25EA:	JSR  $0A80
25ED:	BCS  $2648
25EF:	JSR  $0F60
25F2:	CMPA #$28
25F4:	BNE  $2648
25F6:	JSR  $0F60
25F9:	BPL  $25FE
25FB:	JMP  $1FCF
25FE:	ORAA #$80
2600:	STAA 0,X
2602:	JSR  $0983
2605:	BVS  $2648
2607:	ANDB #$7F
2609:	STAB $4F
260B:	STAA $4E
260D:	STX  $32
260F:	LDX  $5F
2611:	STAB 0,X
2613:	LDX  $32
2615:	JSR  $0F5A
2618:	CMPA #$29
261A:	BNE  $2648
261C:	JSR  $0F60
261F:	CMPA #$3D
2621:	BNE  $2648
2623:	INX 
2624:	LDAB 0,X
2626:	CMPB #$3A
2628:	BEQ  $2644
262A:	TSTB
262B:	BEQ  $2644
262D:	CMPB $4F
262F:	BNE  $2623
2631:	LDAA 1,X
2633:	JSR  $0A8D
2636:	BCC  $263A
2638:	LDAA #$20
263A:	CMPA $4E
263C:	BNE  $2623
263E:	ORAB #$80
2640:	STAB 0,X
2642:	BRA  $2623
2644:	DEX 
2645:	JMP  $1FCF
2648:	LDAB #$22
264A:	JMP  $10C7
264D:	LDX  $32
264F:	LDAB 0,X
2651:	JSR  $0F60
2654:	CMPA #$28
2656:	BNE  $26AE
2658:	INX 
2659:	JSR  $08B5
265C:	LDX  $2C
265E:	CPX  $28
2660:	BEQ  $26AE
2662:	INX 
2663:	INX 
2664:	LDAA 0,X
2666:	CMPA #$02
2668:	BNE  $266E
266A:	LDAA 1,X
266C:	CMPA #$E9
266E:	TPA 
266F:	INX 
2670:	INX 
2671:	TAP 
2672:	BEQ  $2679
2674:	JSR  $0F96
2677:	BRA  $265E
2679:	JSR  $0F60
267C:	INX 
267D:	INX 
267E:	LDAA 0,X
2680:	CBA 
2681:	BNE  $2674
2683:	JSR  $0F60
2686:	INX 
2687:	JSR  $09F2
268A:	BCS  $26AE
268C:	JSR  $0F60
268F:	JSR  $0F60
2692:	STX  $22
2694:	JSR  $08CA
2697:	JSR  $0B39
269A:	JSR  $08EE
269D:	JSR  $08B5
26A0:	LDX  $22
26A2:	JSR  $0BE1
26A5:	JSR  $0AA3
26A8:	JSR  $08CA
26AB:	STX  $32
26AD:	RTS 
26AE:	LDAB #$23
26B0:	JMP  $10C7
26B3:	LDX  #$2966
26B6:	JSR  $091B
26B9:	JMP  $0AA3
26BC:	JSR  $237F
26BF:	BSR  $2725
26C1:	LDX  #$296C
26C4:	JSR  $091B
26C7:	JSR  $0E5E
26CA:	JSR  $0AA3
26CD:	JSR  $22F7
26D0:	JSR  $0A9C
26D3:	LDX  #$296C
26D6:	JSR  $091B
26D9:	JSR  $0ED7
26DC:	JSR  $0DB6
26DF:	JSR  $2725
26E2:	LDX  #$2966
26E5:	JSR  $091B
26E8:	JSR  $0DB6
26EB:	JSR  $0AA3
26EE:	TST  0,X
26F0:	BMI  $26FB
26F2:	LDX  #$296C
26F5:	JSR  $091B
26F8:	JSR  $0DB6
26FB:	RTS 
26FC:	BSR  $2743
26FE:	JSR  $0A9C
2701:	BSR  $275B
2703:	TST  0,X
2705:	BNE  $270F
2707:	LDAA #$01
2709:	STAA 0,X
270B:	LDAA #$9A
270D:	STAA 6,X
270F:	JSR  $0A9C
2712:	JSR  $0E5E
2715:	JMP  $2798
2718:	BSR  $2725
271A:	BSR  $2725
271C:	JSR  $0ED7
271F:	LDX  #$00C9
2722:	JMP  $08DF
2725:	LDX  $59
2727:	JSR  $0AAA
272A:	LDAA 0,X
272C:	STAA 7,X
272E:	INX 
272F:	CPX  $59
2731:	BNE  $272A
2733:	JMP  $0A9C
2736:	LDX  #$00CF
2739:	JSR  $08DF
273C:	JSR  $19C4
273F:	JSR  $0A9C
2742:	RTS 
2743:	JSR  $26BC
2746:	BSR  $2718
2748:	BSR  $2736
274A:	LDAB #$07
274C:	LDX  #$29DE
274F:	BSR  $2773
2751:	BRA  $2798
2753:	JSR  $26BC
2756:	BSR  $2718
2758:	JSR  $0AA3
275B:	JSR  $2835
275E:	BSR  $2736
2760:	LDAB #$07
2762:	LDX  #$2A08
2765:	BSR  $2773
2767:	BSR  $2798
2769:	LDAA 6,X
276B:	CMPA #$FA
276D:	BGE  $2772
276F:	JSR  $19C4
2772:	RTS 
2773:	STX  $3E
2775:	PSHB
2776:	LDX  #$00C9
2779:	JSR  $091B
277C:	JSR  $0ED7
277F:	LDX  $3E
2781:	JSR  $091B
2784:	JSR  $0AAB
2787:	JSR  $0DB9
278A:	PULB
278B:	DECB
278C:	BNE  $2773
278E:	LDX  #$00CF
2791:	JSR  $091B
2794:	JSR  $0ED7
2797:	RTS 
2798:	JSR  $19C4
279B:	LDX  $59
279D:	JSR  $0AAA
27A0:	LDAB 6,X
27A2:	STAB 13,X
27A4:	TST  0,X
27A6:	BEQ  $27B2
27A8:	LDAB #$50
27AA:	STAB 11,X
27AC:	JSR  $0A9C
27AF:	JSR  $0DB9
27B2:	JSR  $0AA3
27B5:	CLR  4,X
27B7:	RTS 
27B8:	JSR  $237F
27BB:	JSR  $19C4
27BE:	LDX  $59
27C0:	JSR  $0AAA
27C3:	LDAA 6,X
27C5:	LDAB #$01
27C7:	STAB 6,X
27C9:	STAB $4B
27CB:	LDAB 0,X
27CD:	BLE  $2830
27CF:	CMPB #$03
27D1:	BCS  $27D8
27D3:	CLR  6,X
27D5:	CLR  $004B
27D8:	JSR  $0A9C
27DB:	LDX  #$2978
27DE:	CMPA $4B
27E0:	BEQ  $27FA
27E2:	BPL  $27EF
27E4:	PSHA
27E5:	JSR  $091B
27E8:	JSR  $0DB6
27EB:	PULA
27EC:	INCA
27ED:	BRA  $27DB
27EF:	PSHA
27F0:	JSR  $091B
27F3:	JSR  $0DB9
27F6:	PULA
27F7:	DECA
27F8:	BRA  $27DB
27FA:	LDX  #$00D5
27FD:	JSR  $08DF
2800:	BSR  $2835
2802:	JSR  $0DB6
2805:	JSR  $2725
2808:	BSR  $2844
280A:	JSR  $0DB9
280D:	JSR  $0E5E
2810:	JSR  $2718
2813:	JSR  $2736
2816:	LDAB #$09
2818:	LDX  #$29AE
281B:	JSR  $2773
281E:	BSR  $2844
2820:	JSR  $0ED7
2823:	LDX  #$00D5
2826:	JSR  $091B
2829:	JSR  $0DB9
282C:	JSR  $0AA3
282F:	RTS 
2830:	LDAB #$28
2832:	JMP  $10C7
2835:	LDX  $59
2837:	JSR  $19C4
283A:	LDAA #$01
283C:	STAA 0,X
283E:	STAA 6,X
2840:	JSR  $0A9C
2843:	RTS 
2844:	LDX  $59
2846:	JSR  $19C4
2849:	LDAA #$02
284B:	STAA 0,X
284D:	DECA
284E:	BRA  $283E
2850:	JSR  $237F
2853:	JSR  $2725
2856:	LDX  #$2978
2859:	JSR  $091B
285C:	JSR  $0E5E
285F:	JSR  $0AA3
2862:	JSR  $22F7
2865:	LDAB 0,X
2867:	JSR  $0A9C
286A:	JSR  $2725
286D:	TSTB
286E:	BPL  $2879
2870:	JSR  $0CFC
2873:	JSR  $0AD8
2876:	NEGB
2877:	BRA  $287C
2879:	JSR  $0AD8
287C:	PSHB
287D:	LDX  #$2978
2880:	JSR  $091B
2883:	JSR  $0ED7
2886:	JSR  $0DB6
2889:	LDX  #$2972
288C:	JSR  $091B
288F:	JSR  $0ED7
2892:	LDX  #$00C9
2895:	JSR  $08DF
2898:	JSR  $2835
289B:	JSR  $2736
289E:	LDAB #$0A
28A0:	LDX  #$2A44
28A3:	JSR  $2773
28A6:	JSR  $2725
28A9:	JSR  $0ED7
28AC:	JSR  $2725
28AF:	JSR  $0ED7
28B2:	JSR  $2798
28B5:	PULB
28B6:	ADDB 6,X
28B8:	STAB 6,X
28BA:	RTS 
28BB:	JSR  $2379
28BE:	TST  0,X
28C0:	BNE  $28C3
28C2:	RTS 
28C3:	JSR  $0A9C
28C6:	JSR  $27BB
28C9:	JSR  $0A9C
28CC:	LDX  #$2A1A
28CF:	JSR  $091B
28D2:	JSR  $0ED7
28D5:	JMP  $2853
28D8:	JSR  $237F
28DB:	JSR  $2835
28DE:	JSR  $0AA3
28E1:	JSR  $0AA3
28E4:	LDAA 0,X
28E6:	PSHA
28E7:	BPL  $28EC
28E9:	JSR  $0D05
28EC:	CLR  $0040
28EF:	LDAA 6,X
28F1:	BLE  $28F8
28F3:	STAA $40
28F5:	JSR  $0DF0
28F8:	JSR  $0A9C
28FB:	JSR  $0A9C
28FE:	JSR  $0E5E
2901:	JSR  $2718
2904:	JSR  $2736
2907:	LDAB #$07
2909:	LDX  #$2954
290C:	JSR  $2773
290F:	TST  $0040
2912:	BEQ  $2920
2914:	JSR  $0CFC
2917:	LDX  #$2960
291A:	JSR  $091B
291D:	JSR  $0DB9
2920:	PULA
2921:	TSTA
2922:	BPL  $2927
2924:	JSR  $0CFC
2927:	JMP  $2798
292A:	02
292B:	RORB
292C:	00
292D:	00
292E:	00
292F:	03
2930:	DEX 
2931:	ADCA $99
2933:	61
2934:	00
2935:	00
2936:	LDAA $66
2938:	SBCA #$62
293A:	00
293B:	00
293C:	NOP 
293D:	EORA $07
293F:	87
2940:	00
2941:	00
2942:	EORA $67
2944:	ROR  73,X
2946:	00
2947:	00
2948:	TPA 
2949:	LDAA $26
294B:	PULA
294C:	00
294D:	STX  $9663
2950:	93
2951:	COM  $00FF
2954:	TAP 
2955:	CMPA #$24
2957:	CBA 
2958:	00
2959:	LDX  $0837
295C:	BCS  $299F
295E:	ROL  0,X
2960:	NOP 
2961:	ASRB
2962:	TPA 
2963:	LDAA $32
2965:	NOP 
2966:	03
2967:	14
2968:	15
2969:	SBCA $65
296B:	NOP 
296C:	TAP 
296D:	BVC  $29A0
296F:	BITA #$30
2971:	NOP 
2972:	02
2973:	NEGB
2974:	00
2975:	00
2976:	00
2977:	00
2978:	02
2979:	TSX 
297A:	BCS  $2901
297C:	SBA 
297D:	NOP 
297E:	NOP 
297F:	00
2980:	00
2981:	00
2982:	00
2983:	NOP 
2984:	03
2985:	PULB
2986:	PULB
2987:	PULB
2988:	PULB
2989:	00
298A:	02
298B:	00
298C:	00
298D:	00
298E:	00
298F:	00
2990:	NOP 
2991:	42
2992:	BITA #$71
2994:	COMA
2995:	00
2996:	NOP 
2997:	CBA 
2998:	CBA 
2999:	CBA 
299A:	CBA 
299B:	00
299C:	DEX 
299D:	DEX 
299E:	DEX 
299F:	DEX 
29A0:	DEX 
29A1:	STX  $0769
29A4:	BLS  $29AD
29A6:	ROL  255,X
29A8:	TAP 
29A9:	ROR  102,X
29AB:	ROR  103,X
29AD:	STX  $0588
29B0:	BLS  $2A04
29B2:	ANDA $FF
29B4:	02
29B5:	00
29B6:	03
29B7:	COM  $0101
29BA:	NOP 
29BB:	00
29BC:	00
29BD:	00
29BE:	00
29BF:	NOP 
29C0:	EORA $33
29C2:	PULB
29C3:	PULB
29C4:	PULB
29C5:	00
29C6:	INX 
29C7:	PULB
29C8:	PULB
29C9:	PULB
29CA:	PULB
29CB:	LDX  $9801
29CE:	ASLB
29CF:	COM  $02FD
29D2:	02
29D3:	75
29D4:	ASRB
29D5:	INS 
29D6:	SBCA $FB
29D8:	STAA $49
29DA:	ASRA
29DB:	ADCA #$16
29DD:	ADCB $0160
29E0:	ROLB
29E1:	04
29E2:	38
29E3:	STAB $0100
29E6:	00
29E7:	00
29E8:	00
29E9:	NOP 
29EA:	BITA $00
29EC:	00
29ED:	00
29EE:	00
29EF:	00
29F0:	04
29F1:	TAB 
29F2:	ROR  102,X
29F4:	ASR  255,X
29F6:	EORA $61
29F8:	CBA 
29F9:	CBA 
29FA:	CBA 
29FB:	LDX  $0248
29FE:	NOP 
29FF:	ASLB
2A00:	COM  $FC97
2A03:	BCC  $2A47
2A05:	ASL  8,X
2A07:	ORAB $0208
2A0A:	ROR  $7570
2A0D:	EORB $0100
2A10:	00
2A11:	00
2A12:	00
2A13:	NOP 
2A14:	NOP 
2A15:	00
2A16:	00
2A17:	00
2A18:	00
2A19:	NOP 
2A1A:	05
2A1B:	00
2A1C:	00
2A1D:	00
2A1E:	00
2A1F:	00
2A20:	NOP 
2A21:	ROR  102,X
2A23:	ROR  103,X
2A25:	00
2A26:	04
2A27:	TAB 
2A28:	ROR  102,X
2A2A:	ASR  255,X
2A2C:	INX 
2A2D:	PULB
2A2E:	PULB
2A2F:	PULB
2A30:	PULB
2A31:	LDX  $0138
2A34:	EORA #$88
2A36:	ADCA #$FE
2A38:	NOP 
2A39:	EORA $41
2A3B:	BNE  $29D5
2A3D:	FD
2A3E:	02
2A3F:	ASLA
2A40:	NOP 
2A41:	ASLB
2A42:	COM  $FC02
2A45:	75
2A46:	ASRB
2A47:	INS 
2A48:	SBCA $FB
2A4A:	00
2A4B:	00
2A4C:	00
2A4D:	00
2A4E:	00
2A4F:	00
2A50:	00
2A51:	00
2A52:	00
2A53:	00
2A54:	00
2A55:	00
2A56:	00
2A57:	00
2A58:	00
2A59:	00
2A5A:	00
2A5B:	00
2A5C:	00
2A5D:	00
2A5E:	00
2A5F:	00
2A60:	00
2A61:	00
2A62:	00
2A63:	00
2A64:	00
2A65:	00
2A66:	00
2A67:	00
2A68:	00
2A69:	00
2A6A:	00
2A6B:	00
2A6C:	00
2A6D:	00
2A6E:	00
2A6F:	00
2A70:	00
2A71:	00
2A72:	00
2A73:	00
2A74:	00
2A75:	00
2A76:	00
2A77:	00
2A78:	00
2A79:	00
2A7A:	00
2A7B:	00
2A7C:	00
2A7D:	00
2A7E:	00
2A7F:	00
2A80:	00
2A81:	00
2A82:	00
2A83:	00
2A84:	00
2A85:	00
2A86:	BMI  $2A19
2A88:	03
2A89:	C3
2A8A:	00
2A8B:	00
2A8C:	00
2A8D:	00
2A8E:	00
2A8F:	00
2A90:	00
2A91:	00
2A92:	00
2A93:	00
2A94:	00
2A95:	00
2A96:	00
2A97:	00
2A98:	00
2A99:	00
2A9A:	00
2A9B:	00
2A9C:	00
2A9D:	00
2A9E:	00
2A9F:	00
2AA0:	00
2AA1:	00
2AA2:	00
2AA3:	00
2AA4:	00
2AA5:	00
2AA6:	00
2AA7:	00
2AA8:	00
2AA9:	00
2AAA:	00
2AAB:	00
2AAC:	00
2AAD:	00
2AAE:	00
2AAF:	00
2AB0:	00
2AB1:	00
2AB2:	00
2AB3:	00
2AB4:	00
2AB5:	00
2AB6:	00
2AB7:	00
2AB8:	00
2AB9:	00
2ABA:	00
2ABB:	00
2ABC:	00
2ABD:	00
2ABE:	00
2ABF:	00
2AC0:	00
2AC1:	00
2AC2:	00
2AC3:	00
2AC4:	00
2AC5:	00
2AC6:	00
2AC7:	00
2AC8:	00
2AC9:	00
2ACA:	00
2ACB:	00
2ACC:	00
2ACD:	00
2ACE:	00
2ACF:	00
2AD0:	00
2AD1:	00
2AD2:	00
2AD3:	00
2AD4:	00
2AD5:	00
2AD6:	00
2AD7:	00
2AD8:	00
2AD9:	00
2ADA:	00
2ADB:	00
2ADC:	00
2ADD:	00
2ADE:	00
2ADF:	00
2AE0:	00
2AE1:	00
2AE2:	00
2AE3:	00
2AE4:	00
2AE5:	00
2AE6:	00
2AE7:	00
2AE8:	00
2AE9:	00
2AEA:	00
2AEB:	00
2AEC:	00
2AED:	00
2AEE:	00
2AEF:	00
2AF0:	00
2AF1:	00
2AF2:	00
2AF3:	00
2AF4:	00
2AF5:	00
2AF6:	00
2AF7:	00
2AF8:	00
2AF9:	00
2AFA:	00
2AFB:	00
2AFC:	00
2AFD:	00
2AFE:	00
2AFF:	00
2B00:	00
2B01:	00
2B02:	00
2B03:	00
2B04:	00
2B05:	00
2B06:	00
2B07:	00
2B08:	00
2B09:	00
2B0A:	00
2B0B:	00
2B0C:	00
2B0D:	00
2B0E:	00
2B0F:	00
2B10:	00
2B11:	00
2B12:	00
2B13:	00
2B14:	00
2B15:	00
2B16:	00
2B17:	00
2B18:	00
2B19:	00
2B1A:	00
2B1B:	00
2B1C:	00
2B1D:	00
2B1E:	00
2B1F:	00
2B20:	00
2B21:	00
2B22:	00
2B23:	00
2B24:	00
2B25:	00
2B26:	00
2B27:	00
2B28:	00
2B29:	00
2B2A:	00
2B2B:	00
2B2C:	00
2B2D:	00
2B2E:	00
2B2F:	00
2B30:	00
2B31:	00
2B32:	00
2B33:	00
2B34:	00
2B35:	00
2B36:	00
2B37:	00
2B38:	00
2B39:	00
2B3A:	00
2B3B:	00
2B3C:	00
2B3D:	00
2B3E:	00
2B3F:	00
2B40:	00
2B41:	00
2B42:	00
2B43:	00
2B44:	00
2B45:	00
2B46:	00
2B47:	00
2B48:	00
2B49:	00
2B4A:	00
2B4B:	00
2B4C:	00
2B4D:	00
2B4E:	00
2B4F:	00
2B50:	00
2B51:	00
2B52:	00
2B53:	00
2B54:	00
2B55:	00
2B56:	00
2B57:	00
2B58:	00
2B59:	00
2B5A:	00
2B5B:	00
2B5C:	00
2B5D:	00
2B5E:	00
2B5F:	00
2B60:	00
2B61:	00
2B62:	00
2B63:	00
2B64:	00
2B65:	00
2B66:	00
2B67:	00
2B68:	00
2B69:	00
2B6A:	00
2B6B:	00
2B6C:	00
2B6D:	00
2B6E:	00
2B6F:	00
2B70:	00
2B71:	00
2B72:	00
2B73:	00
2B74:	00
2B75:	00
2B76:	00
2B77:	00
2B78:	00
2B79:	00
2B7A:	00
2B7B:	00
2B7C:	00
2B7D:	00
2B7E:	00
2B7F:	00
2B80:	00
2B81:	00
2B82:	00
2B83:	00
2B84:	00
2B85:	00
2B86:	00
2B87:	00
2B88:	00
2B89:	00
2B8A:	DEX 
2B8B:	ADCA $99
2B8D:	ADCA $99
2B8F:	00
2B90:	00
2B91:	00
2B92:	SBA 
2B93:	00
2B94:	00
2B95:	00
2B96:	00
2B97:	02
2B98:	00
2B99:	00
2B9A:	00
2B9B:	00
2B9C:	00
2B9D:	00
2B9E:	00
2B9F:	00
2BA0:	00
2BA1:	00
2BA2:	00
2BA3:	00
2BA4:	00
2BA5:	00
2BA6:	00
2BA7:	00
2BA8:	00
2BA9:	00
2BAA:	00
2BAB:	00
2BAC:	00
2BAD:	00
2BAE:	00
2BAF:	00
2BB0:	00
2BB1:	00
2BB2:	00
2BB3:	00
2BB4:	00
2BB5:	00
2BB6:	00
2BB7:	00
2BB8:	00
2BB9:	00
2BBA:	00
2BBB:	00
2BBC:	00
2BBD:	00
2BBE:	00
2BBF:	00
2BC0:	00
2BC1:	00
2BC2:	00
2BC3:	00
2BC4:	00
2BC5:	00
2BC6:	00
2BC7:	00
2BC8:	00
2BC9:	00
2BCA:	00
2BCB:	00
2BCC:	00
2BCD:	00
2BCE:	00
2BCF:	00
2BD0:	00
2BD1:	00
2BD2:	00
2BD3:	00
2BD4:	00
2BD5:	00
2BD6:	00
2BD7:	00
2BD8:	00
2BD9:	00
2BDA:	00
2BDB:	00
2BDC:	00
2BDD:	00
2BDE:	00
2BDF:	00
2BE0:	00
2BE1:	00
2BE2:	00
2BE3:	00
2BE4:	00
2BE5:	00
2BE6:	00
2BE7:	00
2BE8:	00
2BE9:	00
2BEA:	00
2BEB:	00
2BEC:	00
2BED:	00
2BEE:	00
2BEF:	00
2BF0:	00
2BF1:	00
2BF2:	00
2BF3:	00
2BF4:	00
2BF5:	00
2BF6:	00
2BF7:	00
2BF8:	00
2BF9:	00
2BFA:	00
2BFB:	00
2BFC:	00
2BFD:	00
2BFE:	00
2BFF:	00
2C00:	00
2C01:	00
2C02:	00
2C03:	00
2C04:	00
2C05:	00
2C06:	00
2C07:	00
2C08:	00
2C09:	00
2C0A:	00
2C0B:	00
2C0C:	00
2C0D:	00
2C0E:	00
2C0F:	00
2C10:	00
2C11:	00
2C12:	00
2C13:	00
2C14:	00
2C15:	00
2C16:	00
2C17:	00
2C18:	00
2C19:	00
2C1A:	00
2C1B:	00
2C1C:	00
2C1D:	00
2C1E:	00
2C1F:	00
2C20:	00
2C21:	00
2C22:	00
2C23:	00
2C24:	00
2C25:	00
2C26:	00
2C27:	00
2C28:	00
2C29:	00
2C2A:	00
2C2B:	00
2C2C:	00
2C2D:	00
2C2E:	00
2C2F:	00
2C30:	00
2C31:	00
2C32:	00
2C33:	00
2C34:	00
2C35:	00
2C36:	00
2C37:	00
2C38:	00
2C39:	00
2C3A:	00
2C3B:	00
2C3C:	00
2C3D:	00
2C3E:	00
2C3F:	00
2C40:	00
2C41:	00
2C42:	00
2C43:	00
2C44:	00
2C45:	00
2C46:	00
2C47:	00
2C48:	00
2C49:	00
2C4A:	00
2C4B:	00
2C4C:	00
2C4D:	00
2C4E:	00
2C4F:	00
2C50:	00
2C51:	00
2C52:	00
2C53:	00
2C54:	00
2C55:	00
2C56:	00
2C57:	00
2C58:	00
2C59:	00
2C5A:	00
2C5B:	00
2C5C:	00
2C5D:	00
2C5E:	00
2C5F:	00
2C60:	00
2C61:	00
2C62:	00
2C63:	00
2C64:	00
2C65:	00
2C66:	00
2C67:	00
2C68:	00
2C69:	00
2C6A:	00
2C6B:	00
2C6C:	00
2C6D:	00
2C6E:	00
2C6F:	00
2C70:	00
2C71:	00
2C72:	00
2C73:	00
2C74:	00
2C75:	00
2C76:	00
2C77:	00
2C78:	00
2C79:	00
2C7A:	00
2C7B:	00
2C7C:	00
2C7D:	00
2C7E:	00
2C7F:	00
2C80:	00
2C81:	00
2C82:	00
2C83:	00
2C84:	00
2C85:	00
2C86:	00
2C87:	00
2C88:	00
2C89:	00
2C8A:	00
2C8B:	00
2C8C:	00
2C8D:	00
2C8E:	00
2C8F:	00
2C90:	00
2C91:	00
2C92:	00
2C93:	00
2C94:	00
2C95:	00
2C96:	00
2C97:	00
2C98:	00
2C99:	00
2C9A:	00
2C9B:	00
2C9C:	00
2C9D:	00
2C9E:	00
2C9F:	00
2CA0:	00
2CA1:	00
2CA2:	00
2CA3:	00
2CA4:	00
2CA5:	00
2CA6:	00
2CA7:	00
2CA8:	00
2CA9:	00
2CAA:	00
2CAB:	00
2CAC:	00
2CAD:	00
2CAE:	00
2CAF:	00
2CB0:	00
2CB1:	00
2CB2:	00
2CB3:	00
2CB4:	00
2CB5:	00
2CB6:	00
2CB7:	00
2CB8:	00
2CB9:	00
2CBA:	00
2CBB:	00
2CBC:	00
2CBD:	00
2CBE:	00
2CBF:	00
2CC0:	00
2CC1:	00
2CC2:	00
2CC3:	00
2CC4:	00
2CC5:	00
2CC6:	00
2CC7:	00
2CC8:	00
2CC9:	00
2CCA:	00
2CCB:	00
2CCC:	00
2CCD:	00
2CCE:	00
2CCF:	00
2CD0:	00
2CD1:	00
2CD2:	00
2CD3:	00
2CD4:	00
2CD5:	00
2CD6:	00
2CD7:	00
2CD8:	00
2CD9:	00
2CDA:	00
2CDB:	00
2CDC:	00
2CDD:	00
2CDE:	00
2CDF:	00
2CE0:	00
2CE1:	00
2CE2:	00
2CE3:	00
2CE4:	00
2CE5:	00
2CE6:	00
2CE7:	00
2CE8:	00
2CE9:	00
2CEA:	00
2CEB:	00
2CEC:	00
2CED:	00
2CEE:	00
2CEF:	00
2CF0:	00
2CF1:	00
2CF2:	00
2CF3:	00
2CF4:	00
2CF5:	00
2CF6:	00
2CF7:	LDX  $EE
2CF9:	BEQ  $2CFE
2CFB:	STX  $01
2CFD:	RTS 
2CFE:	JMP  $2D42
2D01:	LDAA 2,X
2D03:	CMPA $C17C
2D06:	BLS  $2D0B
2D08:	JMP  $15F6
2D0B:	JMP  $C5F5
2D0E:	CMPA #$0D
2D10:	BNE  $2D16
2D12:	ANDB #$F7
2D14:	STAB $EA
2D16:	BITB #$08
2D18:	BNE  $2D1D
2D1A:	JMP  $06E7
2D1D:	JMP  $070A
2D20:	JSR  $C412
2D23:	BCS  $2D26
2D25:	RTS 
2D26:	LDAB #$29
2D28:	JMP  $10C7
2D2B:	LDAA $015B
2D2E:	ANDA #$03
2D30:	RTS 
2D31:	JSR  $0F5A
2D34:	BEQ  $2D38
2D36:	CMPA #$3A
2D38:	RTS 
2D39:	LDAA #$2C
2D3B:	JSR  $1D39
2D3E:	CLR  $003D
2D41:	RTS 
2D42:	LDAA $EA
2D44:	BITA #$40
2D46:	BEQ  $2CFB
2D48:	JMP  $07BB
2D4B:	LDAA $F6
2D4D:	BEQ  $2D54
2D4F:	LDAA $FC
2D51:	ADDA #$01
2D53:	DAA 
2D54:	RTS 
2D55:	LDAA 0,X
2D57:	INCA
2D58:	BNE  $2D5D
2D5A:	LDAA 1,X
2D5C:	INCA
2D5D:	RTS 
2D5E:	STAB $E1
2D60:	CLRA
2D61:	CMPB #$08
2D63:	BEQ  $2D69
2D65:	LDX  $E0
2D67:	LDAA 226,X
2D69:	STAA $3D
2D6B:	LDAA $77
2D6D:	RTS 
2D6E:	LDX  $F2
2D70:	BEQ  $2D75
2D72:	JMP  $07AA
2D75:	JSR  $07FA
2D78:	JMP  $07ED
2D7B:	NOP 
2D7C:	CLI 
2D7D:	CLRA
2D7E:	CLR  $006F
2D81:	RTS 
2D82:	LDX  $28
2D84:	CPX  $43
2D86:	BNE  $2D8B
2D88:	JMP  $11BC
2D8B:	LDX  $32
2D8D:	JMP  $0B50
2D90:	03
2D91:	LDAA #$03
2D93:	SEC 
2D94:	RTS 
2D95:	LDX  $16
2D97:	CPX  #$FFFF
2D9A:	BEQ  $2D9E
2D9C:	LDX  $14
2D9E:	RTS 
2D9F:	LDAA $CC00
2DA2:	RORA
2DA3:	BCS  $2DB0
2DA5:	LDAA $CC02
2DA8:	ANDA #$0F
2DAA:	CMPA $02
2DAC:	BEQ  $2D9F
2DAE:	CLC 
2DAF:	RTS 
2DB0:	LDAA $CC01
2DB3:	RTS 
2DB4:	LDAA $CC00
2DB7:	RORA
2DB8:	BCC  $2DB4
2DBA:	LDAA $CC01
2DBD:	STAA 0,X
2DBF:	INX 
2DC0:	DECB
2DC1:	BNE  $2DB4
2DC3:	RTS 
2DC4:	LDAB $07
2DC6:	CLRA
2DC7:	STAA $19
2DC9:	BSR  $2DD7
2DCB:	LDX  #$0001
2DCE:	LDAB #$0A
2DD0:	BSR  $2DD7
2DD2:	STAA $18
2DD4:	LDX  $18
2DD6:	RTS 
2DD7:	EORA 0,X
2DD9:	ASLA
2DDA:	ROL  $0019
2DDD:	BCC  $2DE0
2DDF:	INCA
2DE0:	INX 
2DE1:	DECB
2DE2:	BNE  $2DD7
2DE4:	RTS 
2DE5:	JSR  $2E3F
2DE8:	BCS  $2E2A
2DEA:	LDAA #$01
2DEC:	BITA $CC03
2DEF:	BNE  $2DF3
2DF1:	SEC 
2DF2:	RTS 
2DF3:	LDX  $14
2DF5:	BSR  $2DC4
2DF7:	STX  $0B
2DF9:	LDAA #$FF
2DFB:	STAA $CC02
2DFE:	JSR  $2EDC
2E01:	BCS  $2E2A
2E03:	PSHA
2E04:	STAA $CC04
2E07:	LDAB #$10
2E09:	CLRA
2E0A:	BSR  $2E34
2E0C:	DECB
2E0D:	BNE  $2E0A
2E0F:	LDAA #$FB
2E11:	LDX  #$0000
2E14:	LDAB #$0B
2E16:	BSR  $2E2D
2E18:	LDX  $14
2E1A:	LDAB $07
2E1C:	BSR  $2E2B
2E1E:	STX  $14
2E20:	LDX  #$000B
2E23:	LDAB #$04
2E25:	BSR  $2E2B
2E27:	PULA
2E28:	TAP 
2E29:	CLC 
2E2A:	RTS 
2E2B:	LDAA 0,X
2E2D:	BSR  $2E34
2E2F:	INX 
2E30:	DECB
2E31:	BNE  $2E2B
2E33:	RTS 
2E34:	PSHA
2E35:	LDAA $CC00
2E38:	BPL  $2E35
2E3A:	PULA
2E3B:	STAA $CC01
2E3E:	RTS 
2E3F:	LDAA #$02
2E41:	LDAB $02
2E43:	CMPB #$09
2E45:	BHI  $2E51
2E47:	LDAB $01
2E49:	ANDB #$3F
2E4B:	CMPB #$22
2E4D:	BLS  $2E5C
2E4F:	INCA
2E50:	INCA
2E51:	SEC 
2E52:	RTS 
2E53:	CLC 
2E54:	ROLB
2E55:	ROLB
2E56:	ROLB
2E57:	INX 
2E58:	DECB
2E59:	BPL  $2E57
2E5B:	RTS 
2E5C:	LDAA #$C0
2E5E:	TAB 
2E5F:	ANDA $CC03
2E62:	ANDB $00
2E64:	CBA 
2E65:	BNE  $2E6E
2E67:	LDAA $0F
2E69:	COMA
2E6A:	BEQ  $2E90
2E6C:	BRA  $2E9C
2E6E:	PSHB
2E6F:	PSHB
2E70:	PSHA
2E71:	LDX  #$000F
2E74:	LDAA 0,X
2E76:	PULB
2E77:	BSR  $2E53
2E79:	STAA 0,X
2E7B:	LDX  #$000F
2E7E:	PULB
2E7F:	BSR  $2E53
2E81:	LDAA 0,X
2E83:	STAA $0F
2E85:	LDAA $CC03
2E88:	BITA #$08
2E8A:	BEQ  $2E85
2E8C:	PULA
2E8D:	STAA $CC03
2E90:	BSR  $2EB6
2E92:	BCS  $2EA1
2E94:	LDAA $0F
2E96:	COMA
2E97:	BNE  $2E9C
2E99:	JSR  $2F37
2E9C:	BSR  $2EA2
2E9E:	BSR  $2F0F
2EA0:	CLC 
2EA1:	RTS 
2EA2:	LDAA $CC03
2EA5:	BITA #$04
2EA7:	BEQ  $2EB2
2EA9:	TST  $CC05
2EAC:	LDX  #$03E8
2EAF:	JSR  $2F78
2EB2:	TST  $CC05
2EB5:	RTS 
2EB6:	BSR  $2EA2
2EB8:	LDX  #$0000
2EBB:	LDAB #$0B
2EBD:	LDAA #$10
2EBF:	BITA $CC03
2EC2:	BEQ  $2EC9
2EC4:	DEX 
2EC5:	BNE  $2EBF
2EC7:	BRA  $2ED1
2EC9:	BITA $CC03
2ECC:	BNE  $2ED7
2ECE:	DEX 
2ECF:	BNE  $2EC9
2ED1:	LDAA #$FF
2ED3:	STAA $0F
2ED5:	COMA
2ED6:	RTS 
2ED7:	DECB
2ED8:	BNE  $2EBF
2EDA:	CLC 
2EDB:	RTS 
2EDC:	LDX  #$6FFF
2EDF:	BRA  $2EE6
2EE1:	PULA
2EE2:	TAP 
2EE3:	DEX 
2EE4:	BEQ  $2ED1
2EE6:	TPA 
2EE7:	PSHA
2EE8:	NOP 
2EE9:	SEI 
2EEA:	LDAA #$10
2EEC:	BITA $CC03
2EEF:	BEQ  $2EE1
2EF1:	LDAA $02
2EF3:	DECA
2EF4:	BPL  $2EF8
2EF6:	LDAA #$09
2EF8:	LDAB $CC02
2EFB:	ANDB #$0F
2EFD:	CBA 
2EFE:	BNE  $2EE1
2F00:	LDAA #$10
2F02:	BITA $CC03
2F05:	BEQ  $2EE1
2F07:	BITA $CC03
2F0A:	BNE  $2F07
2F0C:	PULA
2F0D:	CLC 
2F0E:	RTS 
2F0F:	LDAB $01
2F11:	ANDB #$3F
2F13:	CMPB $0F
2F15:	BEQ  $2F36
2F17:	BLS  $2F24
2F19:	BSR  $2F4F
2F1B:	INC  $000F
2F1E:	CMPB $0F
2F20:	BNE  $2F19
2F22:	BRA  $2F2D
2F24:	BSR  $2F4B
2F26:	DEC  $000F
2F29:	CMPB $0F
2F2B:	BNE  $2F24
2F2D:	STX  $18
2F2F:	LDX  #$001E
2F32:	BSR  $2F78
2F34:	LDX  $18
2F36:	RTS 
2F37:	BSR  $2F4F
2F39:	BSR  $2F4F
2F3B:	BSR  $2F4F
2F3D:	BSR  $2F4B
2F3F:	LDAA $CC03
2F42:	RORA
2F43:	RORA
2F44:	BCS  $2F3D
2F46:	CLR  $000F
2F49:	BRA  $2F2D
2F4B:	BSR  $2F6C
2F4D:	BRA  $2F53
2F4F:	BSR  $2F6C
2F51:	ORAA #$10
2F53:	STAA $CC03
2F56:	STX  $18
2F58:	BSR  $2F75
2F5A:	ORAA #$20
2F5C:	STAA $CC03
2F5F:	NOP 
2F60:	NOP 
2F61:	NOP 
2F62:	ANDA #$DF
2F64:	STAA $CC03
2F67:	BSR  $2F75
2F69:	LDX  $18
2F6B:	RTS 
2F6C:	TST  $CC05
2F6F:	LDAA $CC03
2F72:	ANDA #$CF
2F74:	RTS 
2F75:	LDX  #$0014
2F78:	PSHA
2F79:	LDAA #$94
2F7B:	DECA
2F7C:	BNE  $2F7B
2F7E:	DEX 
2F7F:	BNE  $2F79
2F81:	PULA
2F82:	RTS 
2F83:	LDAA $06
2F85:	CMPA #$08
2F87:	BEQ  $2F95
2F89:	BHI  $2F8F
2F8B:	ADDA #$02
2F8D:	BRA  $2F97
2F8F:	INC  $0005
2F92:	CLRA
2F93:	BRA  $2F97
2F95:	LDAA #$01
2F97:	STAA $06
2F99:	CLC 
2F9A:	RTS 
2F9B:	JSR  $2D04
2F9E:	STX  $16
2FA0:	BCS  $2F9A
2FA2:	LDX  $05
2FA4:	BEQ  $2F9A
2FA6:	STX  $01
2FA8:	LDX  $16
2FAA:	BRA  $2F9B
2FAC:	LDX  #$0000
2FAF:	STX  $03
2FB1:	STX  $0D
2FB3:	LDX  $01
2FB5:	STX  $05
2FB7:	BSR  $2F83
2FB9:	LDX  $14
2FBB:	STX  $08
2FBD:	JSR  $30AC
2FC0:	JSR  $2DE5
2FC3:	BCS  $2F9A
2FC5:	LDX  $14
2FC7:	DEX 
2FC8:	CPX  $1E
2FCA:	BEQ  $2F99
2FCC:	LDX  $01
2FCE:	STX  $03
2FD0:	LDX  $05
2FD2:	STX  $01
2FD4:	BRA  $2FB7
2FD6:	BSR  $302D
2FD8:	STX  $14
2FDA:	BSR  $302D
2FDC:	STX  $1E
2FDE:	BSR  $302D
2FE0:	STX  $1A
2FE2:	BSR  $3039
2FE4:	BCS  $3023
2FE6:	CLR  $000A
2FE9:	BSR  $3033
2FEB:	BSR  $2FAC
2FED:	BCS  $3023
2FEF:	RTS 
2FF0:	SWI 
2FF1:	SWI 
2FF2:	SWI 
2FF3:	SWI 
2FF4:	SWI 
2FF5:	SWI 
2FF6:	SWI 
2FF7:	SWI 
2FF8:	SWI 
2FF9:	SWI 
2FFA:	SWI 
2FFB:	SWI 
2FFC:	SWI 
2FFD:	SWI 
2FFE:	SWI 
2FFF:	SWI 
3000:	00
