 00001                NAM BOOT
 00002               * WRITTEN BY R. H. UITERWYK
 00003                    
 00004      8014     DRVREG EQU $8014
 00005      8018     COMREG EQU $8018
 00006      801B     DATREG EQU $801B
 00007      801A     SECREG EQU $801A
 00008                    
 00009      0100            ORG $0100
 00010                    
 00011 0100 4F       START  CLR A
 00012 0101 B7 8014         STA A DRVREG
 00013 0104 CE FFFF         LDX #$FFFF      **troff before delay loop
 00014 0107 08       START0 INX
 00015 0108 09              DEX
 00016 0109 09              DEX
 00017 010A 26 FB           BNE START0
 00018 010C C6 0B           LDA B #$0B  RESTORE W/LOAD         **tron 
 00019 010E F7 8018         STA B COMREG
 00020 0111 8D 2A           BSR RETURN
 00021 0113 F6 8018  LOOP1  LDA B COMREG
 00022 0116 C5 01           BIT B #1
 00023 0118 26 F9           BNE LOOP1
 00024 011A 7F 801A         CLR SECREG
 00025 011D 8D 1E           BSR RETURN
 00026 011F C6 9C           LDA B #$9C
 00027 0121 F7 8018         STA B COMREG
 00028 0124 8D 17           BSR RETURN
 00029 0126 CE 2400         LDX #$2400
 00030 0129 C5 02    LOOP2  BIT B #2
 00031 012B 27 06           BEQ LOOP3
 00032 012D B6 801B         LDA A DATREG
 00033 0130 A7 00           STA A 0,X
 00034 0132 08              INX
 00035 0133 F6 8018  LOOP3  LDA B COMREG
 00036 0136 C5 01           BIT B #1
 00037 0138 26 EF           BNE LOOP2
 00038 013A 7E 2400         JMP $2400
 00039 013D 39       RETURN RTS
 00040 013E                 END
